<?xml version="1.0" encoding="UTF-8"?>
<!-- Generated by org.testng.reporters.JUnitXMLReporter -->
<testsuite ignored="0" hostname="IgNOrEs-iMac.local" failures="0" tests="3" name="Command line test" time="0.218" errors="0" timestamp="2022-08-05T21:33:59 EEST">
  <testcase classname="testPages.TestBase" name="@BeforeSuite setup" time="0.116">
    <failure type="java.lang.IllegalStateException" message="The driver is not executable: /Users/ignore/Documents/Selenium/71_untitled/drivers/chromedriver.exe">
      <![CDATA[java.lang.IllegalStateException: The driver is not executable: /Users/ignore/Documents/Selenium/71_untitled/drivers/chromedriver.exe
at com.google.common.base.Preconditions.checkState(Preconditions.java:585)
at org.openqa.selenium.remote.service.DriverService.checkExecutable(DriverService.java:150)
at org.openqa.selenium.remote.service.DriverService.findExecutable(DriverService.java:141)
at org.openqa.selenium.chrome.ChromeDriverService.access$000(ChromeDriverService.java:35)
at org.openqa.selenium.chrome.ChromeDriverService$Builder.findDefaultExecutable(ChromeDriverService.java:159)
at org.openqa.selenium.remote.service.DriverService$Builder.build(DriverService.java:355)
at org.openqa.selenium.chrome.ChromeDriverService.createDefaultService(ChromeDriverService.java:94)
at org.openqa.selenium.chrome.ChromeDriver.<init>(ChromeDriver.java:123)
at baseMethods.BrowserSetup.BrowserName(BrowserSetup.java:24)
at testPages.TestBase.setup(TestBase.java:31)
... Removed 24 stack frames]]>
    </failure>
  </testcase> <!-- @BeforeSuite setup -->
  <testcase classname="testPages.TestBase" name="@AfterMethod screenshotOnFailure" time="-1.659724434678E9">
    <skipped/>
  </testcase> <!-- @AfterMethod screenshotOnFailure -->
  <testcase classname="testPages.TestRegistration" name="TestRegister" time="0.0">
    <skipped/>
  </testcase> <!-- TestRegister -->
  <testcase classname="testPages.TestRegistration" name="TestLogout" time="0.0">
    <skipped/>
  </testcase> <!-- TestLogout -->
  <testcase classname="testPages.TestRegistration" name="TestLogin" time="0.0">
    <skipped/>
  </testcase> <!-- TestLogin -->
</testsuite> <!-- Command line test -->
