<?xml version="1.0" encoding="UTF-8"?>
<!-- Generated by org.testng.reporters.JUnitReportReporter -->
<testsuite hostname="IgNOrEs-iMac.local" failures="0" tests="13" name="com.testautomationguru.container.test.OrderTest" time="0.008" errors="1" timestamp="19 Jul 2022 09:24:34 GMT" skipped="12">
  <testcase classname="com.testautomationguru.container.test.OrderTest" name="googleTest" time="0.000">
    <skipped/>
  </testcase> <!-- googleTest -->
  <testcase classname="com.testautomationguru.container.test.OrderTest" name="googleTest" time="0.000">
    <skipped/>
  </testcase> <!-- googleTest -->
  <testcase classname="com.testautomationguru.container.test.OrderTest" name="googleTest" time="0.000">
    <skipped/>
  </testcase> <!-- googleTest -->
  <testcase classname="com.testautomationguru.container.test.OrderTest" name="googleTest" time="0.000">
    <skipped/>
  </testcase> <!-- googleTest -->
  <testcase classname="com.testautomationguru.container.test.OrderTest" name="setUp" time="0.008">
    <error message="Cannot invoke &quot;String.equals(Object)&quot; because the return value of &quot;java.lang.System.getProperty(String)&quot; is null" type="java.lang.NullPointerException">
      <![CDATA[java.lang.NullPointerException: Cannot invoke "String.equals(Object)" because the return value of "java.lang.System.getProperty(String)" is null
	at com.testautomationguru.container.test.BaseTest.setUp(BaseTest.java:33)
	at com.testautomationguru.container.test.OrderTest.setUp(OrderTest.java:20)
	at java.base/jdk.internal.reflect.DirectMethodHandleAccessor.invoke(DirectMethodHandleAccessor.java:104)
	at java.base/java.lang.reflect.Method.invoke(Method.java:577)
	at org.testng.internal.MethodInvocationHelper.invokeMethod(MethodInvocationHelper.java:108)
	at org.testng.internal.Invoker.invokeConfigurationMethod(Invoker.java:523)
	at org.testng.internal.Invoker.invokeConfigurations(Invoker.java:224)
	at org.testng.internal.Invoker.invokeConfigurations(Invoker.java:146)
	at org.testng.TestRunner.beforeRun(TestRunner.java:626)
	at org.testng.TestRunner.run(TestRunner.java:594)
	at org.testng.SuiteRunner.runTest(SuiteRunner.java:380)
	at org.testng.SuiteRunner.runSequentially(SuiteRunner.java:375)
	at org.testng.SuiteRunner.privateRun(SuiteRunner.java:340)
	at org.testng.SuiteRunner.run(SuiteRunner.java:289)
	at org.testng.SuiteRunnerWorker.runSuite(SuiteRunnerWorker.java:52)
	at org.testng.SuiteRunnerWorker.run(SuiteRunnerWorker.java:86)
	at org.testng.TestNG.runSuitesSequentially(TestNG.java:1301)
	at org.testng.TestNG.runSuitesLocally(TestNG.java:1226)
	at org.testng.TestNG.runSuites(TestNG.java:1144)
	at org.testng.TestNG.run(TestNG.java:1115)
	at org.apache.maven.surefire.testng.TestNGExecutor.run(TestNGExecutor.java:135)
	at org.apache.maven.surefire.testng.TestNGDirectoryTestSuite.executeMulti(TestNGDirectoryTestSuite.java:193)
	at org.apache.maven.surefire.testng.TestNGDirectoryTestSuite.execute(TestNGDirectoryTestSuite.java:94)
	at org.apache.maven.surefire.testng.TestNGProvider.invoke(TestNGProvider.java:146)
	at org.apache.maven.surefire.booter.ForkedBooter.invokeProviderInSameClassLoader(ForkedBooter.java:386)
	at org.apache.maven.surefire.booter.ForkedBooter.runSuitesInProcess(ForkedBooter.java:323)
	at org.apache.maven.surefire.booter.ForkedBooter.main(ForkedBooter.java:143)
]]>
    </error>
  </testcase> <!-- setUp -->
  <testcase classname="com.testautomationguru.container.test.OrderTest" name="googleTest" time="0.000">
    <skipped/>
  </testcase> <!-- googleTest -->
  <testcase classname="com.testautomationguru.container.test.OrderTest" name="googleTest" time="0.000">
    <skipped/>
  </testcase> <!-- googleTest -->
  <testcase classname="com.testautomationguru.container.test.OrderTest" name="googleTest" time="0.000">
    <skipped/>
  </testcase> <!-- googleTest -->
  <testcase classname="com.testautomationguru.container.test.OrderTest" name="googleTest" time="0.000">
    <skipped/>
  </testcase> <!-- googleTest -->
  <testcase classname="com.testautomationguru.container.test.OrderTest" name="googleTest" time="0.000">
    <skipped/>
  </testcase> <!-- googleTest -->
  <testcase classname="com.testautomationguru.container.test.OrderTest" name="googleTest" time="0.000">
    <skipped/>
  </testcase> <!-- googleTest -->
  <testcase classname="com.testautomationguru.container.test.OrderTest" name="googleTest" time="0.000">
    <skipped/>
  </testcase> <!-- googleTest -->
  <testcase classname="com.testautomationguru.container.test.OrderTest" name="googleTest" time="0.000">
    <skipped/>
  </testcase> <!-- googleTest -->
</testsuite> <!-- com.testautomationguru.container.test.OrderTest -->
