<?xml version="1.0" encoding="UTF-8"?>
<!-- Generated by org.testng.reporters.JUnitXMLReporter -->
<testsuite ignored="0" hostname="IgNOrEs-iMac.local" failures="1" tests="3" name="onchrome" time="27.841" errors="0" timestamp="2022-08-06T22:40:51 EEST">
  <testcase classname="test.Day1" name="@BeforeClass beforeClass" time="22.014">
    <failure type="java.lang.NullPointerException" message="Cannot invoke &amp;quot;org.openqa.selenium.WebDriver.manage()&amp;quot; because &amp;quot;this.driver&amp;quot; is null">
      <![CDATA[java.lang.NullPointerException: Cannot invoke "org.openqa.selenium.WebDriver.manage()" because "this.driver" is null
at day1pages.BrowserAction.maxBrowser(BrowserAction.java:69)
at test.Day1.beforeClass(Day1.java:30)
at java.base/java.util.ArrayList.forEach(ArrayList.java:1511)
at java.base/java.util.concurrent.FutureTask.run(FutureTask.java:264)
at java.base/java.util.concurrent.ThreadPoolExecutor.runWorker(ThreadPoolExecutor.java:1136)
at java.base/java.util.concurrent.ThreadPoolExecutor$Worker.run(ThreadPoolExecutor.java:635)
at java.base/java.lang.Thread.run(Thread.java:833)
... Removed 14 stack frames]]>
    </failure>
  </testcase> <!-- @BeforeClass beforeClass -->
  <testcase classname="test.Day1" name="@AfterMethod screenshotOnFail" time="-1.659814851117E9">
    <skipped/>
  </testcase> <!-- @AfterMethod screenshotOnFail -->
  <testcase classname="test.Day1" name="@AfterMethod screenshotOnFail" time="-1.659814851121E9">
    <skipped/>
  </testcase> <!-- @AfterMethod screenshotOnFail -->
  <testcase classname="test.Day1" name="@AfterMethod screenshotOnFail" time="-1.659814851126E9">
    <skipped/>
  </testcase> <!-- @AfterMethod screenshotOnFail -->
  <testcase classname="test.Day1" name="@AfterTest afterClass" time="-1.659814851129E9">
    <skipped/>
  </testcase> <!-- @AfterTest afterClass -->
  <testcase classname="test.Day1" name="@AfterMethod screenshotOnFail" time="0.004">
    <failure type="java.lang.NullPointerException" message="Cannot invoke &amp;quot;org.openqa.selenium.TakesScreenshot.getScreenshotAs(org.openqa.selenium.OutputType)&amp;quot; because &amp;quot;driver&amp;quot; is null">
      <![CDATA[java.lang.NullPointerException: Cannot invoke "org.openqa.selenium.TakesScreenshot.getScreenshotAs(org.openqa.selenium.OutputType)" because "driver" is null
at utility.HelperClass.screenshotMethod(HelperClass.java:19)
at test.Day1.screenshotOnFail(Day1.java:59)
at java.base/java.util.ArrayList.forEach(ArrayList.java:1511)
at java.base/java.util.concurrent.FutureTask.run(FutureTask.java:264)
at java.base/java.util.concurrent.ThreadPoolExecutor.runWorker(ThreadPoolExecutor.java:1136)
at java.base/java.util.concurrent.ThreadPoolExecutor$Worker.run(ThreadPoolExecutor.java:635)
at java.base/java.lang.Thread.run(Thread.java:833)
... Removed 21 stack frames]]>
    </failure>
  </testcase> <!-- @AfterMethod screenshotOnFail -->
  <testcase classname="test.Day1" name="@AfterMethod screenshotOnFail" time="-1.659814851899E9">
    <skipped/>
  </testcase> <!-- @AfterMethod screenshotOnFail -->
  <testcase classname="test.Day1" name="@AfterMethod screenshotOnFail" time="-1.659814851904E9">
    <skipped/>
  </testcase> <!-- @AfterMethod screenshotOnFail -->
  <testcase classname="test.Day1" name="@AfterTest afterClass" time="-1.659814851905E9">
    <skipped/>
  </testcase> <!-- @AfterTest afterClass -->
  <testcase classname="test.Day1" name="validateOnPrice1" time="19.964">
    <failure type="java.lang.NoClassDefFoundError" message="org/openqa/selenium/WrapsDriver">
      <![CDATA[java.lang.NoClassDefFoundError: org/openqa/selenium/WrapsDriver
at org.openqa.selenium.support.ui.WebDriverWait.timeoutException(WebDriverWait.java:97)
at org.openqa.selenium.support.ui.FluentWait.until(FluentWait.java:272)
at day1pages.Util.validation(Util.java:31)
at day1pages.Util.clickOnButton(Util.java:47)
at day1pages.LevelSetHomePage.clickOnCreateADocument(LevelSetHomePage.java:28)
at test.Day1.validateOnPrice1(Day1.java:51)
at java.base/java.util.ArrayList.forEach(ArrayList.java:1511)
at java.base/java.util.concurrent.FutureTask.run(FutureTask.java:264)
at java.base/java.util.concurrent.ThreadPoolExecutor.runWorker(ThreadPoolExecutor.java:1136)
at java.base/java.util.concurrent.ThreadPoolExecutor$Worker.run(ThreadPoolExecutor.java:635)
at java.base/java.lang.Thread.run(Thread.java:833)
Caused by: java.lang.ClassNotFoundException: org.openqa.selenium.WrapsDriver
at java.base/jdk.internal.loader.BuiltinClassLoader.loadClass(BuiltinClassLoader.java:641)
at java.base/jdk.internal.loader.ClassLoaders$AppClassLoader.loadClass(ClassLoaders.java:188)
at java.base/java.lang.ClassLoader.loadClass(ClassLoader.java:521)
... 27 more
... Removed 16 stack frames]]>
    </failure>
  </testcase> <!-- validateOnPrice1 -->
  <testcase classname="test.Day1" name="validateOnPrice1" time="0.0">
    <skipped/>
  </testcase> <!-- validateOnPrice1 -->
  <testcase classname="test.Day1" name="validateOnPrice1" time="0.0">
    <skipped/>
  </testcase> <!-- validateOnPrice1 -->
</testsuite> <!-- onchrome -->
