<?xml version="1.0" encoding="UTF-8"?>
<!-- Generated by org.testng.reporters.JUnitXMLReporter -->
<testsuite ignored="0" hostname="IgNOrEs-iMac.local" failures="3" tests="3" name="Surefire test" time="56.171" errors="0" timestamp="2022-08-07T13:35:32 EEST">
  <testcase classname="test.Day1" name="validateOnPrice1" time="19.127">
    <failure type="java.lang.NoClassDefFoundError" message="org/openqa/selenium/WrapsDriver">
      <![CDATA[java.lang.NoClassDefFoundError: org/openqa/selenium/WrapsDriver
at org.openqa.selenium.support.ui.WebDriverWait.timeoutException(WebDriverWait.java:97)
at org.openqa.selenium.support.ui.FluentWait.until(FluentWait.java:272)
at day1pages.Util.validation(Util.java:31)
at day1pages.Util.clickOnButton(Util.java:44)
at day1pages.LevelSetHomePage.clickOnCreateADocument(LevelSetHomePage.java:30)
at test.Day1.validateOnPrice1(Day1.java:59)
at java.base/java.util.ArrayList.forEach(ArrayList.java:1511)
Caused by: java.lang.ClassNotFoundException: org.openqa.selenium.WrapsDriver
at java.base/jdk.internal.loader.BuiltinClassLoader.loadClass(BuiltinClassLoader.java:641)
at java.base/jdk.internal.loader.ClassLoaders$AppClassLoader.loadClass(ClassLoaders.java:188)
at java.base/java.lang.ClassLoader.loadClass(ClassLoader.java:521)
... 36 more
... Removed 29 stack frames]]>
    </failure>
  </testcase> <!-- validateOnPrice1 -->
  <testcase classname="test.Day1" name="validateOnPrice1" time="17.181">
    <failure type="java.lang.NoClassDefFoundError" message="org/openqa/selenium/WrapsDriver">
      <![CDATA[java.lang.NoClassDefFoundError: org/openqa/selenium/WrapsDriver
at org.openqa.selenium.support.ui.WebDriverWait.timeoutException(WebDriverWait.java:97)
at org.openqa.selenium.support.ui.FluentWait.until(FluentWait.java:272)
at day1pages.Util.validation(Util.java:31)
at day1pages.Util.clickOnButton(Util.java:44)
at day1pages.LevelSetHomePage.clickOnCreateADocument(LevelSetHomePage.java:30)
at test.Day1.validateOnPrice1(Day1.java:59)
at java.base/java.util.ArrayList.forEach(ArrayList.java:1511)
Caused by: java.lang.ClassNotFoundException: org.openqa.selenium.WrapsDriver
... 36 more
... Removed 29 stack frames]]>
    </failure>
  </testcase> <!-- validateOnPrice1 -->
  <testcase classname="test.Day1" name="validateOnPrice1" time="16.917">
    <failure type="java.lang.NoClassDefFoundError" message="org/openqa/selenium/WrapsDriver">
      <![CDATA[java.lang.NoClassDefFoundError: org/openqa/selenium/WrapsDriver
at org.openqa.selenium.support.ui.WebDriverWait.timeoutException(WebDriverWait.java:97)
at org.openqa.selenium.support.ui.FluentWait.until(FluentWait.java:272)
at day1pages.Util.validation(Util.java:31)
at day1pages.Util.clickOnButton(Util.java:44)
at day1pages.LevelSetHomePage.clickOnCreateADocument(LevelSetHomePage.java:30)
at test.Day1.validateOnPrice1(Day1.java:59)
at java.base/java.util.ArrayList.forEach(ArrayList.java:1511)
Caused by: java.lang.ClassNotFoundException: org.openqa.selenium.WrapsDriver
... 36 more
... Removed 29 stack frames]]>
    </failure>
  </testcase> <!-- validateOnPrice1 -->
</testsuite> <!-- Surefire test -->
