<?xml version="1.0" encoding="UTF-8"?>
<!-- Generated by org.testng.reporters.JUnitXMLReporter -->
<testsuite ignored="0" hostname="IgNOrEs-iMac.local" failures="1" tests="1" name="Command line test" time="42.101" errors="0" timestamp="2022-08-05T18:57:41 EEST">
  <testcase classname="com.step2qa.HeadlessPhantomJS" name="open_headless_phantomJS" time="5.74">
    <failure type="org.openqa.selenium.NoSuchElementException" message="{&amp;quot;errorMessage&amp;quot;:&amp;quot;Unable to find element with xpath &amp;apos;//ol//a[contains(text(),&amp;apos;Elevate Quality Engineering&amp;apos;)]&amp;apos;&amp;quot;,&amp;quot;request&amp;quot;:{&amp;quot;headers&amp;quot;:{&amp;quot;Accept-Encoding&amp;quot;:&amp;quot;gzip&amp;quot;,&amp;quot;Connection&amp;quot;:&amp;quot;Keep-Alive&amp;quot;,&amp;quot;Content-Length&amp;quot;:&amp;quot;112&amp;quot;,&amp;quot;Content-Type&amp;quot;:&amp;quot;application/json; charset=utf-8&amp;quot;,&amp;quot;Host&amp;quot;:&amp;quot;localhost:33627&amp;quot;,&amp;quot;User-Agent&amp;quot;:&amp;quot;selenium/3.141.59 (java mac)&amp;quot;},&amp;quot;httpVersion&amp;quot;:&amp;quot;1.1&amp;quot;,&amp;quot;method&amp;quot;:&amp;quot;POST&amp;quot;,&amp;quot;post&amp;quot;:&amp;quot;{\n  \&amp;quot;using\&amp;quot;: \&amp;quot;xpath\&amp;quot;,\n  \&amp;quot;value\&amp;quot;: \&amp;quot;\\u002f\\u002fol\\u002f\\u002fa[contains(text(),&amp;apos;Elevate Quality Engineering&amp;apos;)]\&amp;quot;\n}&amp;quot;,&amp;quot;url&amp;quot;:&amp;quot;/element&amp;quot;,&amp;quot;urlParsed&amp;quot;:{&amp;quot;anchor&amp;quot;:&amp;quot;&amp;quot;,&amp;quot;query&amp;quot;:&amp;quot;&amp;quot;,&amp;quot;file&amp;quot;:&amp;quot;element&amp;quot;,&amp;quot;directory&amp;quot;:&amp;quot;/&amp;quot;,&amp;quot;path&amp;quot;:&amp;quot;/element&amp;quot;,&amp;quot;relative&amp;quot;:&amp;quot;/element&amp;quot;,&amp;quot;port&amp;quot;:&amp;quot;&amp;quot;,&amp;quot;host&amp;quot;:&amp;quot;&amp;quot;,&amp;quot;password&amp;quot;:&amp;quot;&amp;quot;,&amp;quot;user&amp;quot;:&amp;quot;&amp;quot;,&amp;quot;userInfo&amp;quot;:&amp;quot;&amp;quot;,&amp;quot;authority&amp;quot;:&amp;quot;&amp;quot;,&amp;quot;protocol&amp;quot;:&amp;quot;&amp;quot;,&amp;quot;source&amp;quot;:&amp;quot;/element&amp;quot;,&amp;quot;queryKey&amp;quot;:{},&amp;quot;chunks&amp;quot;:[&amp;quot;element&amp;quot;]},&amp;quot;urlOriginal&amp;quot;:&amp;quot;/session/4c1b38d0-14d7-11ed-96f0-9f0758dba53e/element&amp;quot;}}
Command duration or timeout: 0 milliseconds">
      <![CDATA[org.openqa.selenium.NoSuchElementException: {"errorMessage":"Unable to find element with xpath '//ol//a[contains(text(),'Elevate Quality Engineering')]'","request":{"headers":{"Accept-Encoding":"gzip","Connection":"Keep-Alive","Content-Length":"112","Content-Type":"application/json; charset=utf-8","Host":"localhost:33627","User-Agent":"selenium/3.141.59 (java mac)"},"httpVersion":"1.1","method":"POST","post":"{\n  \"using\": \"xpath\",\n  \"value\": \"\\u002f\\u002fol\\u002f\\u002fa[contains(text(),'Elevate Quality Engineering')]\"\n}","url":"/element","urlParsed":{"anchor":"","query":"","file":"element","directory":"/","path":"/element","relative":"/element","port":"","host":"","password":"","user":"","userInfo":"","authority":"","protocol":"","source":"/element","queryKey":{},"chunks":["element"]},"urlOriginal":"/session/4c1b38d0-14d7-11ed-96f0-9f0758dba53e/element"}}
Command duration or timeout: 0 milliseconds
at org.openqa.selenium.remote.ErrorHandler.createThrowable(ErrorHandler.java:214)
at org.openqa.selenium.remote.ErrorHandler.throwIfResponseFailed(ErrorHandler.java:166)
at org.openqa.selenium.remote.http.JsonHttpResponseCodec.reconstructValue(JsonHttpResponseCodec.java:40)
at org.openqa.selenium.remote.http.AbstractHttpResponseCodec.decode(AbstractHttpResponseCodec.java:80)
at org.openqa.selenium.remote.http.AbstractHttpResponseCodec.decode(AbstractHttpResponseCodec.java:44)
at org.openqa.selenium.remote.HttpCommandExecutor.execute(HttpCommandExecutor.java:158)
at org.openqa.selenium.phantomjs.PhantomJSCommandExecutor.execute(PhantomJSCommandExecutor.java:82)
at org.openqa.selenium.remote.RemoteWebDriver.execute(RemoteWebDriver.java:552)
at org.openqa.selenium.remote.RemoteWebDriver.findElement(RemoteWebDriver.java:323)
at org.openqa.selenium.remote.RemoteWebDriver.findElementByXPath(RemoteWebDriver.java:428)
at org.openqa.selenium.By$ByXPath.findElement(By.java:353)
at org.openqa.selenium.remote.RemoteWebDriver.findElement(RemoteWebDriver.java:315)
at com.step2qa.HeadlessPhantomJS.open_headless_phantomJS(HeadlessPhantomJS.java:49)
Caused by: org.openqa.selenium.remote.ScreenshotException: Screen shot has been taken
at org.openqa.selenium.remote.ErrorHandler.throwIfResponseFailed(ErrorHandler.java:140)
... 43 more
Caused by: org.openqa.selenium.NoSuchElementException: {"errorMessage":"Unable to find element with xpath '//ol//a[contains(text(),'Elevate Quality Engineering')]'","request":{"headers":{"Accept-Encoding":"gzip","Connection":"Keep-Alive","Content-Length":"112","Content-Type":"application/json; charset=utf-8","Host":"localhost:33627","User-Agent":"selenium/3.141.59 (java mac)"},"httpVersion":"1.1","method":"POST","post":"{\n  \"using\": \"xpath\",\n  \"value\": \"\\u002f\\u002fol\\u002f\\u002fa[contains(text(),'Elevate Quality Engineering')]\"\n}","url":"/element","urlParsed":{"anchor":"","query":"","file":"element","directory":"/","path":"/element","relative":"/element","port":"","host":"","password":"","user":"","userInfo":"","authority":"","protocol":"","source":"/element","queryKey":{},"chunks":["element"]},"urlOriginal":"/session/4c1b38d0-14d7-11ed-96f0-9f0758dba53e/element"}}
For documentation on this error, please visit: https://www.seleniumhq.org/exceptions/no_such_element.html
Build info: version: '3.141.59', revision: 'e82be7d358', time: '2018-11-14T08:17:03'
System info: host: 'IgNOrEs-iMac.local', ip: 'fd94:a79a:9ca5:0:44c0:6ed0:bdd5:8d18%en0', os.name: 'Mac OS X', os.arch: 'x86_64', os.version: '10.15.7', java.version: '18.0.1.1'
Driver info: driver.version: unknown
... Removed 35 stack frames]]>
    </failure>
  </testcase> <!-- open_headless_phantomJS -->
</testsuite> <!-- Command line test -->
