<?xml version="1.0" encoding="UTF-8"?>
<!-- Generated by org.testng.reporters.JUnitXMLReporter -->
<testsuite ignored="27" hostname="c4964ff105f3" failures="0" tests="44" name="Surefire test" time="6.184" errors="0" timestamp="2022-09-06T13:49:47 UTC">
  <testcase classname="tests.TestBase" name="@BeforeSuite startDriver" time="21.792">
    <failure type="org.openqa.selenium.WebDriverException" message="Timed out waiting for driver server to start.
Build info: version: &amp;apos;3.14.0&amp;apos;, revision: &amp;apos;aacccce0&amp;apos;, time: &amp;apos;2018-08-02T20:19:58.91Z&amp;apos;
System info: host: &amp;apos;c4964ff105f3&amp;apos;, ip: &amp;apos;172.17.0.2&amp;apos;, os.name: &amp;apos;Linux&amp;apos;, os.arch: &amp;apos;amd64&amp;apos;, os.version: &amp;apos;5.10.104-linuxkit&amp;apos;, java.version: &amp;apos;17.0.4.1&amp;apos;
Driver info: driver.version: ChromeDriver">
      <![CDATA[org.openqa.selenium.WebDriverException: Timed out waiting for driver server to start.
Build info: version: '3.14.0', revision: 'aacccce0', time: '2018-08-02T20:19:58.91Z'
System info: host: 'c4964ff105f3', ip: '172.17.0.2', os.name: 'Linux', os.arch: 'amd64', os.version: '5.10.104-linuxkit', java.version: '17.0.4.1'
Driver info: driver.version: ChromeDriver
at org.openqa.selenium.remote.service.DriverService.waitUntilAvailable(DriverService.java:193)
at org.openqa.selenium.remote.service.DriverService.start(DriverService.java:179)
at org.openqa.selenium.remote.service.DriverCommandExecutor.execute(DriverCommandExecutor.java:79)
at org.openqa.selenium.remote.RemoteWebDriver.execute(RemoteWebDriver.java:548)
at org.openqa.selenium.remote.RemoteWebDriver.startSession(RemoteWebDriver.java:212)
at org.openqa.selenium.remote.RemoteWebDriver.<init>(RemoteWebDriver.java:130)
at org.openqa.selenium.chrome.ChromeDriver.<init>(ChromeDriver.java:181)
at org.openqa.selenium.chrome.ChromeDriver.<init>(ChromeDriver.java:168)
at org.openqa.selenium.chrome.ChromeDriver.<init>(ChromeDriver.java:157)
at tests.TestBase.startDriver(TestBase.java:90)
Caused by: org.openqa.selenium.net.UrlChecker$TimeoutException: Timed out waiting for [http://localhost:10999/status] to be available after 20008 ms
at org.openqa.selenium.net.UrlChecker.waitUntilAvailable(UrlChecker.java:100)
at org.openqa.selenium.remote.service.DriverService.waitUntilAvailable(DriverService.java:188)
... 32 more
Caused by: java.util.concurrent.TimeoutException
at java.base/java.util.concurrent.FutureTask.get(FutureTask.java:204)
at com.google.common.util.concurrent.SimpleTimeLimiter.callWithTimeout(SimpleTimeLimiter.java:156)
at org.openqa.selenium.net.UrlChecker.waitUntilAvailable(UrlChecker.java:75)
... 33 more
... Removed 23 stack frames]]>
    </failure>
  </testcase> <!-- @BeforeSuite startDriver -->
  <testcase classname="tests.TestBase" name="@AfterMethod takeScreenshotOnFailure" time="-1.662472184346E9">
    <skipped/>
  </testcase> <!-- @AfterMethod takeScreenshotOnFailure -->
  <testcase classname="tests.TestBase" name="@AfterMethod takeScreenshotOnFailure" time="-1.662472184579E9">
    <skipped/>
  </testcase> <!-- @AfterMethod takeScreenshotOnFailure -->
  <testcase classname="tests.TestBase" name="@AfterMethod takeScreenshotOnFailure" time="-1.662472184604E9">
    <skipped/>
  </testcase> <!-- @AfterMethod takeScreenshotOnFailure -->
  <testcase classname="tests.TestBase" name="@AfterMethod takeScreenshotOnFailure" time="-1.662472184638E9">
    <skipped/>
  </testcase> <!-- @AfterMethod takeScreenshotOnFailure -->
  <testcase classname="tests.TestBase" name="@AfterMethod takeScreenshotOnFailure" time="-1.66247218498E9">
    <skipped/>
  </testcase> <!-- @AfterMethod takeScreenshotOnFailure -->
  <testcase classname="tests.TestBase" name="@AfterMethod takeScreenshotOnFailure" time="-1.662472185069E9">
    <skipped/>
  </testcase> <!-- @AfterMethod takeScreenshotOnFailure -->
  <testcase classname="tests.TestBase" name="@AfterMethod takeScreenshotOnFailure" time="-1.662472185106E9">
    <skipped/>
  </testcase> <!-- @AfterMethod takeScreenshotOnFailure -->
  <testcase classname="tests.TestBase" name="@AfterMethod takeScreenshotOnFailure" time="-1.662472185197E9">
    <skipped/>
  </testcase> <!-- @AfterMethod takeScreenshotOnFailure -->
  <testcase classname="tests.TestBase" name="@AfterMethod takeScreenshotOnFailure" time="-1.662472185356E9">
    <skipped/>
  </testcase> <!-- @AfterMethod takeScreenshotOnFailure -->
  <testcase classname="tests.TestBase" name="@AfterMethod takeScreenshotOnFailure" time="-1.662472185384E9">
    <skipped/>
  </testcase> <!-- @AfterMethod takeScreenshotOnFailure -->
  <testcase classname="tests.TestBase" name="@AfterMethod takeScreenshotOnFailure" time="-1.662472185476E9">
    <skipped/>
  </testcase> <!-- @AfterMethod takeScreenshotOnFailure -->
  <testcase classname="tests.TestBase" name="@AfterMethod takeScreenshotOnFailure" time="-1.662472185502E9">
    <skipped/>
  </testcase> <!-- @AfterMethod takeScreenshotOnFailure -->
  <testcase classname="tests.TestBase" name="@AfterMethod takeScreenshotOnFailure" time="-1.662472185531E9">
    <skipped/>
  </testcase> <!-- @AfterMethod takeScreenshotOnFailure -->
  <testcase classname="tests.TestBase" name="@AfterMethod takeScreenshotOnFailure" time="-1.662472185765E9">
    <skipped/>
  </testcase> <!-- @AfterMethod takeScreenshotOnFailure -->
  <testcase classname="tests.TestBase" name="@AfterMethod takeScreenshotOnFailure" time="-1.662472185855E9">
    <skipped/>
  </testcase> <!-- @AfterMethod takeScreenshotOnFailure -->
  <testcase classname="tests.TestBase" name="@AfterMethod takeScreenshotOnFailure" time="-1.662472185874E9">
    <skipped/>
  </testcase> <!-- @AfterMethod takeScreenshotOnFailure -->
  <testcase classname="tests.TestBase" name="@AfterMethod takeScreenshotOnFailure" time="-1.662472185931E9">
    <skipped/>
  </testcase> <!-- @AfterMethod takeScreenshotOnFailure -->
  <testcase classname="tests.TestBase" name="@AfterMethod takeScreenshotOnFailure" time="-1.662472185956E9">
    <skipped/>
  </testcase> <!-- @AfterMethod takeScreenshotOnFailure -->
  <testcase classname="tests.TestBase" name="@AfterMethod takeScreenshotOnFailure" time="-1.662472186048E9">
    <skipped/>
  </testcase> <!-- @AfterMethod takeScreenshotOnFailure -->
  <testcase classname="tests.TestBase" name="@AfterMethod takeScreenshotOnFailure" time="-1.662472186067E9">
    <skipped/>
  </testcase> <!-- @AfterMethod takeScreenshotOnFailure -->
  <testcase classname="tests.TestBase" name="@AfterMethod takeScreenshotOnFailure" time="-1.662472186103E9">
    <skipped/>
  </testcase> <!-- @AfterMethod takeScreenshotOnFailure -->
  <testcase classname="tests.TestBase" name="@AfterMethod takeScreenshotOnFailure" time="-1.66247218612E9">
    <skipped/>
  </testcase> <!-- @AfterMethod takeScreenshotOnFailure -->
  <testcase classname="tests.TestBase" name="@AfterMethod takeScreenshotOnFailure" time="-1.662472186279E9">
    <skipped/>
  </testcase> <!-- @AfterMethod takeScreenshotOnFailure -->
  <testcase classname="tests.TestBase" name="@AfterMethod takeScreenshotOnFailure" time="-1.662472186351E9">
    <skipped/>
  </testcase> <!-- @AfterMethod takeScreenshotOnFailure -->
  <testcase classname="tests.TestBase" name="@AfterMethod takeScreenshotOnFailure" time="-1.662472186411E9">
    <skipped/>
  </testcase> <!-- @AfterMethod takeScreenshotOnFailure -->
  <testcase classname="tests.TestBase" name="@AfterMethod takeScreenshotOnFailure" time="-1.662472186435E9">
    <skipped/>
  </testcase> <!-- @AfterMethod takeScreenshotOnFailure -->
  <testcase classname="tests.TestBase" name="@AfterMethod takeScreenshotOnFailure" time="-1.662472186455E9">
    <skipped/>
  </testcase> <!-- @AfterMethod takeScreenshotOnFailure -->
  <testcase classname="tests.TestBase" name="@AfterMethod takeScreenshotOnFailure" time="-1.662472186529E9">
    <skipped/>
  </testcase> <!-- @AfterMethod takeScreenshotOnFailure -->
  <testcase classname="tests.TestBase" name="@AfterMethod takeScreenshotOnFailure" time="-1.662472186711E9">
    <skipped/>
  </testcase> <!-- @AfterMethod takeScreenshotOnFailure -->
  <testcase classname="tests.TestBase" name="@AfterMethod takeScreenshotOnFailure" time="-1.662472186733E9">
    <skipped/>
  </testcase> <!-- @AfterMethod takeScreenshotOnFailure -->
  <testcase classname="tests.TestBase" name="@AfterMethod takeScreenshotOnFailure" time="-1.662472186751E9">
    <skipped/>
  </testcase> <!-- @AfterMethod takeScreenshotOnFailure -->
  <testcase classname="tests.TestBase" name="@AfterMethod takeScreenshotOnFailure" time="-1.662472186779E9">
    <skipped/>
  </testcase> <!-- @AfterMethod takeScreenshotOnFailure -->
  <testcase classname="tests.TestBase" name="@AfterMethod takeScreenshotOnFailure" time="-1.662472186845E9">
    <skipped/>
  </testcase> <!-- @AfterMethod takeScreenshotOnFailure -->
  <testcase classname="tests.TestBase" name="@AfterMethod takeScreenshotOnFailure" time="-1.662472186867E9">
    <skipped/>
  </testcase> <!-- @AfterMethod takeScreenshotOnFailure -->
  <testcase classname="tests.TestBase" name="@AfterMethod takeScreenshotOnFailure" time="-1.662472186883E9">
    <skipped/>
  </testcase> <!-- @AfterMethod takeScreenshotOnFailure -->
  <testcase classname="tests.TestBase" name="@AfterMethod takeScreenshotOnFailure" time="-1.6624721869E9">
    <skipped/>
  </testcase> <!-- @AfterMethod takeScreenshotOnFailure -->
  <testcase classname="tests.TestBase" name="@AfterMethod takeScreenshotOnFailure" time="-1.66247218696E9">
    <skipped/>
  </testcase> <!-- @AfterMethod takeScreenshotOnFailure -->
  <testcase classname="tests.SeleniumGridTestBase" name="@BeforeClass setUp" time="-1.662472186977E9">
    <skipped/>
  </testcase> <!-- @BeforeClass setUp -->
  <testcase classname="tests.SeleniumGridTestBase" name="@AfterMethod screenshotOnFailure" time="-1.662472186993E9">
    <skipped/>
  </testcase> <!-- @AfterMethod screenshotOnFailure -->
  <testcase classname="tests.SeleniumGridTestBase" name="@AfterMethod screenshotOnFailure" time="-1.662472187013E9">
    <skipped/>
  </testcase> <!-- @AfterMethod screenshotOnFailure -->
  <testcase classname="tests.SeleniumGridTestBase" name="@AfterMethod screenshotOnFailure" time="-1.662472187034E9">
    <skipped/>
  </testcase> <!-- @AfterMethod screenshotOnFailure -->
  <testcase classname="tests.SeleniumGridTestBase" name="@AfterMethod screenshotOnFailure" time="-1.662472187056E9">
    <skipped/>
  </testcase> <!-- @AfterMethod screenshotOnFailure -->
  <testcase classname="tests.SeleniumGridTestBase" name="@AfterClass stopDriver" time="-1.662472187062E9">
    <skipped/>
  </testcase> <!-- @AfterClass stopDriver -->
  <testcase classname="tests.TestBase" name="@AfterMethod takeScreenshotOnFailure" time="-1.662472187157E9">
    <skipped/>
  </testcase> <!-- @AfterMethod takeScreenshotOnFailure -->
  <testcase classname="tests.TestBase" name="@AfterMethod takeScreenshotOnFailure" time="-1.662472187177E9">
    <skipped/>
  </testcase> <!-- @AfterMethod takeScreenshotOnFailure -->
  <testcase classname="tests.TestBase" name="@AfterMethod takeScreenshotOnFailure" time="-1.662472187199E9">
    <skipped/>
  </testcase> <!-- @AfterMethod takeScreenshotOnFailure -->
  <testcase classname="tests.AddReviewPageTest" name="testRegistrationPage" time="0.0">
    <skipped/>
  </testcase> <!-- testRegistrationPage -->
  <testcase classname="tests.AddReviewPageTest" name="searchForItem" time="0.0">
    <skipped/>
  </testcase> <!-- searchForItem -->
  <testcase classname="tests.AddReviewPageTest" name="addProductReview" time="0.0">
    <skipped/>
  </testcase> <!-- addProductReview -->
  <testcase classname="tests.AddReviewPageTest" name="testClickingLogout" time="0.0">
    <skipped/>
  </testcase> <!-- testClickingLogout -->
  <testcase classname="tests.AddToCartPageTest" name="searchForItemAndAddItToCart" time="0.0">
    <skipped/>
  </testcase> <!-- searchForItemAndAddItToCart -->
  <testcase classname="tests.AddToCartPageTest" name="userCanAddToCart" time="0.0">
    <skipped/>
  </testcase> <!-- userCanAddToCart -->
  <testcase classname="tests.AddToCartPageTest" name="userCanChangeQuantity" time="0.0">
    <skipped/>
  </testcase> <!-- userCanChangeQuantity -->
  <testcase classname="tests.AddToCartPageTest" name="userCanClearCart" time="0.0">
    <skipped/>
  </testcase> <!-- userCanClearCart -->
  <testcase classname="tests.AddToCompareListTest" name="searchForItemsAndAddThemToCompareList" time="0.0">
    <skipped/>
  </testcase> <!-- searchForItemsAndAddThemToCompareList -->
  <testcase classname="tests.AddToCompareListTest" name="clearCompareListItems" time="0.0">
    <skipped/>
  </testcase> <!-- clearCompareListItems -->
  <testcase classname="tests.ChangeCurrencyTest" name="userCanChangecurrency" time="0.0">
    <skipped/>
  </testcase> <!-- userCanChangecurrency -->
  <testcase classname="tests.ChangeCurrencyTest" name="searchForItemUsingAutoSuggession" time="0.0">
    <skipped/>
  </testcase> <!-- searchForItemUsingAutoSuggession -->
  <testcase classname="tests.ChangeCurrencyTest" name="userCanChangecurrencyAgain" time="0.0">
    <skipped/>
  </testcase> <!-- userCanChangecurrencyAgain -->
  <testcase classname="tests.ContactUsPageTest" name="fillContactUsForm" time="0.0">
    <skipped/>
  </testcase> <!-- fillContactUsForm -->
  <testcase classname="tests.EmailFriendPageTest" name="testRegistrationPage" time="0.0">
    <skipped/>
  </testcase> <!-- testRegistrationPage -->
  <testcase classname="tests.EmailFriendPageTest" name="searchForItem" time="0.0">
    <skipped/>
  </testcase> <!-- searchForItem -->
  <testcase classname="tests.EmailFriendPageTest" name="emailAFriend" time="0.0">
    <skipped/>
  </testcase> <!-- emailAFriend -->
  <testcase classname="tests.EmailFriendPageTest" name="testClickingLogout" time="0.0">
    <skipped/>
  </testcase> <!-- testClickingLogout -->
  <testcase classname="tests.GuestCheckoutTest" name="searchForItemAndAddItToCart" time="0.0">
    <skipped/>
  </testcase> <!-- searchForItemAndAddItToCart -->
  <testcase classname="tests.GuestCheckoutTest" name="userCanAddToCart" time="0.0">
    <skipped/>
  </testcase> <!-- userCanAddToCart -->
  <testcase classname="tests.GuestCheckoutTest" name="guestUserCanCheckout" time="0.0">
    <skipped/>
  </testcase> <!-- guestUserCanCheckout -->
  <testcase classname="tests.GuestCheckoutTest" name="downloadAndPrintInvoice" time="0.0">
    <skipped/>
  </testcase> <!-- downloadAndPrintInvoice -->
  <testcase classname="tests.HoverMenuTest" name="userCanHoverMenu" time="0.0">
    <skipped/>
  </testcase> <!-- userCanHoverMenu -->
  <testcase classname="tests.MyAccountPageTest" name="testRegistrationPage" time="0.0">
    <skipped/>
  </testcase> <!-- testRegistrationPage -->
  <testcase classname="tests.MyAccountPageTest" name="testChangePassword" time="0.0">
    <skipped/>
  </testcase> <!-- testChangePassword -->
  <testcase classname="tests.MyAccountPageTest" name="testClickingLogout" time="0.0">
    <skipped/>
  </testcase> <!-- testClickingLogout -->
  <testcase classname="tests.MyAccountPageTest" name="testClickingLogin" time="0.0">
    <skipped/>
  </testcase> <!-- testClickingLogin -->
  <testcase classname="tests.RegisteredUserCheckoutTest" name="testRegistrationPage" time="0.0">
    <skipped/>
  </testcase> <!-- testRegistrationPage -->
  <testcase classname="tests.RegisteredUserCheckoutTest" name="searchForItemAndAddItToCart" time="0.0">
    <skipped/>
  </testcase> <!-- searchForItemAndAddItToCart -->
  <testcase classname="tests.RegisteredUserCheckoutTest" name="userCanAddToCart" time="0.0">
    <skipped/>
  </testcase> <!-- userCanAddToCart -->
  <testcase classname="tests.RegisteredUserCheckoutTest" name="downloadAndPrintInvoice" time="0.0">
    <skipped/>
  </testcase> <!-- downloadAndPrintInvoice -->
  <testcase classname="tests.RegisteredUserCheckoutTest" name="testClickingLogout" time="0.0">
    <skipped/>
  </testcase> <!-- testClickingLogout -->
  <testcase classname="tests.RegistrationPageTest" name="testRegistrationPage" time="0.0">
    <skipped/>
  </testcase> <!-- testRegistrationPage -->
  <testcase classname="tests.RegistrationPageTest" name="testClickingLogout" time="0.0">
    <skipped/>
  </testcase> <!-- testClickingLogout -->
  <testcase classname="tests.RegistrationPageTest" name="testClickingLogin" time="0.0">
    <skipped/>
  </testcase> <!-- testClickingLogin -->
  <testcase classname="tests.RegistrationPageTest" name="testClickingLogoutAgain" time="0.0">
    <skipped/>
  </testcase> <!-- testClickingLogoutAgain -->
  <testcase classname="tests.SearchPageTest" name="searchForItemUsingAutoSuggession" time="0.0">
    <skipped/>
  </testcase> <!-- searchForItemUsingAutoSuggession -->
  <testcase classname="tests.SeleniumGridRegistrationTest" name="testRegistrationPage" time="0.0">
    <skipped/>
  </testcase> <!-- testRegistrationPage -->
  <testcase classname="tests.SeleniumGridRegistrationTest" name="testClickingLogout" time="0.0">
    <skipped/>
  </testcase> <!-- testClickingLogout -->
  <testcase classname="tests.SeleniumGridRegistrationTest" name="testClickingLogin" time="0.0">
    <skipped/>
  </testcase> <!-- testClickingLogin -->
  <testcase classname="tests.SeleniumGridRegistrationTest" name="testClickingLogoutAgain" time="0.0">
    <skipped/>
  </testcase> <!-- testClickingLogoutAgain -->
  <testcase classname="tests.WishlistPageTest" name="searchForItemUsingAutoSuggession" time="0.0">
    <skipped/>
  </testcase> <!-- searchForItemUsingAutoSuggession -->
  <testcase classname="tests.WishlistPageTest" name="addProductTowishlist" time="0.0">
    <skipped/>
  </testcase> <!-- addProductTowishlist -->
  <testcase classname="tests.WishlistPageTest" name="removeProductFromWishlist" time="0.0">
    <skipped/>
  </testcase> <!-- removeProductFromWishlist -->
  <testcase classname="tests.TestBase" name="@AfterSuite stopDriver" time="0.0">
    <ignored/>
  </testcase> <!-- @AfterSuite stopDriver -->
  <testcase classname="tests.TestBase" name="@AfterSuite stopDriver" time="0.0">
    <ignored/>
  </testcase> <!-- @AfterSuite stopDriver -->
  <testcase classname="tests.TestBase" name="@AfterSuite stopDriver" time="0.0">
    <ignored/>
  </testcase> <!-- @AfterSuite stopDriver -->
  <testcase classname="tests.TestBase" name="@AfterSuite stopDriver" time="0.0">
    <ignored/>
  </testcase> <!-- @AfterSuite stopDriver -->
  <testcase classname="tests.TestBase" name="@AfterSuite stopDriver" time="0.0">
    <ignored/>
  </testcase> <!-- @AfterSuite stopDriver -->
  <testcase classname="tests.TestBase" name="@AfterSuite stopDriver" time="0.0">
    <ignored/>
  </testcase> <!-- @AfterSuite stopDriver -->
  <testcase classname="tests.TestBase" name="@AfterSuite stopDriver" time="0.0">
    <ignored/>
  </testcase> <!-- @AfterSuite stopDriver -->
  <testcase classname="tests.TestBase" name="@AfterSuite stopDriver" time="0.0">
    <ignored/>
  </testcase> <!-- @AfterSuite stopDriver -->
  <testcase classname="tests.TestBase" name="@AfterSuite stopDriver" time="0.0">
    <ignored/>
  </testcase> <!-- @AfterSuite stopDriver -->
  <testcase classname="tests.TestBase" name="@AfterSuite stopDriver" time="0.0">
    <ignored/>
  </testcase> <!-- @AfterSuite stopDriver -->
  <testcase classname="tests.TestBase" name="@AfterSuite stopDriver" time="0.0">
    <ignored/>
  </testcase> <!-- @AfterSuite stopDriver -->
  <testcase classname="tests.TestBase" name="@AfterSuite stopDriver" time="0.0">
    <ignored/>
  </testcase> <!-- @AfterSuite stopDriver -->
  <testcase classname="tests.TestBase" name="@AfterSuite stopDriver" time="0.0">
    <ignored/>
  </testcase> <!-- @AfterSuite stopDriver -->
  <testcase classname="tests.SearchPageTest" name="searchForItemUsingSearchBtn" time="0.0">
    <ignored/>
  </testcase> <!-- searchForItemUsingSearchBtn -->
  <testcase classname="tests.TestBase" name="@BeforeSuite startDriver" time="0.0">
    <ignored/>
  </testcase> <!-- @BeforeSuite startDriver -->
  <testcase classname="tests.TestBase" name="@BeforeSuite startDriver" time="0.0">
    <ignored/>
  </testcase> <!-- @BeforeSuite startDriver -->
  <testcase classname="tests.TestBase" name="@BeforeSuite startDriver" time="0.0">
    <ignored/>
  </testcase> <!-- @BeforeSuite startDriver -->
  <testcase classname="tests.TestBase" name="@BeforeSuite startDriver" time="0.0">
    <ignored/>
  </testcase> <!-- @BeforeSuite startDriver -->
  <testcase classname="tests.TestBase" name="@BeforeSuite startDriver" time="0.0">
    <ignored/>
  </testcase> <!-- @BeforeSuite startDriver -->
  <testcase classname="tests.TestBase" name="@BeforeSuite startDriver" time="0.0">
    <ignored/>
  </testcase> <!-- @BeforeSuite startDriver -->
  <testcase classname="tests.TestBase" name="@BeforeSuite startDriver" time="0.0">
    <ignored/>
  </testcase> <!-- @BeforeSuite startDriver -->
  <testcase classname="tests.TestBase" name="@BeforeSuite startDriver" time="0.0">
    <ignored/>
  </testcase> <!-- @BeforeSuite startDriver -->
  <testcase classname="tests.TestBase" name="@BeforeSuite startDriver" time="0.0">
    <ignored/>
  </testcase> <!-- @BeforeSuite startDriver -->
  <testcase classname="tests.TestBase" name="@BeforeSuite startDriver" time="0.0">
    <ignored/>
  </testcase> <!-- @BeforeSuite startDriver -->
  <testcase classname="tests.TestBase" name="@BeforeSuite startDriver" time="0.0">
    <ignored/>
  </testcase> <!-- @BeforeSuite startDriver -->
  <testcase classname="tests.TestBase" name="@BeforeSuite startDriver" time="0.0">
    <ignored/>
  </testcase> <!-- @BeforeSuite startDriver -->
  <testcase classname="tests.TestBase" name="@BeforeSuite startDriver" time="0.0">
    <ignored/>
  </testcase> <!-- @BeforeSuite startDriver -->
</testsuite> <!-- Surefire test -->
