<?xml version="1.0" encoding="UTF-8"?>
<testng-results ignored="1" total="3" passed="1" failed="1" skipped="0">
  <reporter-output>
    <line>
      <![CDATA[Execution of the Suite 'Glady AutF_AllureParallel' Started!]]>
    </line>
    <line>
      <![CDATA[About to begin executing Test TestGoogle]]>
    </line>
    <line>
      <![CDATA[About to begin executing following method : WebDriverFactory.suiteSetup]]>
    </line>
    <line>
      <![CDATA[Completed executing following method : WebDriverFactory.suiteSetup]]>
    </line>
    <line>
      <![CDATA[About to begin executing following method : WebDriverFactory.beforeMethod]]>
    </line>
    <line>
      <![CDATA[Completed executing following method : WebDriverFactory.beforeMethod]]>
    </line>
    <line>
      <![CDATA[
STARTED TESTING: tests.Test1.testGoogle
]]>
    </line>
    <line>
      <![CDATA[About to begin executing following method : Test1.testGoogle]]>
    </line>
    <line>
      <![CDATA[Completed executing following method : Test1.testGoogle]]>
    </line>
    <line>
      <![CDATA[
FAILED TEST: tests.Test1.testGoogle
]]>
    </line>
    <line>
      <![CDATA[About to begin executing following method : WebDriverFactory.afterMethod]]>
    </line>
    <line>
      <![CDATA[Completed executing following method : WebDriverFactory.afterMethod]]>
    </line>
    <line>
      <![CDATA[
STARTED TESTING: tests.TestProperties.test123
]]>
    </line>
    <line>
      <![CDATA[About to begin executing following method : TestProperties.test123]]>
    </line>
    <line>
      <![CDATA[Completed executing following method : TestProperties.test123]]>
    </line>
    <line>
      <![CDATA[
SUCCESSFULLY EXECUTED TEST: tests.TestProperties.test123
]]>
    </line>
    <line>
      <![CDATA[
]]>
    </line>
    <line>
      <![CDATA[About to begin executing following method : BaseMethod.beforeSuite]]>
    </line>
    <line>
      <![CDATA[Completed executing following method : BaseMethod.beforeSuite]]>
    </line>
  </reporter-output>
  <suite started-at="2022-08-07T19:57:28 EEST" name="Glady AutF_AllureParallel" finished-at="2022-08-07T19:58:14 EEST" duration-ms="45799">
    <groups>
    </groups>
    <test started-at="2022-08-07T19:57:28 EEST" name="TestGoogle" finished-at="2022-08-07T19:58:14 EEST" duration-ms="45799">
      <class name="tests.Test1">
        <test-method is-config="true" signature="suiteSetup()[pri:0, instance:tests.Test1@2e3f79a2]" started-at="2022-08-07T19:57:34 EEST" name="suiteSetup" finished-at="2022-08-07T19:57:34 EEST" duration-ms="576" status="PASS">
          <reporter-output>
            <line>
              <![CDATA[Completed executing following method : WebDriverFactory.suiteSetup]]>
            </line>
          </reporter-output>
        </test-method> <!-- suiteSetup -->
        <test-method is-config="true" signature="beforeMethod()[pri:0, instance:tests.Test1@2e3f79a2]" started-at="2022-08-07T19:57:36 EEST" name="beforeMethod" finished-at="2022-08-07T19:57:40 EEST" duration-ms="4405" status="PASS">
          <reporter-output>
            <line>
              <![CDATA[Completed executing following method : WebDriverFactory.beforeMethod]]>
            </line>
          </reporter-output>
        </test-method> <!-- beforeMethod -->
        <test-method signature="testGoogle(java.lang.String,java.lang.String,java.lang.String)[pri:0, instance:tests.Test1@2e3f79a2]" started-at="2022-08-07T19:57:40 EEST" name="testGoogle" data-provider="excelSheetNameAsMethodName" finished-at="2022-08-07T19:57:57 EEST" duration-ms="17215" status="FAIL">
          <params>
            <param index="0">
              <value>
                <![CDATA[TC_001]]>
              </value>
            </param>
            <param index="1">
              <value>
                <![CDATA[Gladson]]>
              </value>
            </param>
            <param index="2">
              <value>
                <![CDATA[Gladson_Password]]>
              </value>
            </param>
          </params>
          <exception class="org.openqa.selenium.NoSuchElementException">
            <message>
              <![CDATA[no such element: Unable to locate element: {"method":"xpath","selector":"//input[@type='email']"}
  (Session info: chrome=103.0.5060.134)
For documentation on this error, please visit: https://selenium.dev/exceptions/#no_such_element
Build info: version: '4.0.0-beta-4', revision: '29f46d02dd'
System info: host: 'IgNOrEs-iMac.local', ip: 'fd94:a79a:9ca5:0:610d:b579:8964:98a2%en0', os.name: 'Mac OS X', os.arch: 'x86_64', os.version: '10.15.7', java.version: '18.0.1.1'
Driver info: org.openqa.selenium.chrome.ChromeDriver
Command: [d44514578d9903ac7221dc26055d81be, findElement {using=xpath, value=//input[@type='email']}]
Capabilities {acceptInsecureCerts: false, browserName: chrome, browserVersion: 103.0.5060.134, chrome: {chromedriverVersion: 103.0.5060.134 (8ec6fce403b..., userDataDir: /var/folders/0x/404db83n0l3...}, goog:chromeOptions: {debuggerAddress: localhost:52692}, javascriptEnabled: true, networkConnectionEnabled: false, pageLoadStrategy: normal, platform: MAC, platformName: MAC, proxy: Proxy(), se:cdp: ws://localhost:52692/devtoo..., se:cdpVersion: 103.0.5060.134, setWindowRect: true, strictFileInteractability: false, timeouts: {implicit: 0, pageLoad: 300000, script: 30000}, unhandledPromptBehavior: dismiss and notify, webauthn:extension:credBlob: true, webauthn:extension:largeBlob: true, webauthn:virtualAuthenticators: true}
Session ID: d44514578d9903ac7221dc26055d81be]]>
            </message>
            <full-stacktrace>
              <![CDATA[org.openqa.selenium.NoSuchElementException: no such element: Unable to locate element: {"method":"xpath","selector":"//input[@type='email']"}
  (Session info: chrome=103.0.5060.134)
For documentation on this error, please visit: https://selenium.dev/exceptions/#no_such_element
Build info: version: '4.0.0-beta-4', revision: '29f46d02dd'
System info: host: 'IgNOrEs-iMac.local', ip: 'fd94:a79a:9ca5:0:610d:b579:8964:98a2%en0', os.name: 'Mac OS X', os.arch: 'x86_64', os.version: '10.15.7', java.version: '18.0.1.1'
Driver info: org.openqa.selenium.chrome.ChromeDriver
Command: [d44514578d9903ac7221dc26055d81be, findElement {using=xpath, value=//input[@type='email']}]
Capabilities {acceptInsecureCerts: false, browserName: chrome, browserVersion: 103.0.5060.134, chrome: {chromedriverVersion: 103.0.5060.134 (8ec6fce403b..., userDataDir: /var/folders/0x/404db83n0l3...}, goog:chromeOptions: {debuggerAddress: localhost:52692}, javascriptEnabled: true, networkConnectionEnabled: false, pageLoadStrategy: normal, platform: MAC, platformName: MAC, proxy: Proxy(), se:cdp: ws://localhost:52692/devtoo..., se:cdpVersion: 103.0.5060.134, setWindowRect: true, strictFileInteractability: false, timeouts: {implicit: 0, pageLoad: 300000, script: 30000}, unhandledPromptBehavior: dismiss and notify, webauthn:extension:credBlob: true, webauthn:extension:largeBlob: true, webauthn:virtualAuthenticators: true}
Session ID: d44514578d9903ac7221dc26055d81be
at java.base/jdk.internal.reflect.DirectConstructorHandleAccessor.newInstance(DirectConstructorHandleAccessor.java:67)
at java.base/java.lang.reflect.Constructor.newInstanceWithCaller(Constructor.java:499)
at java.base/java.lang.reflect.Constructor.newInstance(Constructor.java:483)
at org.openqa.selenium.remote.codec.w3c.W3CHttpResponseCodec.createException(W3CHttpResponseCodec.java:200)
at org.openqa.selenium.remote.codec.w3c.W3CHttpResponseCodec.decode(W3CHttpResponseCodec.java:133)
at org.openqa.selenium.remote.codec.w3c.W3CHttpResponseCodec.decode(W3CHttpResponseCodec.java:53)
at org.openqa.selenium.remote.HttpCommandExecutor.execute(HttpCommandExecutor.java:184)
at org.openqa.selenium.remote.service.DriverCommandExecutor.invokeExecute(DriverCommandExecutor.java:162)
at org.openqa.selenium.remote.service.DriverCommandExecutor.execute(DriverCommandExecutor.java:137)
at org.openqa.selenium.remote.RemoteWebDriver.execute(RemoteWebDriver.java:612)
at org.openqa.selenium.remote.RemoteWebDriver$Mechanism$2.findElement(RemoteWebDriver.java:1251)
at org.openqa.selenium.remote.RemoteWebDriver.findElement(RemoteWebDriver.java:379)
at org.openqa.selenium.remote.RemoteWebDriver.findElement(RemoteWebDriver.java:373)
at org.openqa.selenium.support.pagefactory.DefaultElementLocator.findElement(DefaultElementLocator.java:70)
at org.openqa.selenium.support.pagefactory.internal.LocatingElementHandler.invoke(LocatingElementHandler.java:39)
at jdk.proxy2/jdk.proxy2.$Proxy27.sendKeys(Unknown Source)
at pageObjects.pages.GMailPageObjects.enterEmailID(GMailPageObjects.java:24)
at tests.Test1.testGoogle(Test1.java:19)
at java.base/jdk.internal.reflect.DirectMethodHandleAccessor.invoke(DirectMethodHandleAccessor.java:104)
at java.base/java.lang.reflect.Method.invoke(Method.java:577)
at org.testng.internal.MethodInvocationHelper.invokeMethod(MethodInvocationHelper.java:133)
at org.testng.internal.TestInvoker.invokeMethod(TestInvoker.java:598)
at org.testng.internal.TestInvoker.invokeTestMethod(TestInvoker.java:173)
at org.testng.internal.TestMethodWithDataProviderMethodWorker.call(TestMethodWithDataProviderMethodWorker.java:77)
at org.testng.internal.TestMethodWithDataProviderMethodWorker.call(TestMethodWithDataProviderMethodWorker.java:15)
at java.base/java.util.concurrent.FutureTask.run(FutureTask.java:264)
at java.base/java.util.concurrent.Executors$RunnableAdapter.call(Executors.java:539)
at java.base/java.util.concurrent.FutureTask.run(FutureTask.java:264)
at java.base/java.util.concurrent.ThreadPoolExecutor.runWorker(ThreadPoolExecutor.java:1136)
at java.base/java.util.concurrent.ThreadPoolExecutor$Worker.run(ThreadPoolExecutor.java:635)
at java.base/java.lang.Thread.run(Thread.java:833)
]]>
            </full-stacktrace>
          </exception> <!-- org.openqa.selenium.NoSuchElementException -->
          <reporter-output>
            <line>
              <![CDATA[
STARTED TESTING: tests.Test1.testGoogle
]]>
            </line>
            <line>
              <![CDATA[About to begin executing following method : Test1.testGoogle]]>
            </line>
            <line>
              <![CDATA[Completed executing following method : Test1.testGoogle]]>
            </line>
            <line>
              <![CDATA[
FAILED TEST: tests.Test1.testGoogle
]]>
            </line>
            <line>
              <![CDATA[About to begin executing following method : WebDriverFactory.afterMethod]]>
            </line>
          </reporter-output>
        </test-method> <!-- testGoogle -->
        <test-method is-config="true" signature="afterMethod()[pri:0, instance:tests.Test1@2e3f79a2]" started-at="2022-08-07T19:58:07 EEST" name="afterMethod" finished-at="2022-08-07T19:58:09 EEST" duration-ms="2183" status="PASS">
          <reporter-output>
            <line>
              <![CDATA[Completed executing following method : WebDriverFactory.afterMethod]]>
            </line>
          </reporter-output>
        </test-method> <!-- afterMethod -->
        <test-method is-config="true" signature="beforeSuite()[pri:0, instance:tests.Test1@2e3f79a2]" started-at="2022-08-07T19:58:14 EEST" name="beforeSuite" finished-at="2022-08-07T19:58:14 EEST" duration-ms="4" status="PASS">
          <reporter-output>
            <line>
              <![CDATA[Completed executing following method : BaseMethod.beforeSuite]]>
            </line>
          </reporter-output>
        </test-method> <!-- beforeSuite -->
      </class> <!-- tests.Test1 -->
      <class name="tests.TestProperties">
        <test-method signature="test123()[pri:0, instance:tests.TestProperties@4417af13]" started-at="2022-08-07T19:58:09 EEST" name="test123" finished-at="2022-08-07T19:58:14 EEST" duration-ms="5091" status="PASS">
          <reporter-output>
            <line>
              <![CDATA[
STARTED TESTING: tests.TestProperties.test123
]]>
            </line>
            <line>
              <![CDATA[About to begin executing following method : TestProperties.test123]]>
            </line>
            <line>
              <![CDATA[Completed executing following method : TestProperties.test123]]>
            </line>
            <line>
              <![CDATA[
SUCCESSFULLY EXECUTED TEST: tests.TestProperties.test123
]]>
            </line>
            <line>
              <![CDATA[
]]>
            </line>
          </reporter-output>
        </test-method> <!-- test123 -->
      </class> <!-- tests.TestProperties -->
    </test> <!-- TestGoogle -->
  </suite> <!-- Glady AutF_AllureParallel -->
</testng-results>
