<?xml version="1.0" encoding="UTF-8"?>
<testng-results ignored="0" total="1" passed="0" failed="0" skipped="1">
  <reporter-output>
  </reporter-output>
  <suite started-at="2022-07-19T09:29:00Z" name="Suite" finished-at="2022-07-19T09:29:09Z" duration-ms="9421">
    <groups>
    </groups>
    <test started-at="2022-07-19T09:29:00Z" name="Regression" finished-at="2022-07-19T09:29:09Z" duration-ms="9421">
      <class name="google.SearchButtonTest">
        <test-method is-config="true" signature="setUp()[pri:0, instance:google.SearchButtonTest@9fecdf1]" started-at="2022-07-19T12:29:00Z" name="setUp" finished-at="2022-07-19T12:29:04Z" duration-ms="3698" status="FAIL">
          <exception class="org.openqa.selenium.SessionNotCreatedException">
            <message>
              <![CDATA[session not created: This version of ChromeDriver only supports Chrome version 87
Current browser version is 103.0.5060.114 with binary path /Applications/Google Chrome.app/Contents/MacOS/Google Chrome
Build info: version: '3.141.59', revision: 'e82be7d358', time: '2018-11-14T08:17:03'
System info: host: 'IgNOrEs-iMac.local', ip: 'fd94:a79a:9ca5:0:edc0:4e6e:a384:32b3%en0', os.name: 'Mac OS X', os.arch: 'x86_64', os.version: '10.15.7', java.version: '18.0.1.1'
Driver info: driver.version: ChromeDriver
remote stacktrace: 0   chromedriver                        0x000000010f5ffd79 chromedriver + 2510201
1   chromedriver                        0x000000010fc6c743 chromedriver + 9246531
2   chromedriver                        0x000000010f43a623 chromedriver + 652835
3   chromedriver                        0x000000010f3b3bd7 chromedriver + 101335
4   chromedriver                        0x000000010f3afd87 chromedriver + 85383
5   chromedriver                        0x000000010f3acf8f chromedriver + 73615
6   chromedriver                        0x000000010f3e1b44 chromedriver + 289604
7   chromedriver                        0x000000010f3dc923 chromedriver + 268579
8   chromedriver                        0x000000010f3b600a chromedriver + 110602
9   chromedriver                        0x000000010f3b6fc7 chromedriver + 114631
10  chromedriver                        0x000000010f5d1429 chromedriver + 2319401
11  chromedriver                        0x000000010f5dd53f chromedriver + 2368831
12  chromedriver                        0x000000010f5dd150 chromedriver + 2367824
13  chromedriver                        0x000000010f5b823b chromedriver + 2216507
14  chromedriver                        0x000000010f5dda91 chromedriver + 2370193
15  chromedriver                        0x000000010f5c64f9 chromedriver + 2274553
16  chromedriver                        0x000000010f5f3f89 chromedriver + 2461577
17  chromedriver                        0x000000010f6053b3 chromedriver + 2532275
18  libsystem_pthread.dylib             0x00007fff70435109 _pthread_start + 148
19  libsystem_pthread.dylib             0x00007fff70430b8b thread_start + 15
]]>
            </message>
            <full-stacktrace>
              <![CDATA[org.openqa.selenium.SessionNotCreatedException: session not created: This version of ChromeDriver only supports Chrome version 87
Current browser version is 103.0.5060.114 with binary path /Applications/Google Chrome.app/Contents/MacOS/Google Chrome
Build info: version: '3.141.59', revision: 'e82be7d358', time: '2018-11-14T08:17:03'
System info: host: 'IgNOrEs-iMac.local', ip: 'fd94:a79a:9ca5:0:edc0:4e6e:a384:32b3%en0', os.name: 'Mac OS X', os.arch: 'x86_64', os.version: '10.15.7', java.version: '18.0.1.1'
Driver info: driver.version: ChromeDriver
remote stacktrace: 0   chromedriver                        0x000000010f5ffd79 chromedriver + 2510201
1   chromedriver                        0x000000010fc6c743 chromedriver + 9246531
2   chromedriver                        0x000000010f43a623 chromedriver + 652835
3   chromedriver                        0x000000010f3b3bd7 chromedriver + 101335
4   chromedriver                        0x000000010f3afd87 chromedriver + 85383
5   chromedriver                        0x000000010f3acf8f chromedriver + 73615
6   chromedriver                        0x000000010f3e1b44 chromedriver + 289604
7   chromedriver                        0x000000010f3dc923 chromedriver + 268579
8   chromedriver                        0x000000010f3b600a chromedriver + 110602
9   chromedriver                        0x000000010f3b6fc7 chromedriver + 114631
10  chromedriver                        0x000000010f5d1429 chromedriver + 2319401
11  chromedriver                        0x000000010f5dd53f chromedriver + 2368831
12  chromedriver                        0x000000010f5dd150 chromedriver + 2367824
13  chromedriver                        0x000000010f5b823b chromedriver + 2216507
14  chromedriver                        0x000000010f5dda91 chromedriver + 2370193
15  chromedriver                        0x000000010f5c64f9 chromedriver + 2274553
16  chromedriver                        0x000000010f5f3f89 chromedriver + 2461577
17  chromedriver                        0x000000010f6053b3 chromedriver + 2532275
18  libsystem_pthread.dylib             0x00007fff70435109 _pthread_start + 148
19  libsystem_pthread.dylib             0x00007fff70430b8b thread_start + 15

	at java.base/jdk.internal.reflect.DirectConstructorHandleAccessor.newInstance(DirectConstructorHandleAccessor.java:67)
	at java.base/java.lang.reflect.Constructor.newInstanceWithCaller(Constructor.java:499)
	at java.base/java.lang.reflect.Constructor.newInstance(Constructor.java:483)
	at org.openqa.selenium.remote.W3CHandshakeResponse.lambda$errorHandler$0(W3CHandshakeResponse.java:62)
	at org.openqa.selenium.remote.HandshakeResponse.lambda$getResponseFunction$0(HandshakeResponse.java:30)
	at org.openqa.selenium.remote.ProtocolHandshake.lambda$createSession$0(ProtocolHandshake.java:126)
	at java.base/java.util.stream.ReferencePipeline$3$1.accept(ReferencePipeline.java:197)
	at java.base/java.util.Spliterators$ArraySpliterator.tryAdvance(Spliterators.java:1002)
	at java.base/java.util.stream.ReferencePipeline.forEachWithCancel(ReferencePipeline.java:129)
	at java.base/java.util.stream.AbstractPipeline.copyIntoWithCancel(AbstractPipeline.java:527)
	at java.base/java.util.stream.AbstractPipeline.copyInto(AbstractPipeline.java:513)
	at java.base/java.util.stream.AbstractPipeline.wrapAndCopyInto(AbstractPipeline.java:499)
	at java.base/java.util.stream.FindOps$FindOp.evaluateSequential(FindOps.java:150)
	at java.base/java.util.stream.AbstractPipeline.evaluate(AbstractPipeline.java:234)
	at java.base/java.util.stream.ReferencePipeline.findFirst(ReferencePipeline.java:647)
	at org.openqa.selenium.remote.ProtocolHandshake.createSession(ProtocolHandshake.java:128)
	at org.openqa.selenium.remote.ProtocolHandshake.createSession(ProtocolHandshake.java:74)
	at org.openqa.selenium.remote.HttpCommandExecutor.execute(HttpCommandExecutor.java:136)
	at org.openqa.selenium.remote.service.DriverCommandExecutor.execute(DriverCommandExecutor.java:83)
	at org.openqa.selenium.remote.RemoteWebDriver.execute(RemoteWebDriver.java:552)
	at org.openqa.selenium.remote.RemoteWebDriver.startSession(RemoteWebDriver.java:213)
	at org.openqa.selenium.remote.RemoteWebDriver.<init>(RemoteWebDriver.java:131)
	at org.openqa.selenium.chrome.ChromeDriver.<init>(ChromeDriver.java:181)
	at org.openqa.selenium.chrome.ChromeDriver.<init>(ChromeDriver.java:168)
	at org.openqa.selenium.chrome.ChromeDriver.<init>(ChromeDriver.java:157)
	at tools.DriverFactory.getDriver(DriverFactory.java:50)
	at tools.BaseTest.setUp(BaseTest.java:15)
	at google.SearchButtonTest.setUp(SearchButtonTest.java:18)
	at java.base/jdk.internal.reflect.DirectMethodHandleAccessor.invoke(DirectMethodHandleAccessor.java:104)
	at java.base/java.lang.reflect.Method.invoke(Method.java:577)
	at org.testng.internal.MethodInvocationHelper.invokeMethod(MethodInvocationHelper.java:108)
	at org.testng.internal.Invoker.invokeConfigurationMethod(Invoker.java:523)
	at org.testng.internal.Invoker.invokeConfigurations(Invoker.java:224)
	at org.testng.internal.Invoker.invokeConfigurations(Invoker.java:146)
	at org.testng.internal.TestMethodWorker.invokeBeforeClassMethods(TestMethodWorker.java:166)
	at org.testng.internal.TestMethodWorker.run(TestMethodWorker.java:105)
	at org.testng.TestRunner.privateRun(TestRunner.java:744)
	at org.testng.TestRunner.run(TestRunner.java:602)
	at org.testng.SuiteRunner.runTest(SuiteRunner.java:380)
	at org.testng.SuiteRunner.runSequentially(SuiteRunner.java:375)
	at org.testng.SuiteRunner.privateRun(SuiteRunner.java:340)
	at org.testng.SuiteRunner.run(SuiteRunner.java:289)
	at org.testng.SuiteRunnerWorker.runSuite(SuiteRunnerWorker.java:52)
	at org.testng.SuiteRunnerWorker.run(SuiteRunnerWorker.java:86)
	at org.testng.TestNG.runSuitesSequentially(TestNG.java:1301)
	at org.testng.TestNG.runSuitesLocally(TestNG.java:1226)
	at org.testng.TestNG.runSuites(TestNG.java:1144)
	at org.testng.TestNG.run(TestNG.java:1115)
	at org.apache.maven.surefire.testng.TestNGExecutor.run(TestNGExecutor.java:283)
	at org.apache.maven.surefire.testng.TestNGXmlTestSuite.execute(TestNGXmlTestSuite.java:75)
	at org.apache.maven.surefire.testng.TestNGProvider.invoke(TestNGProvider.java:120)
	at org.apache.maven.surefire.booter.ForkedBooter.invokeProviderInSameClassLoader(ForkedBooter.java:386)
	at org.apache.maven.surefire.booter.ForkedBooter.runSuitesInProcess(ForkedBooter.java:323)
	at org.apache.maven.surefire.booter.ForkedBooter.main(ForkedBooter.java:143)
]]>
            </full-stacktrace>
          </exception> <!-- org.openqa.selenium.SessionNotCreatedException -->
          <reporter-output>
          </reporter-output>
        </test-method> <!-- setUp -->
        <test-method signature="verifySearchButtonIsDisplayed()[pri:0, instance:google.SearchButtonTest@9fecdf1]" started-at="2022-07-19T12:29:09Z" name="verifySearchButtonIsDisplayed" finished-at="2022-07-19T12:29:09Z" duration-ms="0" status="SKIP">
          <exception class="org.openqa.selenium.SessionNotCreatedException">
            <message>
              <![CDATA[session not created: This version of ChromeDriver only supports Chrome version 87
Current browser version is 103.0.5060.114 with binary path /Applications/Google Chrome.app/Contents/MacOS/Google Chrome
Build info: version: '3.141.59', revision: 'e82be7d358', time: '2018-11-14T08:17:03'
System info: host: 'IgNOrEs-iMac.local', ip: 'fd94:a79a:9ca5:0:edc0:4e6e:a384:32b3%en0', os.name: 'Mac OS X', os.arch: 'x86_64', os.version: '10.15.7', java.version: '18.0.1.1'
Driver info: driver.version: ChromeDriver
remote stacktrace: 0   chromedriver                        0x000000010f5ffd79 chromedriver + 2510201
1   chromedriver                        0x000000010fc6c743 chromedriver + 9246531
2   chromedriver                        0x000000010f43a623 chromedriver + 652835
3   chromedriver                        0x000000010f3b3bd7 chromedriver + 101335
4   chromedriver                        0x000000010f3afd87 chromedriver + 85383
5   chromedriver                        0x000000010f3acf8f chromedriver + 73615
6   chromedriver                        0x000000010f3e1b44 chromedriver + 289604
7   chromedriver                        0x000000010f3dc923 chromedriver + 268579
8   chromedriver                        0x000000010f3b600a chromedriver + 110602
9   chromedriver                        0x000000010f3b6fc7 chromedriver + 114631
10  chromedriver                        0x000000010f5d1429 chromedriver + 2319401
11  chromedriver                        0x000000010f5dd53f chromedriver + 2368831
12  chromedriver                        0x000000010f5dd150 chromedriver + 2367824
13  chromedriver                        0x000000010f5b823b chromedriver + 2216507
14  chromedriver                        0x000000010f5dda91 chromedriver + 2370193
15  chromedriver                        0x000000010f5c64f9 chromedriver + 2274553
16  chromedriver                        0x000000010f5f3f89 chromedriver + 2461577
17  chromedriver                        0x000000010f6053b3 chromedriver + 2532275
18  libsystem_pthread.dylib             0x00007fff70435109 _pthread_start + 148
19  libsystem_pthread.dylib             0x00007fff70430b8b thread_start + 15
]]>
            </message>
            <full-stacktrace>
              <![CDATA[org.openqa.selenium.SessionNotCreatedException: session not created: This version of ChromeDriver only supports Chrome version 87
Current browser version is 103.0.5060.114 with binary path /Applications/Google Chrome.app/Contents/MacOS/Google Chrome
Build info: version: '3.141.59', revision: 'e82be7d358', time: '2018-11-14T08:17:03'
System info: host: 'IgNOrEs-iMac.local', ip: 'fd94:a79a:9ca5:0:edc0:4e6e:a384:32b3%en0', os.name: 'Mac OS X', os.arch: 'x86_64', os.version: '10.15.7', java.version: '18.0.1.1'
Driver info: driver.version: ChromeDriver
remote stacktrace: 0   chromedriver                        0x000000010f5ffd79 chromedriver + 2510201
1   chromedriver                        0x000000010fc6c743 chromedriver + 9246531
2   chromedriver                        0x000000010f43a623 chromedriver + 652835
3   chromedriver                        0x000000010f3b3bd7 chromedriver + 101335
4   chromedriver                        0x000000010f3afd87 chromedriver + 85383
5   chromedriver                        0x000000010f3acf8f chromedriver + 73615
6   chromedriver                        0x000000010f3e1b44 chromedriver + 289604
7   chromedriver                        0x000000010f3dc923 chromedriver + 268579
8   chromedriver                        0x000000010f3b600a chromedriver + 110602
9   chromedriver                        0x000000010f3b6fc7 chromedriver + 114631
10  chromedriver                        0x000000010f5d1429 chromedriver + 2319401
11  chromedriver                        0x000000010f5dd53f chromedriver + 2368831
12  chromedriver                        0x000000010f5dd150 chromedriver + 2367824
13  chromedriver                        0x000000010f5b823b chromedriver + 2216507
14  chromedriver                        0x000000010f5dda91 chromedriver + 2370193
15  chromedriver                        0x000000010f5c64f9 chromedriver + 2274553
16  chromedriver                        0x000000010f5f3f89 chromedriver + 2461577
17  chromedriver                        0x000000010f6053b3 chromedriver + 2532275
18  libsystem_pthread.dylib             0x00007fff70435109 _pthread_start + 148
19  libsystem_pthread.dylib             0x00007fff70430b8b thread_start + 15

	at java.base/jdk.internal.reflect.DirectConstructorHandleAccessor.newInstance(DirectConstructorHandleAccessor.java:67)
	at java.base/java.lang.reflect.Constructor.newInstanceWithCaller(Constructor.java:499)
	at java.base/java.lang.reflect.Constructor.newInstance(Constructor.java:483)
	at org.openqa.selenium.remote.W3CHandshakeResponse.lambda$errorHandler$0(W3CHandshakeResponse.java:62)
	at org.openqa.selenium.remote.HandshakeResponse.lambda$getResponseFunction$0(HandshakeResponse.java:30)
	at org.openqa.selenium.remote.ProtocolHandshake.lambda$createSession$0(ProtocolHandshake.java:126)
	at java.base/java.util.stream.ReferencePipeline$3$1.accept(ReferencePipeline.java:197)
	at java.base/java.util.Spliterators$ArraySpliterator.tryAdvance(Spliterators.java:1002)
	at java.base/java.util.stream.ReferencePipeline.forEachWithCancel(ReferencePipeline.java:129)
	at java.base/java.util.stream.AbstractPipeline.copyIntoWithCancel(AbstractPipeline.java:527)
	at java.base/java.util.stream.AbstractPipeline.copyInto(AbstractPipeline.java:513)
	at java.base/java.util.stream.AbstractPipeline.wrapAndCopyInto(AbstractPipeline.java:499)
	at java.base/java.util.stream.FindOps$FindOp.evaluateSequential(FindOps.java:150)
	at java.base/java.util.stream.AbstractPipeline.evaluate(AbstractPipeline.java:234)
	at java.base/java.util.stream.ReferencePipeline.findFirst(ReferencePipeline.java:647)
	at org.openqa.selenium.remote.ProtocolHandshake.createSession(ProtocolHandshake.java:128)
	at org.openqa.selenium.remote.ProtocolHandshake.createSession(ProtocolHandshake.java:74)
	at org.openqa.selenium.remote.HttpCommandExecutor.execute(HttpCommandExecutor.java:136)
	at org.openqa.selenium.remote.service.DriverCommandExecutor.execute(DriverCommandExecutor.java:83)
	at org.openqa.selenium.remote.RemoteWebDriver.execute(RemoteWebDriver.java:552)
	at org.openqa.selenium.remote.RemoteWebDriver.startSession(RemoteWebDriver.java:213)
	at org.openqa.selenium.remote.RemoteWebDriver.<init>(RemoteWebDriver.java:131)
	at org.openqa.selenium.chrome.ChromeDriver.<init>(ChromeDriver.java:181)
	at org.openqa.selenium.chrome.ChromeDriver.<init>(ChromeDriver.java:168)
	at org.openqa.selenium.chrome.ChromeDriver.<init>(ChromeDriver.java:157)
	at tools.DriverFactory.getDriver(DriverFactory.java:50)
	at tools.BaseTest.setUp(BaseTest.java:15)
	at google.SearchButtonTest.setUp(SearchButtonTest.java:18)
	at java.base/jdk.internal.reflect.DirectMethodHandleAccessor.invoke(DirectMethodHandleAccessor.java:104)
	at java.base/java.lang.reflect.Method.invoke(Method.java:577)
	at org.testng.internal.MethodInvocationHelper.invokeMethod(MethodInvocationHelper.java:108)
	at org.testng.internal.Invoker.invokeConfigurationMethod(Invoker.java:523)
	at org.testng.internal.Invoker.invokeConfigurations(Invoker.java:224)
	at org.testng.internal.Invoker.invokeConfigurations(Invoker.java:146)
	at org.testng.internal.TestMethodWorker.invokeBeforeClassMethods(TestMethodWorker.java:166)
	at org.testng.internal.TestMethodWorker.run(TestMethodWorker.java:105)
	at org.testng.TestRunner.privateRun(TestRunner.java:744)
	at org.testng.TestRunner.run(TestRunner.java:602)
	at org.testng.SuiteRunner.runTest(SuiteRunner.java:380)
	at org.testng.SuiteRunner.runSequentially(SuiteRunner.java:375)
	at org.testng.SuiteRunner.privateRun(SuiteRunner.java:340)
	at org.testng.SuiteRunner.run(SuiteRunner.java:289)
	at org.testng.SuiteRunnerWorker.runSuite(SuiteRunnerWorker.java:52)
	at org.testng.SuiteRunnerWorker.run(SuiteRunnerWorker.java:86)
	at org.testng.TestNG.runSuitesSequentially(TestNG.java:1301)
	at org.testng.TestNG.runSuitesLocally(TestNG.java:1226)
	at org.testng.TestNG.runSuites(TestNG.java:1144)
	at org.testng.TestNG.run(TestNG.java:1115)
	at org.apache.maven.surefire.testng.TestNGExecutor.run(TestNGExecutor.java:283)
	at org.apache.maven.surefire.testng.TestNGXmlTestSuite.execute(TestNGXmlTestSuite.java:75)
	at org.apache.maven.surefire.testng.TestNGProvider.invoke(TestNGProvider.java:120)
	at org.apache.maven.surefire.booter.ForkedBooter.invokeProviderInSameClassLoader(ForkedBooter.java:386)
	at org.apache.maven.surefire.booter.ForkedBooter.runSuitesInProcess(ForkedBooter.java:323)
	at org.apache.maven.surefire.booter.ForkedBooter.main(ForkedBooter.java:143)
]]>
            </full-stacktrace>
          </exception> <!-- org.openqa.selenium.SessionNotCreatedException -->
          <reporter-output>
          </reporter-output>
        </test-method> <!-- verifySearchButtonIsDisplayed -->
        <test-method is-config="true" signature="tearDown()[pri:0, instance:google.SearchButtonTest@9fecdf1]" started-at="2022-07-19T12:29:09Z" name="tearDown" finished-at="2022-07-19T12:29:09Z" duration-ms="0" status="SKIP">
          <reporter-output>
          </reporter-output>
        </test-method> <!-- tearDown -->
      </class> <!-- google.SearchButtonTest -->
    </test> <!-- Regression -->
  </suite> <!-- Suite -->
</testng-results>
