<?xml version="1.0" encoding="UTF-8"?>
<testng-results ignored="27" total="71" passed="38" failed="2" skipped="4">
  <reporter-output>
  </reporter-output>
  <suite started-at="2022-10-03T21:49:21 EEST" name="Surefire suite" finished-at="2022-10-03T21:52:42 EEST" duration-ms="201783">
    <groups>
      <group name="cucumber">
        <method signature="AbstractTestNGCucumberTests.feature(cucumber.api.testng.CucumberFeatureWrapper)[pri:0, instance:tests.AddReviewPageTest@3f06568]" name="feature" class="cucumber.api.testng.AbstractTestNGCucumberTests"/>
        <method signature="AbstractTestNGCucumberTests.feature(cucumber.api.testng.CucumberFeatureWrapper)[pri:0, instance:tests.AddToCartPageTest@664e5a6]" name="feature" class="cucumber.api.testng.AbstractTestNGCucumberTests"/>
        <method signature="AbstractTestNGCucumberTests.feature(cucumber.api.testng.CucumberFeatureWrapper)[pri:0, instance:tests.AddToCompareListTest@25e78462]" name="feature" class="cucumber.api.testng.AbstractTestNGCucumberTests"/>
        <method signature="AbstractTestNGCucumberTests.feature(cucumber.api.testng.CucumberFeatureWrapper)[pri:0, instance:tests.ChangeCurrencyTest@43fde52c]" name="feature" class="cucumber.api.testng.AbstractTestNGCucumberTests"/>
        <method signature="AbstractTestNGCucumberTests.feature(cucumber.api.testng.CucumberFeatureWrapper)[pri:0, instance:tests.ContactUsPageTest@14bf517e]" name="feature" class="cucumber.api.testng.AbstractTestNGCucumberTests"/>
        <method signature="AbstractTestNGCucumberTests.feature(cucumber.api.testng.CucumberFeatureWrapper)[pri:0, instance:tests.EmailFriendPageTest@6535ff34]" name="feature" class="cucumber.api.testng.AbstractTestNGCucumberTests"/>
        <method signature="AbstractTestNGCucumberTests.feature(cucumber.api.testng.CucumberFeatureWrapper)[pri:0, instance:tests.GuestCheckoutTest@90b9695]" name="feature" class="cucumber.api.testng.AbstractTestNGCucumberTests"/>
        <method signature="AbstractTestNGCucumberTests.feature(cucumber.api.testng.CucumberFeatureWrapper)[pri:0, instance:tests.HoverMenuTest@6f928e17]" name="feature" class="cucumber.api.testng.AbstractTestNGCucumberTests"/>
        <method signature="AbstractTestNGCucumberTests.feature(cucumber.api.testng.CucumberFeatureWrapper)[pri:0, instance:tests.MyAccountPageTest@6b6d0ac2]" name="feature" class="cucumber.api.testng.AbstractTestNGCucumberTests"/>
        <method signature="AbstractTestNGCucumberTests.feature(cucumber.api.testng.CucumberFeatureWrapper)[pri:0, instance:tests.RegisteredUserCheckoutTest@6a28a492]" name="feature" class="cucumber.api.testng.AbstractTestNGCucumberTests"/>
        <method signature="AbstractTestNGCucumberTests.feature(cucumber.api.testng.CucumberFeatureWrapper)[pri:0, instance:tests.RegistrationPageTest@50b02825]" name="feature" class="cucumber.api.testng.AbstractTestNGCucumberTests"/>
        <method signature="AbstractTestNGCucumberTests.feature(cucumber.api.testng.CucumberFeatureWrapper)[pri:0, instance:tests.SearchPageTest@6ca2a4ca]" name="feature" class="cucumber.api.testng.AbstractTestNGCucumberTests"/>
        <method signature="AbstractTestNGCucumberTests.feature(cucumber.api.testng.CucumberFeatureWrapper)[pri:0, instance:tests.TestBase@62302ca1]" name="feature" class="cucumber.api.testng.AbstractTestNGCucumberTests"/>
        <method signature="AbstractTestNGCucumberTests.feature(cucumber.api.testng.CucumberFeatureWrapper)[pri:0, instance:tests.WishlistPageTest@544fa968]" name="feature" class="cucumber.api.testng.AbstractTestNGCucumberTests"/>
      </group> <!-- cucumber -->
    </groups>
    <test started-at="2022-10-03T21:49:21 EEST" name="Surefire test" finished-at="2022-10-03T21:52:42 EEST" duration-ms="201783">
      <class name="tests.AddToCompareListTest">
        <test-method is-config="true" signature="setUpClass()[pri:0, instance:tests.AddToCompareListTest@25e78462]" started-at="2022-10-03T21:51:31 EEST" name="setUpClass" finished-at="2022-10-03T21:51:31 EEST" duration-ms="11" status="PASS">
          <reporter-output>
          </reporter-output>
        </test-method> <!-- setUpClass -->
        <test-method signature="searchForItemsAndAddThemToCompareList()[pri:40, instance:tests.AddToCompareListTest@25e78462]" started-at="2022-10-03T21:51:31 EEST" name="searchForItemsAndAddThemToCompareList" finished-at="2022-10-03T21:51:45 EEST" duration-ms="14757" status="PASS">
          <reporter-output>
          </reporter-output>
        </test-method> <!-- searchForItemsAndAddThemToCompareList -->
        <test-method is-config="true" signature="takeScreenshotOnFailure(org.testng.ITestResult)[pri:0, instance:tests.AddToCompareListTest@25e78462]" started-at="2022-10-03T21:51:45 EEST" name="takeScreenshotOnFailure" finished-at="2022-10-03T21:51:45 EEST" duration-ms="0" status="PASS">
          <params>
            <param index="0">
              <value>
                <![CDATA[[TestResult name=searchForItemsAndAddThemToCompareList status=SUCCESS method=AddToCompareListTest.searchForItemsAndAddThemToCompareList()[pri:40, instance:tests.AddToCompareListTest@25e78462] output={null}]]]>
              </value>
            </param>
          </params>
          <reporter-output>
          </reporter-output>
        </test-method> <!-- takeScreenshotOnFailure -->
        <test-method signature="clearCompareListItems()[pri:41, instance:tests.AddToCompareListTest@25e78462]" started-at="2022-10-03T21:51:45 EEST" name="clearCompareListItems" finished-at="2022-10-03T21:51:51 EEST" duration-ms="5665" status="PASS">
          <reporter-output>
          </reporter-output>
        </test-method> <!-- clearCompareListItems -->
        <test-method is-config="true" signature="takeScreenshotOnFailure(org.testng.ITestResult)[pri:0, instance:tests.AddToCompareListTest@25e78462]" started-at="2022-10-03T21:51:51 EEST" name="takeScreenshotOnFailure" finished-at="2022-10-03T21:51:51 EEST" duration-ms="0" status="PASS">
          <params>
            <param index="0">
              <value>
                <![CDATA[[TestResult name=clearCompareListItems status=SUCCESS method=AddToCompareListTest.clearCompareListItems()[pri:41, instance:tests.AddToCompareListTest@25e78462] output={null}]]]>
              </value>
            </param>
          </params>
          <reporter-output>
          </reporter-output>
        </test-method> <!-- takeScreenshotOnFailure -->
        <test-method is-config="true" signature="tearDownClass()[pri:0, instance:tests.AddToCompareListTest@25e78462]" started-at="2022-10-03T21:51:51 EEST" name="tearDownClass" finished-at="2022-10-03T21:51:51 EEST" duration-ms="0" status="PASS">
          <reporter-output>
          </reporter-output>
        </test-method> <!-- tearDownClass -->
      </class> <!-- tests.AddToCompareListTest -->
      <class name="tests.ContactUsPageTest">
        <test-method is-config="true" signature="setUpClass()[pri:0, instance:tests.ContactUsPageTest@14bf517e]" started-at="2022-10-03T21:51:17 EEST" name="setUpClass" finished-at="2022-10-03T21:51:17 EEST" duration-ms="16" status="PASS">
          <reporter-output>
          </reporter-output>
        </test-method> <!-- setUpClass -->
        <test-method signature="fillContactUsForm()[pri:9, instance:tests.ContactUsPageTest@14bf517e]" started-at="2022-10-03T21:51:17 EEST" name="fillContactUsForm" finished-at="2022-10-03T21:51:19 EEST" duration-ms="2483" status="PASS">
          <reporter-output>
          </reporter-output>
        </test-method> <!-- fillContactUsForm -->
        <test-method is-config="true" signature="takeScreenshotOnFailure(org.testng.ITestResult)[pri:0, instance:tests.ContactUsPageTest@14bf517e]" started-at="2022-10-03T21:51:19 EEST" name="takeScreenshotOnFailure" finished-at="2022-10-03T21:51:19 EEST" duration-ms="0" status="PASS">
          <params>
            <param index="0">
              <value>
                <![CDATA[[TestResult name=fillContactUsForm status=SUCCESS method=ContactUsPageTest.fillContactUsForm()[pri:9, instance:tests.ContactUsPageTest@14bf517e] output={null}]]]>
              </value>
            </param>
          </params>
          <reporter-output>
          </reporter-output>
        </test-method> <!-- takeScreenshotOnFailure -->
        <test-method is-config="true" signature="tearDownClass()[pri:0, instance:tests.ContactUsPageTest@14bf517e]" started-at="2022-10-03T21:51:19 EEST" name="tearDownClass" finished-at="2022-10-03T21:51:19 EEST" duration-ms="1" status="PASS">
          <reporter-output>
          </reporter-output>
        </test-method> <!-- tearDownClass -->
      </class> <!-- tests.ContactUsPageTest -->
      <class name="tests.EmailFriendPageTest">
        <test-method is-config="true" signature="setUpClass()[pri:0, instance:tests.EmailFriendPageTest@6535ff34]" started-at="2022-10-03T21:50:21 EEST" name="setUpClass" finished-at="2022-10-03T21:50:21 EEST" duration-ms="12" status="PASS">
          <reporter-output>
          </reporter-output>
        </test-method> <!-- setUpClass -->
        <test-method signature="testRegistrationPage()[pri:11, instance:tests.EmailFriendPageTest@6535ff34]" started-at="2022-10-03T21:50:21 EEST" name="testRegistrationPage" finished-at="2022-10-03T21:50:25 EEST" duration-ms="3966" status="PASS">
          <reporter-output>
          </reporter-output>
        </test-method> <!-- testRegistrationPage -->
        <test-method is-config="true" signature="takeScreenshotOnFailure(org.testng.ITestResult)[pri:0, instance:tests.EmailFriendPageTest@6535ff34]" started-at="2022-10-03T21:50:25 EEST" name="takeScreenshotOnFailure" finished-at="2022-10-03T21:50:25 EEST" duration-ms="0" status="PASS">
          <params>
            <param index="0">
              <value>
                <![CDATA[[TestResult name=testRegistrationPage status=SUCCESS method=EmailFriendPageTest.testRegistrationPage()[pri:11, instance:tests.EmailFriendPageTest@6535ff34] output={null}]]]>
              </value>
            </param>
          </params>
          <reporter-output>
          </reporter-output>
        </test-method> <!-- takeScreenshotOnFailure -->
        <test-method signature="searchForItem()[pri:12, instance:tests.EmailFriendPageTest@6535ff34]" started-at="2022-10-03T21:50:25 EEST" name="searchForItem" finished-at="2022-10-03T21:50:33 EEST" duration-ms="8751" status="PASS">
          <reporter-output>
          </reporter-output>
        </test-method> <!-- searchForItem -->
        <test-method is-config="true" signature="takeScreenshotOnFailure(org.testng.ITestResult)[pri:0, instance:tests.EmailFriendPageTest@6535ff34]" started-at="2022-10-03T21:50:33 EEST" name="takeScreenshotOnFailure" finished-at="2022-10-03T21:50:33 EEST" duration-ms="1" status="PASS">
          <params>
            <param index="0">
              <value>
                <![CDATA[[TestResult name=searchForItem status=SUCCESS method=EmailFriendPageTest.searchForItem()[pri:12, instance:tests.EmailFriendPageTest@6535ff34] output={null}]]]>
              </value>
            </param>
          </params>
          <reporter-output>
          </reporter-output>
        </test-method> <!-- takeScreenshotOnFailure -->
        <test-method signature="emailAFriend()[pri:13, instance:tests.EmailFriendPageTest@6535ff34]" started-at="2022-10-03T21:50:33 EEST" name="emailAFriend" finished-at="2022-10-03T21:50:37 EEST" duration-ms="3987" status="PASS">
          <reporter-output>
          </reporter-output>
        </test-method> <!-- emailAFriend -->
        <test-method is-config="true" signature="takeScreenshotOnFailure(org.testng.ITestResult)[pri:0, instance:tests.EmailFriendPageTest@6535ff34]" started-at="2022-10-03T21:50:37 EEST" name="takeScreenshotOnFailure" finished-at="2022-10-03T21:50:37 EEST" duration-ms="1" status="PASS">
          <params>
            <param index="0">
              <value>
                <![CDATA[[TestResult name=emailAFriend status=SUCCESS method=EmailFriendPageTest.emailAFriend()[pri:13, instance:tests.EmailFriendPageTest@6535ff34] output={null}]]]>
              </value>
            </param>
          </params>
          <reporter-output>
          </reporter-output>
        </test-method> <!-- takeScreenshotOnFailure -->
        <test-method signature="testClickingLogout()[pri:14, instance:tests.EmailFriendPageTest@6535ff34]" started-at="2022-10-03T21:50:37 EEST" name="testClickingLogout" finished-at="2022-10-03T21:50:43 EEST" duration-ms="5737" status="PASS">
          <reporter-output>
          </reporter-output>
        </test-method> <!-- testClickingLogout -->
        <test-method is-config="true" signature="takeScreenshotOnFailure(org.testng.ITestResult)[pri:0, instance:tests.EmailFriendPageTest@6535ff34]" started-at="2022-10-03T21:50:43 EEST" name="takeScreenshotOnFailure" finished-at="2022-10-03T21:50:43 EEST" duration-ms="0" status="PASS">
          <params>
            <param index="0">
              <value>
                <![CDATA[[TestResult name=testClickingLogout status=SUCCESS method=EmailFriendPageTest.testClickingLogout()[pri:14, instance:tests.EmailFriendPageTest@6535ff34] output={null}]]]>
              </value>
            </param>
          </params>
          <reporter-output>
          </reporter-output>
        </test-method> <!-- takeScreenshotOnFailure -->
        <test-method is-config="true" signature="tearDownClass()[pri:0, instance:tests.EmailFriendPageTest@6535ff34]" started-at="2022-10-03T21:50:43 EEST" name="tearDownClass" finished-at="2022-10-03T21:50:43 EEST" duration-ms="0" status="PASS">
          <reporter-output>
          </reporter-output>
        </test-method> <!-- tearDownClass -->
      </class> <!-- tests.EmailFriendPageTest -->
      <class name="tests.RegistrationPageTest">
        <test-method is-config="true" signature="setUpClass()[pri:0, instance:tests.RegistrationPageTest@50b02825]" started-at="2022-10-03T21:51:19 EEST" name="setUpClass" finished-at="2022-10-03T21:51:19 EEST" duration-ms="11" status="PASS">
          <reporter-output>
          </reporter-output>
        </test-method> <!-- setUpClass -->
        <test-method signature="testRegistrationPage()[pri:1, instance:tests.RegistrationPageTest@50b02825]" started-at="2022-10-03T21:51:19 EEST" name="testRegistrationPage" finished-at="2022-10-03T21:51:23 EEST" duration-ms="3650" status="PASS">
          <reporter-output>
          </reporter-output>
        </test-method> <!-- testRegistrationPage -->
        <test-method is-config="true" signature="takeScreenshotOnFailure(org.testng.ITestResult)[pri:0, instance:tests.RegistrationPageTest@50b02825]" started-at="2022-10-03T21:51:23 EEST" name="takeScreenshotOnFailure" finished-at="2022-10-03T21:51:23 EEST" duration-ms="0" status="PASS">
          <params>
            <param index="0">
              <value>
                <![CDATA[[TestResult name=testRegistrationPage status=SUCCESS method=RegistrationPageTest.testRegistrationPage()[pri:1, instance:tests.RegistrationPageTest@50b02825] output={null}]]]>
              </value>
            </param>
          </params>
          <reporter-output>
          </reporter-output>
        </test-method> <!-- takeScreenshotOnFailure -->
        <test-method signature="testClickingLogout()[pri:2, instance:tests.RegistrationPageTest@50b02825]" started-at="2022-10-03T21:51:23 EEST" name="testClickingLogout" finished-at="2022-10-03T21:51:29 EEST" duration-ms="5725" status="PASS">
          <reporter-output>
          </reporter-output>
        </test-method> <!-- testClickingLogout -->
        <test-method is-config="true" signature="takeScreenshotOnFailure(org.testng.ITestResult)[pri:0, instance:tests.RegistrationPageTest@50b02825]" started-at="2022-10-03T21:51:29 EEST" name="takeScreenshotOnFailure" finished-at="2022-10-03T21:51:29 EEST" duration-ms="0" status="PASS">
          <params>
            <param index="0">
              <value>
                <![CDATA[[TestResult name=testClickingLogout status=SUCCESS method=RegistrationPageTest.testClickingLogout()[pri:2, instance:tests.RegistrationPageTest@50b02825] output={null}]]]>
              </value>
            </param>
          </params>
          <reporter-output>
          </reporter-output>
        </test-method> <!-- takeScreenshotOnFailure -->
        <test-method signature="testClickingLogin()[pri:3, instance:tests.RegistrationPageTest@50b02825]" started-at="2022-10-03T21:51:29 EEST" name="testClickingLogin" finished-at="2022-10-03T21:51:30 EEST" duration-ms="1288" status="PASS">
          <reporter-output>
          </reporter-output>
        </test-method> <!-- testClickingLogin -->
        <test-method is-config="true" signature="takeScreenshotOnFailure(org.testng.ITestResult)[pri:0, instance:tests.RegistrationPageTest@50b02825]" started-at="2022-10-03T21:51:30 EEST" name="takeScreenshotOnFailure" finished-at="2022-10-03T21:51:30 EEST" duration-ms="1" status="PASS">
          <params>
            <param index="0">
              <value>
                <![CDATA[[TestResult name=testClickingLogin status=SUCCESS method=RegistrationPageTest.testClickingLogin()[pri:3, instance:tests.RegistrationPageTest@50b02825] output={null}]]]>
              </value>
            </param>
          </params>
          <reporter-output>
          </reporter-output>
        </test-method> <!-- takeScreenshotOnFailure -->
        <test-method signature="testClickingLogoutAgain()[pri:4, instance:tests.RegistrationPageTest@50b02825]" started-at="2022-10-03T21:51:30 EEST" name="testClickingLogoutAgain" finished-at="2022-10-03T21:51:31 EEST" duration-ms="645" status="PASS">
          <reporter-output>
          </reporter-output>
        </test-method> <!-- testClickingLogoutAgain -->
        <test-method is-config="true" signature="takeScreenshotOnFailure(org.testng.ITestResult)[pri:0, instance:tests.RegistrationPageTest@50b02825]" started-at="2022-10-03T21:51:31 EEST" name="takeScreenshotOnFailure" finished-at="2022-10-03T21:51:31 EEST" duration-ms="0" status="PASS">
          <params>
            <param index="0">
              <value>
                <![CDATA[[TestResult name=testClickingLogoutAgain status=SUCCESS method=RegistrationPageTest.testClickingLogoutAgain()[pri:4, instance:tests.RegistrationPageTest@50b02825] output={null}]]]>
              </value>
            </param>
          </params>
          <reporter-output>
          </reporter-output>
        </test-method> <!-- takeScreenshotOnFailure -->
        <test-method is-config="true" signature="tearDownClass()[pri:0, instance:tests.RegistrationPageTest@50b02825]" started-at="2022-10-03T21:51:31 EEST" name="tearDownClass" finished-at="2022-10-03T21:51:31 EEST" duration-ms="1" status="PASS">
          <reporter-output>
          </reporter-output>
        </test-method> <!-- tearDownClass -->
      </class> <!-- tests.RegistrationPageTest -->
      <class name="tests.AddReviewPageTest">
        <test-method is-config="true" signature="setUpClass()[pri:0, instance:tests.AddReviewPageTest@3f06568]" started-at="2022-10-03T21:52:05 EEST" name="setUpClass" finished-at="2022-10-03T21:52:05 EEST" duration-ms="10" status="PASS">
          <reporter-output>
          </reporter-output>
        </test-method> <!-- setUpClass -->
        <test-method signature="testRegistrationPage()[pri:19, instance:tests.AddReviewPageTest@3f06568]" started-at="2022-10-03T21:52:05 EEST" name="testRegistrationPage" finished-at="2022-10-03T21:52:06 EEST" duration-ms="1483" status="PASS">
          <reporter-output>
          </reporter-output>
        </test-method> <!-- testRegistrationPage -->
        <test-method is-config="true" signature="takeScreenshotOnFailure(org.testng.ITestResult)[pri:0, instance:tests.AddReviewPageTest@3f06568]" started-at="2022-10-03T21:52:06 EEST" name="takeScreenshotOnFailure" finished-at="2022-10-03T21:52:06 EEST" duration-ms="0" status="PASS">
          <params>
            <param index="0">
              <value>
                <![CDATA[[TestResult name=testRegistrationPage status=SUCCESS method=AddReviewPageTest.testRegistrationPage()[pri:19, instance:tests.AddReviewPageTest@3f06568] output={null}]]]>
              </value>
            </param>
          </params>
          <reporter-output>
          </reporter-output>
        </test-method> <!-- takeScreenshotOnFailure -->
        <test-method signature="searchForItem()[pri:20, instance:tests.AddReviewPageTest@3f06568]" started-at="2022-10-03T21:52:06 EEST" name="searchForItem" finished-at="2022-10-03T21:52:10 EEST" duration-ms="3729" status="PASS">
          <reporter-output>
          </reporter-output>
        </test-method> <!-- searchForItem -->
        <test-method is-config="true" signature="takeScreenshotOnFailure(org.testng.ITestResult)[pri:0, instance:tests.AddReviewPageTest@3f06568]" started-at="2022-10-03T21:52:10 EEST" name="takeScreenshotOnFailure" finished-at="2022-10-03T21:52:10 EEST" duration-ms="1" status="PASS">
          <params>
            <param index="0">
              <value>
                <![CDATA[[TestResult name=searchForItem status=SUCCESS method=AddReviewPageTest.searchForItem()[pri:20, instance:tests.AddReviewPageTest@3f06568] output={null}]]]>
              </value>
            </param>
          </params>
          <reporter-output>
          </reporter-output>
        </test-method> <!-- takeScreenshotOnFailure -->
        <test-method signature="addProductReview()[pri:21, instance:tests.AddReviewPageTest@3f06568]" started-at="2022-10-03T21:52:10 EEST" name="addProductReview" finished-at="2022-10-03T21:52:16 EEST" duration-ms="6162" status="PASS">
          <reporter-output>
          </reporter-output>
        </test-method> <!-- addProductReview -->
        <test-method is-config="true" signature="takeScreenshotOnFailure(org.testng.ITestResult)[pri:0, instance:tests.AddReviewPageTest@3f06568]" started-at="2022-10-03T21:52:16 EEST" name="takeScreenshotOnFailure" finished-at="2022-10-03T21:52:16 EEST" duration-ms="0" status="PASS">
          <params>
            <param index="0">
              <value>
                <![CDATA[[TestResult name=addProductReview status=SUCCESS method=AddReviewPageTest.addProductReview()[pri:21, instance:tests.AddReviewPageTest@3f06568] output={null}]]]>
              </value>
            </param>
          </params>
          <reporter-output>
          </reporter-output>
        </test-method> <!-- takeScreenshotOnFailure -->
        <test-method signature="testClickingLogout()[pri:22, instance:tests.AddReviewPageTest@3f06568]" started-at="2022-10-03T21:52:16 EEST" name="testClickingLogout" finished-at="2022-10-03T21:52:17 EEST" duration-ms="676" status="PASS">
          <reporter-output>
          </reporter-output>
        </test-method> <!-- testClickingLogout -->
        <test-method is-config="true" signature="takeScreenshotOnFailure(org.testng.ITestResult)[pri:0, instance:tests.AddReviewPageTest@3f06568]" started-at="2022-10-03T21:52:17 EEST" name="takeScreenshotOnFailure" finished-at="2022-10-03T21:52:17 EEST" duration-ms="1" status="PASS">
          <params>
            <param index="0">
              <value>
                <![CDATA[[TestResult name=testClickingLogout status=SUCCESS method=AddReviewPageTest.testClickingLogout()[pri:22, instance:tests.AddReviewPageTest@3f06568] output={null}]]]>
              </value>
            </param>
          </params>
          <reporter-output>
          </reporter-output>
        </test-method> <!-- takeScreenshotOnFailure -->
        <test-method is-config="true" signature="tearDownClass()[pri:0, instance:tests.AddReviewPageTest@3f06568]" started-at="2022-10-03T21:52:17 EEST" name="tearDownClass" finished-at="2022-10-03T21:52:17 EEST" duration-ms="1" status="PASS">
          <reporter-output>
          </reporter-output>
        </test-method> <!-- tearDownClass -->
      </class> <!-- tests.AddReviewPageTest -->
      <class name="tests.SeleniumGridRegistrationTest">
        <test-method is-config="true" signature="setUp(java.lang.String)[pri:0, instance:tests.SeleniumGridRegistrationTest@15e7833d]" started-at="2022-10-03T21:50:54 EEST" name="setUp" finished-at="2022-10-03T21:50:54 EEST" duration-ms="23" status="FAIL">
          <params>
            <param index="0">
              <value>
                <![CDATA[chrome]]>
              </value>
            </param>
          </params>
          <exception class="org.openqa.selenium.remote.UnreachableBrowserException">
            <message>
              <![CDATA[Could not start a new session. Possible causes are invalid address of the remote server or browser start-up failure.
Build info: version: '3.14.0', revision: 'aacccce0', time: '2018-08-02T20:19:58.91Z'
System info: host: 'IgNOrEs-iMac.local', ip: 'fd94:a79a:9ca5:0:0:0:0:a4a%en0', os.name: 'Mac OS X', os.arch: 'x86_64', os.version: '10.15.7', java.version: '18.0.1.1'
Driver info: driver.version: RemoteWebDriver]]>
            </message>
            <full-stacktrace>
              <![CDATA[org.openqa.selenium.remote.UnreachableBrowserException: Could not start a new session. Possible causes are invalid address of the remote server or browser start-up failure.
Build info: version: '3.14.0', revision: 'aacccce0', time: '2018-08-02T20:19:58.91Z'
System info: host: 'IgNOrEs-iMac.local', ip: 'fd94:a79a:9ca5:0:0:0:0:a4a%en0', os.name: 'Mac OS X', os.arch: 'x86_64', os.version: '10.15.7', java.version: '18.0.1.1'
Driver info: driver.version: RemoteWebDriver
at org.openqa.selenium.remote.RemoteWebDriver.execute(RemoteWebDriver.java:569)
at org.openqa.selenium.remote.RemoteWebDriver.startSession(RemoteWebDriver.java:212)
at org.openqa.selenium.remote.RemoteWebDriver.<init>(RemoteWebDriver.java:130)
at org.openqa.selenium.remote.RemoteWebDriver.<init>(RemoteWebDriver.java:143)
at tests.SeleniumGridTestBase.setUp(SeleniumGridTestBase.java:31)
at java.base/jdk.internal.reflect.DirectMethodHandleAccessor.invoke(DirectMethodHandleAccessor.java:104)
at java.base/java.lang.reflect.Method.invoke(Method.java:577)
at org.testng.internal.MethodInvocationHelper.invokeMethod(MethodInvocationHelper.java:133)
at org.testng.internal.MethodInvocationHelper.invokeMethodConsideringTimeout(MethodInvocationHelper.java:62)
at org.testng.internal.ConfigInvoker.invokeConfigurationMethod(ConfigInvoker.java:385)
at org.testng.internal.ConfigInvoker.invokeConfigurations(ConfigInvoker.java:321)
at org.testng.internal.TestMethodWorker.invokeBeforeClassMethods(TestMethodWorker.java:176)
at org.testng.internal.TestMethodWorker.run(TestMethodWorker.java:122)
at java.base/java.util.ArrayList.forEach(ArrayList.java:1511)
at org.testng.TestRunner.privateRun(TestRunner.java:794)
at org.testng.TestRunner.run(TestRunner.java:596)
at org.testng.SuiteRunner.runTest(SuiteRunner.java:377)
at org.testng.SuiteRunner.runSequentially(SuiteRunner.java:371)
at org.testng.SuiteRunner.privateRun(SuiteRunner.java:332)
at org.testng.SuiteRunner.run(SuiteRunner.java:276)
at org.testng.SuiteRunnerWorker.runSuite(SuiteRunnerWorker.java:53)
at org.testng.SuiteRunnerWorker.run(SuiteRunnerWorker.java:96)
at org.testng.TestNG.runSuitesSequentially(TestNG.java:1212)
at org.testng.TestNG.runSuitesLocally(TestNG.java:1134)
at org.testng.TestNG.runSuites(TestNG.java:1063)
at org.testng.TestNG.run(TestNG.java:1031)
at org.apache.maven.surefire.testng.TestNGExecutor.run(TestNGExecutor.java:132)
at org.apache.maven.surefire.testng.TestNGDirectoryTestSuite.executeMulti(TestNGDirectoryTestSuite.java:193)
at org.apache.maven.surefire.testng.TestNGDirectoryTestSuite.execute(TestNGDirectoryTestSuite.java:94)
at org.apache.maven.surefire.testng.TestNGProvider.invoke(TestNGProvider.java:147)
at org.apache.maven.surefire.booter.ForkedBooter.invokeProviderInSameClassLoader(ForkedBooter.java:290)
at org.apache.maven.surefire.booter.ForkedBooter.runSuitesInProcess(ForkedBooter.java:242)
at org.apache.maven.surefire.booter.ForkedBooter.main(ForkedBooter.java:121)
Caused by: java.net.ConnectException: Failed to connect to localhost/[0:0:0:0:0:0:0:1]:4444
at okhttp3.internal.connection.RealConnection.connectSocket(RealConnection.java:242)
at okhttp3.internal.connection.RealConnection.connect(RealConnection.java:160)
at okhttp3.internal.connection.StreamAllocation.findConnection(StreamAllocation.java:257)
at okhttp3.internal.connection.StreamAllocation.findHealthyConnection(StreamAllocation.java:135)
at okhttp3.internal.connection.StreamAllocation.newStream(StreamAllocation.java:114)
at okhttp3.internal.connection.ConnectInterceptor.intercept(ConnectInterceptor.java:42)
at okhttp3.internal.http.RealInterceptorChain.proceed(RealInterceptorChain.java:147)
at okhttp3.internal.http.RealInterceptorChain.proceed(RealInterceptorChain.java:121)
at okhttp3.internal.cache.CacheInterceptor.intercept(CacheInterceptor.java:93)
at okhttp3.internal.http.RealInterceptorChain.proceed(RealInterceptorChain.java:147)
at okhttp3.internal.http.RealInterceptorChain.proceed(RealInterceptorChain.java:121)
at okhttp3.internal.http.BridgeInterceptor.intercept(BridgeInterceptor.java:93)
at okhttp3.internal.http.RealInterceptorChain.proceed(RealInterceptorChain.java:147)
at okhttp3.internal.http.RetryAndFollowUpInterceptor.intercept(RetryAndFollowUpInterceptor.java:126)
at okhttp3.internal.http.RealInterceptorChain.proceed(RealInterceptorChain.java:147)
at okhttp3.internal.http.RealInterceptorChain.proceed(RealInterceptorChain.java:121)
at okhttp3.RealCall.getResponseWithInterceptorChain(RealCall.java:200)
at okhttp3.RealCall.execute(RealCall.java:77)
at org.openqa.selenium.remote.internal.OkHttpClient.execute(OkHttpClient.java:105)
at org.openqa.selenium.remote.ProtocolHandshake.createSession(ProtocolHandshake.java:101)
at org.openqa.selenium.remote.ProtocolHandshake.createSession(ProtocolHandshake.java:73)
at org.openqa.selenium.remote.HttpCommandExecutor.execute(HttpCommandExecutor.java:136)
at org.openqa.selenium.remote.RemoteWebDriver.execute(RemoteWebDriver.java:548)
... 32 more
Caused by: java.net.ConnectException: Connection refused
at java.base/sun.nio.ch.Net.pollConnect(Native Method)
at java.base/sun.nio.ch.Net.pollConnectNow(Net.java:672)
at java.base/sun.nio.ch.NioSocketImpl.timedFinishConnect(NioSocketImpl.java:546)
at java.base/sun.nio.ch.NioSocketImpl.connect(NioSocketImpl.java:594)
at java.base/java.net.SocksSocketImpl.connect(SocksSocketImpl.java:327)
at java.base/java.net.Socket.connect(Socket.java:633)
at okhttp3.internal.platform.Platform.connectSocket(Platform.java:129)
at okhttp3.internal.connection.RealConnection.connectSocket(RealConnection.java:240)
... 54 more
]]>
            </full-stacktrace>
          </exception> <!-- org.openqa.selenium.remote.UnreachableBrowserException -->
          <reporter-output>
          </reporter-output>
        </test-method> <!-- setUp -->
        <test-method signature="testRegistrationPage()[pri:1, instance:tests.SeleniumGridRegistrationTest@15e7833d]" started-at="2022-10-03T21:50:54 EEST" name="testRegistrationPage" finished-at="2022-10-03T21:50:54 EEST" duration-ms="0" status="SKIP">
          <exception class="org.openqa.selenium.remote.UnreachableBrowserException">
            <message>
              <![CDATA[Could not start a new session. Possible causes are invalid address of the remote server or browser start-up failure.
Build info: version: '3.14.0', revision: 'aacccce0', time: '2018-08-02T20:19:58.91Z'
System info: host: 'IgNOrEs-iMac.local', ip: 'fd94:a79a:9ca5:0:0:0:0:a4a%en0', os.name: 'Mac OS X', os.arch: 'x86_64', os.version: '10.15.7', java.version: '18.0.1.1'
Driver info: driver.version: RemoteWebDriver]]>
            </message>
            <full-stacktrace>
              <![CDATA[org.openqa.selenium.remote.UnreachableBrowserException: Could not start a new session. Possible causes are invalid address of the remote server or browser start-up failure.
Build info: version: '3.14.0', revision: 'aacccce0', time: '2018-08-02T20:19:58.91Z'
System info: host: 'IgNOrEs-iMac.local', ip: 'fd94:a79a:9ca5:0:0:0:0:a4a%en0', os.name: 'Mac OS X', os.arch: 'x86_64', os.version: '10.15.7', java.version: '18.0.1.1'
Driver info: driver.version: RemoteWebDriver
at org.openqa.selenium.remote.RemoteWebDriver.execute(RemoteWebDriver.java:569)
at org.openqa.selenium.remote.RemoteWebDriver.startSession(RemoteWebDriver.java:212)
at org.openqa.selenium.remote.RemoteWebDriver.<init>(RemoteWebDriver.java:130)
at org.openqa.selenium.remote.RemoteWebDriver.<init>(RemoteWebDriver.java:143)
at tests.SeleniumGridTestBase.setUp(SeleniumGridTestBase.java:31)
at java.base/jdk.internal.reflect.DirectMethodHandleAccessor.invoke(DirectMethodHandleAccessor.java:104)
at java.base/java.lang.reflect.Method.invoke(Method.java:577)
at org.testng.internal.MethodInvocationHelper.invokeMethod(MethodInvocationHelper.java:133)
at org.testng.internal.MethodInvocationHelper.invokeMethodConsideringTimeout(MethodInvocationHelper.java:62)
at org.testng.internal.ConfigInvoker.invokeConfigurationMethod(ConfigInvoker.java:385)
at org.testng.internal.ConfigInvoker.invokeConfigurations(ConfigInvoker.java:321)
at org.testng.internal.TestMethodWorker.invokeBeforeClassMethods(TestMethodWorker.java:176)
at org.testng.internal.TestMethodWorker.run(TestMethodWorker.java:122)
at java.base/java.util.ArrayList.forEach(ArrayList.java:1511)
at org.testng.TestRunner.privateRun(TestRunner.java:794)
at org.testng.TestRunner.run(TestRunner.java:596)
at org.testng.SuiteRunner.runTest(SuiteRunner.java:377)
at org.testng.SuiteRunner.runSequentially(SuiteRunner.java:371)
at org.testng.SuiteRunner.privateRun(SuiteRunner.java:332)
at org.testng.SuiteRunner.run(SuiteRunner.java:276)
at org.testng.SuiteRunnerWorker.runSuite(SuiteRunnerWorker.java:53)
at org.testng.SuiteRunnerWorker.run(SuiteRunnerWorker.java:96)
at org.testng.TestNG.runSuitesSequentially(TestNG.java:1212)
at org.testng.TestNG.runSuitesLocally(TestNG.java:1134)
at org.testng.TestNG.runSuites(TestNG.java:1063)
at org.testng.TestNG.run(TestNG.java:1031)
at org.apache.maven.surefire.testng.TestNGExecutor.run(TestNGExecutor.java:132)
at org.apache.maven.surefire.testng.TestNGDirectoryTestSuite.executeMulti(TestNGDirectoryTestSuite.java:193)
at org.apache.maven.surefire.testng.TestNGDirectoryTestSuite.execute(TestNGDirectoryTestSuite.java:94)
at org.apache.maven.surefire.testng.TestNGProvider.invoke(TestNGProvider.java:147)
at org.apache.maven.surefire.booter.ForkedBooter.invokeProviderInSameClassLoader(ForkedBooter.java:290)
at org.apache.maven.surefire.booter.ForkedBooter.runSuitesInProcess(ForkedBooter.java:242)
at org.apache.maven.surefire.booter.ForkedBooter.main(ForkedBooter.java:121)
Caused by: java.net.ConnectException: Failed to connect to localhost/[0:0:0:0:0:0:0:1]:4444
at okhttp3.internal.connection.RealConnection.connectSocket(RealConnection.java:242)
at okhttp3.internal.connection.RealConnection.connect(RealConnection.java:160)
at okhttp3.internal.connection.StreamAllocation.findConnection(StreamAllocation.java:257)
at okhttp3.internal.connection.StreamAllocation.findHealthyConnection(StreamAllocation.java:135)
at okhttp3.internal.connection.StreamAllocation.newStream(StreamAllocation.java:114)
at okhttp3.internal.connection.ConnectInterceptor.intercept(ConnectInterceptor.java:42)
at okhttp3.internal.http.RealInterceptorChain.proceed(RealInterceptorChain.java:147)
at okhttp3.internal.http.RealInterceptorChain.proceed(RealInterceptorChain.java:121)
at okhttp3.internal.cache.CacheInterceptor.intercept(CacheInterceptor.java:93)
at okhttp3.internal.http.RealInterceptorChain.proceed(RealInterceptorChain.java:147)
at okhttp3.internal.http.RealInterceptorChain.proceed(RealInterceptorChain.java:121)
at okhttp3.internal.http.BridgeInterceptor.intercept(BridgeInterceptor.java:93)
at okhttp3.internal.http.RealInterceptorChain.proceed(RealInterceptorChain.java:147)
at okhttp3.internal.http.RetryAndFollowUpInterceptor.intercept(RetryAndFollowUpInterceptor.java:126)
at okhttp3.internal.http.RealInterceptorChain.proceed(RealInterceptorChain.java:147)
at okhttp3.internal.http.RealInterceptorChain.proceed(RealInterceptorChain.java:121)
at okhttp3.RealCall.getResponseWithInterceptorChain(RealCall.java:200)
at okhttp3.RealCall.execute(RealCall.java:77)
at org.openqa.selenium.remote.internal.OkHttpClient.execute(OkHttpClient.java:105)
at org.openqa.selenium.remote.ProtocolHandshake.createSession(ProtocolHandshake.java:101)
at org.openqa.selenium.remote.ProtocolHandshake.createSession(ProtocolHandshake.java:73)
at org.openqa.selenium.remote.HttpCommandExecutor.execute(HttpCommandExecutor.java:136)
at org.openqa.selenium.remote.RemoteWebDriver.execute(RemoteWebDriver.java:548)
... 32 more
Caused by: java.net.ConnectException: Connection refused
at java.base/sun.nio.ch.Net.pollConnect(Native Method)
at java.base/sun.nio.ch.Net.pollConnectNow(Net.java:672)
at java.base/sun.nio.ch.NioSocketImpl.timedFinishConnect(NioSocketImpl.java:546)
at java.base/sun.nio.ch.NioSocketImpl.connect(NioSocketImpl.java:594)
at java.base/java.net.SocksSocketImpl.connect(SocksSocketImpl.java:327)
at java.base/java.net.Socket.connect(Socket.java:633)
at okhttp3.internal.platform.Platform.connectSocket(Platform.java:129)
at okhttp3.internal.connection.RealConnection.connectSocket(RealConnection.java:240)
... 54 more
]]>
            </full-stacktrace>
          </exception> <!-- org.openqa.selenium.remote.UnreachableBrowserException -->
          <reporter-output>
          </reporter-output>
        </test-method> <!-- testRegistrationPage -->
        <test-method is-config="true" signature="screenshotOnFailure(org.testng.ITestResult)[pri:0, instance:tests.SeleniumGridRegistrationTest@15e7833d]" started-at="2022-10-03T21:50:54 EEST" name="screenshotOnFailure" finished-at="1970-01-01T03:00:00 EET" duration-ms="-1664823054325" status="SKIP">
          <reporter-output>
          </reporter-output>
        </test-method> <!-- screenshotOnFailure -->
        <test-method signature="testClickingLogout()[pri:2, instance:tests.SeleniumGridRegistrationTest@15e7833d]" started-at="2022-10-03T21:50:54 EEST" name="testClickingLogout" finished-at="2022-10-03T21:50:54 EEST" duration-ms="0" status="SKIP">
          <exception class="org.openqa.selenium.remote.UnreachableBrowserException">
            <message>
              <![CDATA[Could not start a new session. Possible causes are invalid address of the remote server or browser start-up failure.
Build info: version: '3.14.0', revision: 'aacccce0', time: '2018-08-02T20:19:58.91Z'
System info: host: 'IgNOrEs-iMac.local', ip: 'fd94:a79a:9ca5:0:0:0:0:a4a%en0', os.name: 'Mac OS X', os.arch: 'x86_64', os.version: '10.15.7', java.version: '18.0.1.1'
Driver info: driver.version: RemoteWebDriver]]>
            </message>
            <full-stacktrace>
              <![CDATA[org.openqa.selenium.remote.UnreachableBrowserException: Could not start a new session. Possible causes are invalid address of the remote server or browser start-up failure.
Build info: version: '3.14.0', revision: 'aacccce0', time: '2018-08-02T20:19:58.91Z'
System info: host: 'IgNOrEs-iMac.local', ip: 'fd94:a79a:9ca5:0:0:0:0:a4a%en0', os.name: 'Mac OS X', os.arch: 'x86_64', os.version: '10.15.7', java.version: '18.0.1.1'
Driver info: driver.version: RemoteWebDriver
at org.openqa.selenium.remote.RemoteWebDriver.execute(RemoteWebDriver.java:569)
at org.openqa.selenium.remote.RemoteWebDriver.startSession(RemoteWebDriver.java:212)
at org.openqa.selenium.remote.RemoteWebDriver.<init>(RemoteWebDriver.java:130)
at org.openqa.selenium.remote.RemoteWebDriver.<init>(RemoteWebDriver.java:143)
at tests.SeleniumGridTestBase.setUp(SeleniumGridTestBase.java:31)
at java.base/jdk.internal.reflect.DirectMethodHandleAccessor.invoke(DirectMethodHandleAccessor.java:104)
at java.base/java.lang.reflect.Method.invoke(Method.java:577)
at org.testng.internal.MethodInvocationHelper.invokeMethod(MethodInvocationHelper.java:133)
at org.testng.internal.MethodInvocationHelper.invokeMethodConsideringTimeout(MethodInvocationHelper.java:62)
at org.testng.internal.ConfigInvoker.invokeConfigurationMethod(ConfigInvoker.java:385)
at org.testng.internal.ConfigInvoker.invokeConfigurations(ConfigInvoker.java:321)
at org.testng.internal.TestMethodWorker.invokeBeforeClassMethods(TestMethodWorker.java:176)
at org.testng.internal.TestMethodWorker.run(TestMethodWorker.java:122)
at java.base/java.util.ArrayList.forEach(ArrayList.java:1511)
at org.testng.TestRunner.privateRun(TestRunner.java:794)
at org.testng.TestRunner.run(TestRunner.java:596)
at org.testng.SuiteRunner.runTest(SuiteRunner.java:377)
at org.testng.SuiteRunner.runSequentially(SuiteRunner.java:371)
at org.testng.SuiteRunner.privateRun(SuiteRunner.java:332)
at org.testng.SuiteRunner.run(SuiteRunner.java:276)
at org.testng.SuiteRunnerWorker.runSuite(SuiteRunnerWorker.java:53)
at org.testng.SuiteRunnerWorker.run(SuiteRunnerWorker.java:96)
at org.testng.TestNG.runSuitesSequentially(TestNG.java:1212)
at org.testng.TestNG.runSuitesLocally(TestNG.java:1134)
at org.testng.TestNG.runSuites(TestNG.java:1063)
at org.testng.TestNG.run(TestNG.java:1031)
at org.apache.maven.surefire.testng.TestNGExecutor.run(TestNGExecutor.java:132)
at org.apache.maven.surefire.testng.TestNGDirectoryTestSuite.executeMulti(TestNGDirectoryTestSuite.java:193)
at org.apache.maven.surefire.testng.TestNGDirectoryTestSuite.execute(TestNGDirectoryTestSuite.java:94)
at org.apache.maven.surefire.testng.TestNGProvider.invoke(TestNGProvider.java:147)
at org.apache.maven.surefire.booter.ForkedBooter.invokeProviderInSameClassLoader(ForkedBooter.java:290)
at org.apache.maven.surefire.booter.ForkedBooter.runSuitesInProcess(ForkedBooter.java:242)
at org.apache.maven.surefire.booter.ForkedBooter.main(ForkedBooter.java:121)
Caused by: java.net.ConnectException: Failed to connect to localhost/[0:0:0:0:0:0:0:1]:4444
at okhttp3.internal.connection.RealConnection.connectSocket(RealConnection.java:242)
at okhttp3.internal.connection.RealConnection.connect(RealConnection.java:160)
at okhttp3.internal.connection.StreamAllocation.findConnection(StreamAllocation.java:257)
at okhttp3.internal.connection.StreamAllocation.findHealthyConnection(StreamAllocation.java:135)
at okhttp3.internal.connection.StreamAllocation.newStream(StreamAllocation.java:114)
at okhttp3.internal.connection.ConnectInterceptor.intercept(ConnectInterceptor.java:42)
at okhttp3.internal.http.RealInterceptorChain.proceed(RealInterceptorChain.java:147)
at okhttp3.internal.http.RealInterceptorChain.proceed(RealInterceptorChain.java:121)
at okhttp3.internal.cache.CacheInterceptor.intercept(CacheInterceptor.java:93)
at okhttp3.internal.http.RealInterceptorChain.proceed(RealInterceptorChain.java:147)
at okhttp3.internal.http.RealInterceptorChain.proceed(RealInterceptorChain.java:121)
at okhttp3.internal.http.BridgeInterceptor.intercept(BridgeInterceptor.java:93)
at okhttp3.internal.http.RealInterceptorChain.proceed(RealInterceptorChain.java:147)
at okhttp3.internal.http.RetryAndFollowUpInterceptor.intercept(RetryAndFollowUpInterceptor.java:126)
at okhttp3.internal.http.RealInterceptorChain.proceed(RealInterceptorChain.java:147)
at okhttp3.internal.http.RealInterceptorChain.proceed(RealInterceptorChain.java:121)
at okhttp3.RealCall.getResponseWithInterceptorChain(RealCall.java:200)
at okhttp3.RealCall.execute(RealCall.java:77)
at org.openqa.selenium.remote.internal.OkHttpClient.execute(OkHttpClient.java:105)
at org.openqa.selenium.remote.ProtocolHandshake.createSession(ProtocolHandshake.java:101)
at org.openqa.selenium.remote.ProtocolHandshake.createSession(ProtocolHandshake.java:73)
at org.openqa.selenium.remote.HttpCommandExecutor.execute(HttpCommandExecutor.java:136)
at org.openqa.selenium.remote.RemoteWebDriver.execute(RemoteWebDriver.java:548)
... 32 more
Caused by: java.net.ConnectException: Connection refused
at java.base/sun.nio.ch.Net.pollConnect(Native Method)
at java.base/sun.nio.ch.Net.pollConnectNow(Net.java:672)
at java.base/sun.nio.ch.NioSocketImpl.timedFinishConnect(NioSocketImpl.java:546)
at java.base/sun.nio.ch.NioSocketImpl.connect(NioSocketImpl.java:594)
at java.base/java.net.SocksSocketImpl.connect(SocksSocketImpl.java:327)
at java.base/java.net.Socket.connect(Socket.java:633)
at okhttp3.internal.platform.Platform.connectSocket(Platform.java:129)
at okhttp3.internal.connection.RealConnection.connectSocket(RealConnection.java:240)
... 54 more
]]>
            </full-stacktrace>
          </exception> <!-- org.openqa.selenium.remote.UnreachableBrowserException -->
          <reporter-output>
          </reporter-output>
        </test-method> <!-- testClickingLogout -->
        <test-method is-config="true" signature="screenshotOnFailure(org.testng.ITestResult)[pri:0, instance:tests.SeleniumGridRegistrationTest@15e7833d]" started-at="2022-10-03T21:50:54 EEST" name="screenshotOnFailure" finished-at="1970-01-01T03:00:00 EET" duration-ms="-1664823054330" status="SKIP">
          <reporter-output>
          </reporter-output>
        </test-method> <!-- screenshotOnFailure -->
        <test-method signature="testClickingLogin()[pri:3, instance:tests.SeleniumGridRegistrationTest@15e7833d]" started-at="2022-10-03T21:50:54 EEST" name="testClickingLogin" finished-at="2022-10-03T21:50:54 EEST" duration-ms="0" status="SKIP">
          <exception class="org.openqa.selenium.remote.UnreachableBrowserException">
            <message>
              <![CDATA[Could not start a new session. Possible causes are invalid address of the remote server or browser start-up failure.
Build info: version: '3.14.0', revision: 'aacccce0', time: '2018-08-02T20:19:58.91Z'
System info: host: 'IgNOrEs-iMac.local', ip: 'fd94:a79a:9ca5:0:0:0:0:a4a%en0', os.name: 'Mac OS X', os.arch: 'x86_64', os.version: '10.15.7', java.version: '18.0.1.1'
Driver info: driver.version: RemoteWebDriver]]>
            </message>
            <full-stacktrace>
              <![CDATA[org.openqa.selenium.remote.UnreachableBrowserException: Could not start a new session. Possible causes are invalid address of the remote server or browser start-up failure.
Build info: version: '3.14.0', revision: 'aacccce0', time: '2018-08-02T20:19:58.91Z'
System info: host: 'IgNOrEs-iMac.local', ip: 'fd94:a79a:9ca5:0:0:0:0:a4a%en0', os.name: 'Mac OS X', os.arch: 'x86_64', os.version: '10.15.7', java.version: '18.0.1.1'
Driver info: driver.version: RemoteWebDriver
at org.openqa.selenium.remote.RemoteWebDriver.execute(RemoteWebDriver.java:569)
at org.openqa.selenium.remote.RemoteWebDriver.startSession(RemoteWebDriver.java:212)
at org.openqa.selenium.remote.RemoteWebDriver.<init>(RemoteWebDriver.java:130)
at org.openqa.selenium.remote.RemoteWebDriver.<init>(RemoteWebDriver.java:143)
at tests.SeleniumGridTestBase.setUp(SeleniumGridTestBase.java:31)
at java.base/jdk.internal.reflect.DirectMethodHandleAccessor.invoke(DirectMethodHandleAccessor.java:104)
at java.base/java.lang.reflect.Method.invoke(Method.java:577)
at org.testng.internal.MethodInvocationHelper.invokeMethod(MethodInvocationHelper.java:133)
at org.testng.internal.MethodInvocationHelper.invokeMethodConsideringTimeout(MethodInvocationHelper.java:62)
at org.testng.internal.ConfigInvoker.invokeConfigurationMethod(ConfigInvoker.java:385)
at org.testng.internal.ConfigInvoker.invokeConfigurations(ConfigInvoker.java:321)
at org.testng.internal.TestMethodWorker.invokeBeforeClassMethods(TestMethodWorker.java:176)
at org.testng.internal.TestMethodWorker.run(TestMethodWorker.java:122)
at java.base/java.util.ArrayList.forEach(ArrayList.java:1511)
at org.testng.TestRunner.privateRun(TestRunner.java:794)
at org.testng.TestRunner.run(TestRunner.java:596)
at org.testng.SuiteRunner.runTest(SuiteRunner.java:377)
at org.testng.SuiteRunner.runSequentially(SuiteRunner.java:371)
at org.testng.SuiteRunner.privateRun(SuiteRunner.java:332)
at org.testng.SuiteRunner.run(SuiteRunner.java:276)
at org.testng.SuiteRunnerWorker.runSuite(SuiteRunnerWorker.java:53)
at org.testng.SuiteRunnerWorker.run(SuiteRunnerWorker.java:96)
at org.testng.TestNG.runSuitesSequentially(TestNG.java:1212)
at org.testng.TestNG.runSuitesLocally(TestNG.java:1134)
at org.testng.TestNG.runSuites(TestNG.java:1063)
at org.testng.TestNG.run(TestNG.java:1031)
at org.apache.maven.surefire.testng.TestNGExecutor.run(TestNGExecutor.java:132)
at org.apache.maven.surefire.testng.TestNGDirectoryTestSuite.executeMulti(TestNGDirectoryTestSuite.java:193)
at org.apache.maven.surefire.testng.TestNGDirectoryTestSuite.execute(TestNGDirectoryTestSuite.java:94)
at org.apache.maven.surefire.testng.TestNGProvider.invoke(TestNGProvider.java:147)
at org.apache.maven.surefire.booter.ForkedBooter.invokeProviderInSameClassLoader(ForkedBooter.java:290)
at org.apache.maven.surefire.booter.ForkedBooter.runSuitesInProcess(ForkedBooter.java:242)
at org.apache.maven.surefire.booter.ForkedBooter.main(ForkedBooter.java:121)
Caused by: java.net.ConnectException: Failed to connect to localhost/[0:0:0:0:0:0:0:1]:4444
at okhttp3.internal.connection.RealConnection.connectSocket(RealConnection.java:242)
at okhttp3.internal.connection.RealConnection.connect(RealConnection.java:160)
at okhttp3.internal.connection.StreamAllocation.findConnection(StreamAllocation.java:257)
at okhttp3.internal.connection.StreamAllocation.findHealthyConnection(StreamAllocation.java:135)
at okhttp3.internal.connection.StreamAllocation.newStream(StreamAllocation.java:114)
at okhttp3.internal.connection.ConnectInterceptor.intercept(ConnectInterceptor.java:42)
at okhttp3.internal.http.RealInterceptorChain.proceed(RealInterceptorChain.java:147)
at okhttp3.internal.http.RealInterceptorChain.proceed(RealInterceptorChain.java:121)
at okhttp3.internal.cache.CacheInterceptor.intercept(CacheInterceptor.java:93)
at okhttp3.internal.http.RealInterceptorChain.proceed(RealInterceptorChain.java:147)
at okhttp3.internal.http.RealInterceptorChain.proceed(RealInterceptorChain.java:121)
at okhttp3.internal.http.BridgeInterceptor.intercept(BridgeInterceptor.java:93)
at okhttp3.internal.http.RealInterceptorChain.proceed(RealInterceptorChain.java:147)
at okhttp3.internal.http.RetryAndFollowUpInterceptor.intercept(RetryAndFollowUpInterceptor.java:126)
at okhttp3.internal.http.RealInterceptorChain.proceed(RealInterceptorChain.java:147)
at okhttp3.internal.http.RealInterceptorChain.proceed(RealInterceptorChain.java:121)
at okhttp3.RealCall.getResponseWithInterceptorChain(RealCall.java:200)
at okhttp3.RealCall.execute(RealCall.java:77)
at org.openqa.selenium.remote.internal.OkHttpClient.execute(OkHttpClient.java:105)
at org.openqa.selenium.remote.ProtocolHandshake.createSession(ProtocolHandshake.java:101)
at org.openqa.selenium.remote.ProtocolHandshake.createSession(ProtocolHandshake.java:73)
at org.openqa.selenium.remote.HttpCommandExecutor.execute(HttpCommandExecutor.java:136)
at org.openqa.selenium.remote.RemoteWebDriver.execute(RemoteWebDriver.java:548)
... 32 more
Caused by: java.net.ConnectException: Connection refused
at java.base/sun.nio.ch.Net.pollConnect(Native Method)
at java.base/sun.nio.ch.Net.pollConnectNow(Net.java:672)
at java.base/sun.nio.ch.NioSocketImpl.timedFinishConnect(NioSocketImpl.java:546)
at java.base/sun.nio.ch.NioSocketImpl.connect(NioSocketImpl.java:594)
at java.base/java.net.SocksSocketImpl.connect(SocksSocketImpl.java:327)
at java.base/java.net.Socket.connect(Socket.java:633)
at okhttp3.internal.platform.Platform.connectSocket(Platform.java:129)
at okhttp3.internal.connection.RealConnection.connectSocket(RealConnection.java:240)
... 54 more
]]>
            </full-stacktrace>
          </exception> <!-- org.openqa.selenium.remote.UnreachableBrowserException -->
          <reporter-output>
          </reporter-output>
        </test-method> <!-- testClickingLogin -->
        <test-method is-config="true" signature="screenshotOnFailure(org.testng.ITestResult)[pri:0, instance:tests.SeleniumGridRegistrationTest@15e7833d]" started-at="2022-10-03T21:50:54 EEST" name="screenshotOnFailure" finished-at="1970-01-01T03:00:00 EET" duration-ms="-1664823054335" status="SKIP">
          <reporter-output>
          </reporter-output>
        </test-method> <!-- screenshotOnFailure -->
        <test-method signature="testClickingLogoutAgain()[pri:4, instance:tests.SeleniumGridRegistrationTest@15e7833d]" started-at="2022-10-03T21:50:54 EEST" name="testClickingLogoutAgain" finished-at="2022-10-03T21:50:54 EEST" duration-ms="0" status="SKIP">
          <exception class="org.openqa.selenium.remote.UnreachableBrowserException">
            <message>
              <![CDATA[Could not start a new session. Possible causes are invalid address of the remote server or browser start-up failure.
Build info: version: '3.14.0', revision: 'aacccce0', time: '2018-08-02T20:19:58.91Z'
System info: host: 'IgNOrEs-iMac.local', ip: 'fd94:a79a:9ca5:0:0:0:0:a4a%en0', os.name: 'Mac OS X', os.arch: 'x86_64', os.version: '10.15.7', java.version: '18.0.1.1'
Driver info: driver.version: RemoteWebDriver]]>
            </message>
            <full-stacktrace>
              <![CDATA[org.openqa.selenium.remote.UnreachableBrowserException: Could not start a new session. Possible causes are invalid address of the remote server or browser start-up failure.
Build info: version: '3.14.0', revision: 'aacccce0', time: '2018-08-02T20:19:58.91Z'
System info: host: 'IgNOrEs-iMac.local', ip: 'fd94:a79a:9ca5:0:0:0:0:a4a%en0', os.name: 'Mac OS X', os.arch: 'x86_64', os.version: '10.15.7', java.version: '18.0.1.1'
Driver info: driver.version: RemoteWebDriver
at org.openqa.selenium.remote.RemoteWebDriver.execute(RemoteWebDriver.java:569)
at org.openqa.selenium.remote.RemoteWebDriver.startSession(RemoteWebDriver.java:212)
at org.openqa.selenium.remote.RemoteWebDriver.<init>(RemoteWebDriver.java:130)
at org.openqa.selenium.remote.RemoteWebDriver.<init>(RemoteWebDriver.java:143)
at tests.SeleniumGridTestBase.setUp(SeleniumGridTestBase.java:31)
at java.base/jdk.internal.reflect.DirectMethodHandleAccessor.invoke(DirectMethodHandleAccessor.java:104)
at java.base/java.lang.reflect.Method.invoke(Method.java:577)
at org.testng.internal.MethodInvocationHelper.invokeMethod(MethodInvocationHelper.java:133)
at org.testng.internal.MethodInvocationHelper.invokeMethodConsideringTimeout(MethodInvocationHelper.java:62)
at org.testng.internal.ConfigInvoker.invokeConfigurationMethod(ConfigInvoker.java:385)
at org.testng.internal.ConfigInvoker.invokeConfigurations(ConfigInvoker.java:321)
at org.testng.internal.TestMethodWorker.invokeBeforeClassMethods(TestMethodWorker.java:176)
at org.testng.internal.TestMethodWorker.run(TestMethodWorker.java:122)
at java.base/java.util.ArrayList.forEach(ArrayList.java:1511)
at org.testng.TestRunner.privateRun(TestRunner.java:794)
at org.testng.TestRunner.run(TestRunner.java:596)
at org.testng.SuiteRunner.runTest(SuiteRunner.java:377)
at org.testng.SuiteRunner.runSequentially(SuiteRunner.java:371)
at org.testng.SuiteRunner.privateRun(SuiteRunner.java:332)
at org.testng.SuiteRunner.run(SuiteRunner.java:276)
at org.testng.SuiteRunnerWorker.runSuite(SuiteRunnerWorker.java:53)
at org.testng.SuiteRunnerWorker.run(SuiteRunnerWorker.java:96)
at org.testng.TestNG.runSuitesSequentially(TestNG.java:1212)
at org.testng.TestNG.runSuitesLocally(TestNG.java:1134)
at org.testng.TestNG.runSuites(TestNG.java:1063)
at org.testng.TestNG.run(TestNG.java:1031)
at org.apache.maven.surefire.testng.TestNGExecutor.run(TestNGExecutor.java:132)
at org.apache.maven.surefire.testng.TestNGDirectoryTestSuite.executeMulti(TestNGDirectoryTestSuite.java:193)
at org.apache.maven.surefire.testng.TestNGDirectoryTestSuite.execute(TestNGDirectoryTestSuite.java:94)
at org.apache.maven.surefire.testng.TestNGProvider.invoke(TestNGProvider.java:147)
at org.apache.maven.surefire.booter.ForkedBooter.invokeProviderInSameClassLoader(ForkedBooter.java:290)
at org.apache.maven.surefire.booter.ForkedBooter.runSuitesInProcess(ForkedBooter.java:242)
at org.apache.maven.surefire.booter.ForkedBooter.main(ForkedBooter.java:121)
Caused by: java.net.ConnectException: Failed to connect to localhost/[0:0:0:0:0:0:0:1]:4444
at okhttp3.internal.connection.RealConnection.connectSocket(RealConnection.java:242)
at okhttp3.internal.connection.RealConnection.connect(RealConnection.java:160)
at okhttp3.internal.connection.StreamAllocation.findConnection(StreamAllocation.java:257)
at okhttp3.internal.connection.StreamAllocation.findHealthyConnection(StreamAllocation.java:135)
at okhttp3.internal.connection.StreamAllocation.newStream(StreamAllocation.java:114)
at okhttp3.internal.connection.ConnectInterceptor.intercept(ConnectInterceptor.java:42)
at okhttp3.internal.http.RealInterceptorChain.proceed(RealInterceptorChain.java:147)
at okhttp3.internal.http.RealInterceptorChain.proceed(RealInterceptorChain.java:121)
at okhttp3.internal.cache.CacheInterceptor.intercept(CacheInterceptor.java:93)
at okhttp3.internal.http.RealInterceptorChain.proceed(RealInterceptorChain.java:147)
at okhttp3.internal.http.RealInterceptorChain.proceed(RealInterceptorChain.java:121)
at okhttp3.internal.http.BridgeInterceptor.intercept(BridgeInterceptor.java:93)
at okhttp3.internal.http.RealInterceptorChain.proceed(RealInterceptorChain.java:147)
at okhttp3.internal.http.RetryAndFollowUpInterceptor.intercept(RetryAndFollowUpInterceptor.java:126)
at okhttp3.internal.http.RealInterceptorChain.proceed(RealInterceptorChain.java:147)
at okhttp3.internal.http.RealInterceptorChain.proceed(RealInterceptorChain.java:121)
at okhttp3.RealCall.getResponseWithInterceptorChain(RealCall.java:200)
at okhttp3.RealCall.execute(RealCall.java:77)
at org.openqa.selenium.remote.internal.OkHttpClient.execute(OkHttpClient.java:105)
at org.openqa.selenium.remote.ProtocolHandshake.createSession(ProtocolHandshake.java:101)
at org.openqa.selenium.remote.ProtocolHandshake.createSession(ProtocolHandshake.java:73)
at org.openqa.selenium.remote.HttpCommandExecutor.execute(HttpCommandExecutor.java:136)
at org.openqa.selenium.remote.RemoteWebDriver.execute(RemoteWebDriver.java:548)
... 32 more
Caused by: java.net.ConnectException: Connection refused
at java.base/sun.nio.ch.Net.pollConnect(Native Method)
at java.base/sun.nio.ch.Net.pollConnectNow(Net.java:672)
at java.base/sun.nio.ch.NioSocketImpl.timedFinishConnect(NioSocketImpl.java:546)
at java.base/sun.nio.ch.NioSocketImpl.connect(NioSocketImpl.java:594)
at java.base/java.net.SocksSocketImpl.connect(SocksSocketImpl.java:327)
at java.base/java.net.Socket.connect(Socket.java:633)
at okhttp3.internal.platform.Platform.connectSocket(Platform.java:129)
at okhttp3.internal.connection.RealConnection.connectSocket(RealConnection.java:240)
... 54 more
]]>
            </full-stacktrace>
          </exception> <!-- org.openqa.selenium.remote.UnreachableBrowserException -->
          <reporter-output>
          </reporter-output>
        </test-method> <!-- testClickingLogoutAgain -->
        <test-method is-config="true" signature="screenshotOnFailure(org.testng.ITestResult)[pri:0, instance:tests.SeleniumGridRegistrationTest@15e7833d]" started-at="2022-10-03T21:50:54 EEST" name="screenshotOnFailure" finished-at="1970-01-01T03:00:00 EET" duration-ms="-1664823054339" status="SKIP">
          <reporter-output>
          </reporter-output>
        </test-method> <!-- screenshotOnFailure -->
        <test-method is-config="true" signature="stopDriver()[pri:0, instance:tests.SeleniumGridRegistrationTest@15e7833d]" started-at="2022-10-03T21:50:54 EEST" name="stopDriver" finished-at="1970-01-01T03:00:00 EET" duration-ms="-1664823054340" status="SKIP">
          <reporter-output>
          </reporter-output>
        </test-method> <!-- stopDriver -->
      </class> <!-- tests.SeleniumGridRegistrationTest -->
      <class name="tests.TestBase">
        <test-method is-config="true" signature="setUpClass()[pri:0, instance:tests.TestBase@62302ca1]" started-at="2022-10-03T21:51:31 EEST" name="setUpClass" finished-at="2022-10-03T21:51:31 EEST" duration-ms="10" status="PASS">
          <reporter-output>
          </reporter-output>
        </test-method> <!-- setUpClass -->
        <test-method is-config="true" signature="tearDownClass()[pri:0, instance:tests.TestBase@62302ca1]" started-at="2022-10-03T21:51:31 EEST" name="tearDownClass" finished-at="2022-10-03T21:51:31 EEST" duration-ms="1" status="PASS">
          <reporter-output>
          </reporter-output>
        </test-method> <!-- tearDownClass -->
      </class> <!-- tests.TestBase -->
      <class name="tests.AddToCartPageTest">
        <test-method is-config="true" signature="setUpClass()[pri:0, instance:tests.AddToCartPageTest@664e5a6]" started-at="2022-10-03T21:51:51 EEST" name="setUpClass" finished-at="2022-10-03T21:51:51 EEST" duration-ms="10" status="PASS">
          <reporter-output>
          </reporter-output>
        </test-method> <!-- setUpClass -->
        <test-method signature="searchForItemAndAddItToCart()[pri:26, instance:tests.AddToCartPageTest@664e5a6]" started-at="2022-10-03T21:51:51 EEST" name="searchForItemAndAddItToCart" finished-at="2022-10-03T21:51:55 EEST" duration-ms="3697" status="PASS">
          <reporter-output>
          </reporter-output>
        </test-method> <!-- searchForItemAndAddItToCart -->
        <test-method is-config="true" signature="takeScreenshotOnFailure(org.testng.ITestResult)[pri:0, instance:tests.AddToCartPageTest@664e5a6]" started-at="2022-10-03T21:51:55 EEST" name="takeScreenshotOnFailure" finished-at="2022-10-03T21:51:55 EEST" duration-ms="1" status="PASS">
          <params>
            <param index="0">
              <value>
                <![CDATA[[TestResult name=searchForItemAndAddItToCart status=SUCCESS method=AddToCartPageTest.searchForItemAndAddItToCart()[pri:26, instance:tests.AddToCartPageTest@664e5a6] output={null}]]]>
              </value>
            </param>
          </params>
          <reporter-output>
          </reporter-output>
        </test-method> <!-- takeScreenshotOnFailure -->
        <test-method signature="userCanAddToCart()[pri:27, instance:tests.AddToCartPageTest@664e5a6]" started-at="2022-10-03T21:51:55 EEST" name="userCanAddToCart" finished-at="2022-10-03T21:51:58 EEST" duration-ms="2846" status="PASS">
          <reporter-output>
          </reporter-output>
        </test-method> <!-- userCanAddToCart -->
        <test-method is-config="true" signature="takeScreenshotOnFailure(org.testng.ITestResult)[pri:0, instance:tests.AddToCartPageTest@664e5a6]" started-at="2022-10-03T21:51:58 EEST" name="takeScreenshotOnFailure" finished-at="2022-10-03T21:51:58 EEST" duration-ms="0" status="PASS">
          <params>
            <param index="0">
              <value>
                <![CDATA[[TestResult name=userCanAddToCart status=SUCCESS method=AddToCartPageTest.userCanAddToCart()[pri:27, instance:tests.AddToCartPageTest@664e5a6] output={null}]]]>
              </value>
            </param>
          </params>
          <reporter-output>
          </reporter-output>
        </test-method> <!-- takeScreenshotOnFailure -->
        <test-method signature="userCanChangeQuantity()[pri:28, instance:tests.AddToCartPageTest@664e5a6]" started-at="2022-10-03T21:51:58 EEST" name="userCanChangeQuantity" finished-at="2022-10-03T21:52:03 EEST" duration-ms="5578" status="PASS">
          <reporter-output>
          </reporter-output>
        </test-method> <!-- userCanChangeQuantity -->
        <test-method is-config="true" signature="takeScreenshotOnFailure(org.testng.ITestResult)[pri:0, instance:tests.AddToCartPageTest@664e5a6]" started-at="2022-10-03T21:52:03 EEST" name="takeScreenshotOnFailure" finished-at="2022-10-03T21:52:03 EEST" duration-ms="0" status="PASS">
          <params>
            <param index="0">
              <value>
                <![CDATA[[TestResult name=userCanChangeQuantity status=SUCCESS method=AddToCartPageTest.userCanChangeQuantity()[pri:28, instance:tests.AddToCartPageTest@664e5a6] output={null}]]]>
              </value>
            </param>
          </params>
          <reporter-output>
          </reporter-output>
        </test-method> <!-- takeScreenshotOnFailure -->
        <test-method signature="userCanClearCart()[pri:29, instance:tests.AddToCartPageTest@664e5a6]" started-at="2022-10-03T21:52:03 EEST" name="userCanClearCart" finished-at="2022-10-03T21:52:05 EEST" duration-ms="1791" status="PASS">
          <reporter-output>
          </reporter-output>
        </test-method> <!-- userCanClearCart -->
        <test-method is-config="true" signature="takeScreenshotOnFailure(org.testng.ITestResult)[pri:0, instance:tests.AddToCartPageTest@664e5a6]" started-at="2022-10-03T21:52:05 EEST" name="takeScreenshotOnFailure" finished-at="2022-10-03T21:52:05 EEST" duration-ms="0" status="PASS">
          <params>
            <param index="0">
              <value>
                <![CDATA[[TestResult name=userCanClearCart status=SUCCESS method=AddToCartPageTest.userCanClearCart()[pri:29, instance:tests.AddToCartPageTest@664e5a6] output={null}]]]>
              </value>
            </param>
          </params>
          <reporter-output>
          </reporter-output>
        </test-method> <!-- takeScreenshotOnFailure -->
        <test-method is-config="true" signature="tearDownClass()[pri:0, instance:tests.AddToCartPageTest@664e5a6]" started-at="2022-10-03T21:52:05 EEST" name="tearDownClass" finished-at="2022-10-03T21:52:05 EEST" duration-ms="1" status="PASS">
          <reporter-output>
          </reporter-output>
        </test-method> <!-- tearDownClass -->
      </class> <!-- tests.AddToCartPageTest -->
      <class name="tests.HoverMenuTest">
        <test-method is-config="true" signature="setUpClass()[pri:0, instance:tests.HoverMenuTest@6f928e17]" started-at="2022-10-03T21:51:16 EEST" name="setUpClass" finished-at="2022-10-03T21:51:16 EEST" duration-ms="14" status="PASS">
          <reporter-output>
          </reporter-output>
        </test-method> <!-- setUpClass -->
        <test-method signature="userCanHoverMenu()[pri:10, instance:tests.HoverMenuTest@6f928e17]" started-at="2022-10-03T21:51:16 EEST" name="userCanHoverMenu" finished-at="2022-10-03T21:51:17 EEST" duration-ms="1222" status="PASS">
          <reporter-output>
          </reporter-output>
        </test-method> <!-- userCanHoverMenu -->
        <test-method is-config="true" signature="takeScreenshotOnFailure(org.testng.ITestResult)[pri:0, instance:tests.HoverMenuTest@6f928e17]" started-at="2022-10-03T21:51:17 EEST" name="takeScreenshotOnFailure" finished-at="2022-10-03T21:51:17 EEST" duration-ms="1" status="PASS">
          <params>
            <param index="0">
              <value>
                <![CDATA[[TestResult name=userCanHoverMenu status=SUCCESS method=HoverMenuTest.userCanHoverMenu()[pri:10, instance:tests.HoverMenuTest@6f928e17] output={null}]]]>
              </value>
            </param>
          </params>
          <reporter-output>
          </reporter-output>
        </test-method> <!-- takeScreenshotOnFailure -->
        <test-method is-config="true" signature="tearDownClass()[pri:0, instance:tests.HoverMenuTest@6f928e17]" started-at="2022-10-03T21:51:17 EEST" name="tearDownClass" finished-at="2022-10-03T21:51:17 EEST" duration-ms="0" status="PASS">
          <reporter-output>
          </reporter-output>
        </test-method> <!-- tearDownClass -->
      </class> <!-- tests.HoverMenuTest -->
      <class name="tests.RegisteredUserCheckoutTest">
        <test-method is-config="true" signature="setUpClass()[pri:0, instance:tests.RegisteredUserCheckoutTest@6a28a492]" started-at="2022-10-03T21:50:54 EEST" name="setUpClass" finished-at="2022-10-03T21:50:54 EEST" duration-ms="11" status="PASS">
          <reporter-output>
          </reporter-output>
        </test-method> <!-- setUpClass -->
        <test-method signature="testRegistrationPage()[pri:34, instance:tests.RegisteredUserCheckoutTest@6a28a492]" started-at="2022-10-03T21:50:54 EEST" name="testRegistrationPage" finished-at="2022-10-03T21:50:55 EEST" duration-ms="1564" status="PASS">
          <reporter-output>
          </reporter-output>
        </test-method> <!-- testRegistrationPage -->
        <test-method is-config="true" signature="takeScreenshotOnFailure(org.testng.ITestResult)[pri:0, instance:tests.RegisteredUserCheckoutTest@6a28a492]" started-at="2022-10-03T21:50:55 EEST" name="takeScreenshotOnFailure" finished-at="2022-10-03T21:50:55 EEST" duration-ms="0" status="PASS">
          <params>
            <param index="0">
              <value>
                <![CDATA[[TestResult name=testRegistrationPage status=SUCCESS method=RegisteredUserCheckoutTest.testRegistrationPage()[pri:34, instance:tests.RegisteredUserCheckoutTest@6a28a492] output={null}]]]>
              </value>
            </param>
          </params>
          <reporter-output>
          </reporter-output>
        </test-method> <!-- takeScreenshotOnFailure -->
        <test-method signature="searchForItemAndAddItToCart()[pri:35, instance:tests.RegisteredUserCheckoutTest@6a28a492]" started-at="2022-10-03T21:50:55 EEST" name="searchForItemAndAddItToCart" finished-at="2022-10-03T21:51:00 EEST" duration-ms="4170" status="PASS">
          <reporter-output>
          </reporter-output>
        </test-method> <!-- searchForItemAndAddItToCart -->
        <test-method is-config="true" signature="takeScreenshotOnFailure(org.testng.ITestResult)[pri:0, instance:tests.RegisteredUserCheckoutTest@6a28a492]" started-at="2022-10-03T21:51:00 EEST" name="takeScreenshotOnFailure" finished-at="2022-10-03T21:51:00 EEST" duration-ms="0" status="PASS">
          <params>
            <param index="0">
              <value>
                <![CDATA[[TestResult name=searchForItemAndAddItToCart status=SUCCESS method=RegisteredUserCheckoutTest.searchForItemAndAddItToCart()[pri:35, instance:tests.RegisteredUserCheckoutTest@6a28a492] output={null}]]]>
              </value>
            </param>
          </params>
          <reporter-output>
          </reporter-output>
        </test-method> <!-- takeScreenshotOnFailure -->
        <test-method signature="userCanAddToCart()[pri:36, instance:tests.RegisteredUserCheckoutTest@6a28a492]" started-at="2022-10-03T21:51:00 EEST" name="userCanAddToCart" finished-at="2022-10-03T21:51:08 EEST" duration-ms="7938" status="PASS">
          <reporter-output>
          </reporter-output>
        </test-method> <!-- userCanAddToCart -->
        <test-method is-config="true" signature="takeScreenshotOnFailure(org.testng.ITestResult)[pri:0, instance:tests.RegisteredUserCheckoutTest@6a28a492]" started-at="2022-10-03T21:51:08 EEST" name="takeScreenshotOnFailure" finished-at="2022-10-03T21:51:08 EEST" duration-ms="0" status="PASS">
          <params>
            <param index="0">
              <value>
                <![CDATA[[TestResult name=userCanAddToCart status=SUCCESS method=RegisteredUserCheckoutTest.userCanAddToCart()[pri:36, instance:tests.RegisteredUserCheckoutTest@6a28a492] output={null}]]]>
              </value>
            </param>
          </params>
          <reporter-output>
          </reporter-output>
        </test-method> <!-- takeScreenshotOnFailure -->
        <test-method signature="downloadAndPrintInvoice()[pri:38, instance:tests.RegisteredUserCheckoutTest@6a28a492]" started-at="2022-10-03T21:51:08 EEST" name="downloadAndPrintInvoice" finished-at="2022-10-03T21:51:10 EEST" duration-ms="2006" status="FAIL">
          <exception class="java.lang.NullPointerException">
            <message>
              <![CDATA[Cannot invoke "pages.CheckoutPage.clickOrderDetailsLink()" because "this.checkout" is null]]>
            </message>
            <full-stacktrace>
              <![CDATA[java.lang.NullPointerException: Cannot invoke "pages.CheckoutPage.clickOrderDetailsLink()" because "this.checkout" is null
at tests.RegisteredUserCheckoutTest.downloadAndPrintInvoice(RegisteredUserCheckoutTest.java:92)
at java.base/jdk.internal.reflect.DirectMethodHandleAccessor.invoke(DirectMethodHandleAccessor.java:104)
at java.base/java.lang.reflect.Method.invoke(Method.java:577)
at org.testng.internal.MethodInvocationHelper.invokeMethod(MethodInvocationHelper.java:133)
at org.testng.internal.TestInvoker.invokeMethod(TestInvoker.java:598)
at org.testng.internal.TestInvoker.invokeTestMethod(TestInvoker.java:173)
at org.testng.internal.MethodRunner.runInSequence(MethodRunner.java:46)
at org.testng.internal.TestInvoker$MethodInvocationAgent.invoke(TestInvoker.java:824)
at org.testng.internal.TestInvoker.invokeTestMethods(TestInvoker.java:146)
at org.testng.internal.TestMethodWorker.invokeTestMethods(TestMethodWorker.java:146)
at org.testng.internal.TestMethodWorker.run(TestMethodWorker.java:128)
at java.base/java.util.ArrayList.forEach(ArrayList.java:1511)
at org.testng.TestRunner.privateRun(TestRunner.java:794)
at org.testng.TestRunner.run(TestRunner.java:596)
at org.testng.SuiteRunner.runTest(SuiteRunner.java:377)
at org.testng.SuiteRunner.runSequentially(SuiteRunner.java:371)
at org.testng.SuiteRunner.privateRun(SuiteRunner.java:332)
at org.testng.SuiteRunner.run(SuiteRunner.java:276)
at org.testng.SuiteRunnerWorker.runSuite(SuiteRunnerWorker.java:53)
at org.testng.SuiteRunnerWorker.run(SuiteRunnerWorker.java:96)
at org.testng.TestNG.runSuitesSequentially(TestNG.java:1212)
at org.testng.TestNG.runSuitesLocally(TestNG.java:1134)
at org.testng.TestNG.runSuites(TestNG.java:1063)
at org.testng.TestNG.run(TestNG.java:1031)
at org.apache.maven.surefire.testng.TestNGExecutor.run(TestNGExecutor.java:132)
at org.apache.maven.surefire.testng.TestNGDirectoryTestSuite.executeMulti(TestNGDirectoryTestSuite.java:193)
at org.apache.maven.surefire.testng.TestNGDirectoryTestSuite.execute(TestNGDirectoryTestSuite.java:94)
at org.apache.maven.surefire.testng.TestNGProvider.invoke(TestNGProvider.java:147)
at org.apache.maven.surefire.booter.ForkedBooter.invokeProviderInSameClassLoader(ForkedBooter.java:290)
at org.apache.maven.surefire.booter.ForkedBooter.runSuitesInProcess(ForkedBooter.java:242)
at org.apache.maven.surefire.booter.ForkedBooter.main(ForkedBooter.java:121)
]]>
            </full-stacktrace>
          </exception> <!-- java.lang.NullPointerException -->
          <reporter-output>
          </reporter-output>
        </test-method> <!-- downloadAndPrintInvoice -->
        <test-method is-config="true" signature="takeScreenshotOnFailure(org.testng.ITestResult)[pri:0, instance:tests.RegisteredUserCheckoutTest@6a28a492]" started-at="2022-10-03T21:51:10 EEST" name="takeScreenshotOnFailure" finished-at="2022-10-03T21:51:10 EEST" duration-ms="255" status="PASS">
          <params>
            <param index="0">
              <value>
                <![CDATA[[TestResult name=downloadAndPrintInvoice status=FAILURE method=RegisteredUserCheckoutTest.downloadAndPrintInvoice()[pri:38, instance:tests.RegisteredUserCheckoutTest@6a28a492] output={null}]]]>
              </value>
            </param>
          </params>
          <reporter-output>
          </reporter-output>
        </test-method> <!-- takeScreenshotOnFailure -->
        <test-method signature="testClickingLogout()[pri:39, instance:tests.RegisteredUserCheckoutTest@6a28a492]" started-at="2022-10-03T21:51:10 EEST" name="testClickingLogout" finished-at="2022-10-03T21:51:16 EEST" duration-ms="5711" status="PASS">
          <reporter-output>
          </reporter-output>
        </test-method> <!-- testClickingLogout -->
        <test-method is-config="true" signature="takeScreenshotOnFailure(org.testng.ITestResult)[pri:0, instance:tests.RegisteredUserCheckoutTest@6a28a492]" started-at="2022-10-03T21:51:16 EEST" name="takeScreenshotOnFailure" finished-at="2022-10-03T21:51:16 EEST" duration-ms="1" status="PASS">
          <params>
            <param index="0">
              <value>
                <![CDATA[[TestResult name=testClickingLogout status=SUCCESS method=RegisteredUserCheckoutTest.testClickingLogout()[pri:39, instance:tests.RegisteredUserCheckoutTest@6a28a492] output={null}]]]>
              </value>
            </param>
          </params>
          <reporter-output>
          </reporter-output>
        </test-method> <!-- takeScreenshotOnFailure -->
        <test-method is-config="true" signature="tearDownClass()[pri:0, instance:tests.RegisteredUserCheckoutTest@6a28a492]" started-at="2022-10-03T21:51:16 EEST" name="tearDownClass" finished-at="2022-10-03T21:51:16 EEST" duration-ms="0" status="PASS">
          <reporter-output>
          </reporter-output>
        </test-method> <!-- tearDownClass -->
      </class> <!-- tests.RegisteredUserCheckoutTest -->
      <class name="tests.GuestCheckoutTest">
        <test-method is-config="true" signature="setUpClass()[pri:0, instance:tests.GuestCheckoutTest@90b9695]" started-at="2022-10-03T21:49:40 EEST" name="setUpClass" finished-at="2022-10-03T21:49:40 EEST" duration-ms="16" status="PASS">
          <reporter-output>
          </reporter-output>
        </test-method> <!-- setUpClass -->
        <test-method signature="searchForItemAndAddItToCart()[pri:30, instance:tests.GuestCheckoutTest@90b9695]" started-at="2022-10-03T21:49:40 EEST" name="searchForItemAndAddItToCart" finished-at="2022-10-03T21:49:46 EEST" duration-ms="5913" status="PASS">
          <reporter-output>
          </reporter-output>
        </test-method> <!-- searchForItemAndAddItToCart -->
        <test-method is-config="true" signature="takeScreenshotOnFailure(org.testng.ITestResult)[pri:0, instance:tests.GuestCheckoutTest@90b9695]" started-at="2022-10-03T21:49:46 EEST" name="takeScreenshotOnFailure" finished-at="2022-10-03T21:49:46 EEST" duration-ms="0" status="PASS">
          <params>
            <param index="0">
              <value>
                <![CDATA[[TestResult name=searchForItemAndAddItToCart status=SUCCESS method=GuestCheckoutTest.searchForItemAndAddItToCart()[pri:30, instance:tests.GuestCheckoutTest@90b9695] output={null}]]]>
              </value>
            </param>
          </params>
          <reporter-output>
          </reporter-output>
        </test-method> <!-- takeScreenshotOnFailure -->
        <test-method signature="userCanAddToCart()[pri:31, instance:tests.GuestCheckoutTest@90b9695]" started-at="2022-10-03T21:49:46 EEST" name="userCanAddToCart" finished-at="2022-10-03T21:49:54 EEST" duration-ms="7960" status="PASS">
          <reporter-output>
          </reporter-output>
        </test-method> <!-- userCanAddToCart -->
        <test-method is-config="true" signature="takeScreenshotOnFailure(org.testng.ITestResult)[pri:0, instance:tests.GuestCheckoutTest@90b9695]" started-at="2022-10-03T21:49:54 EEST" name="takeScreenshotOnFailure" finished-at="2022-10-03T21:49:54 EEST" duration-ms="1" status="PASS">
          <params>
            <param index="0">
              <value>
                <![CDATA[[TestResult name=userCanAddToCart status=SUCCESS method=GuestCheckoutTest.userCanAddToCart()[pri:31, instance:tests.GuestCheckoutTest@90b9695] output={null}]]]>
              </value>
            </param>
          </params>
          <reporter-output>
          </reporter-output>
        </test-method> <!-- takeScreenshotOnFailure -->
        <test-method signature="guestUserCanCheckout()[pri:32, instance:tests.GuestCheckoutTest@90b9695]" started-at="2022-10-03T21:49:54 EEST" name="guestUserCanCheckout" finished-at="2022-10-03T21:50:11 EEST" duration-ms="17027" status="PASS">
          <reporter-output>
          </reporter-output>
        </test-method> <!-- guestUserCanCheckout -->
        <test-method is-config="true" signature="takeScreenshotOnFailure(org.testng.ITestResult)[pri:0, instance:tests.GuestCheckoutTest@90b9695]" started-at="2022-10-03T21:50:11 EEST" name="takeScreenshotOnFailure" finished-at="2022-10-03T21:50:11 EEST" duration-ms="0" status="PASS">
          <params>
            <param index="0">
              <value>
                <![CDATA[[TestResult name=guestUserCanCheckout status=SUCCESS method=GuestCheckoutTest.guestUserCanCheckout()[pri:32, instance:tests.GuestCheckoutTest@90b9695] output={null}]]]>
              </value>
            </param>
          </params>
          <reporter-output>
          </reporter-output>
        </test-method> <!-- takeScreenshotOnFailure -->
        <test-method signature="downloadAndPrintInvoice()[pri:33, instance:tests.GuestCheckoutTest@90b9695]" started-at="2022-10-03T21:50:11 EEST" name="downloadAndPrintInvoice" finished-at="2022-10-03T21:50:21 EEST" duration-ms="9601" status="PASS">
          <reporter-output>
          </reporter-output>
        </test-method> <!-- downloadAndPrintInvoice -->
        <test-method is-config="true" signature="takeScreenshotOnFailure(org.testng.ITestResult)[pri:0, instance:tests.GuestCheckoutTest@90b9695]" started-at="2022-10-03T21:50:21 EEST" name="takeScreenshotOnFailure" finished-at="2022-10-03T21:50:21 EEST" duration-ms="0" status="PASS">
          <params>
            <param index="0">
              <value>
                <![CDATA[[TestResult name=downloadAndPrintInvoice status=SUCCESS method=GuestCheckoutTest.downloadAndPrintInvoice()[pri:33, instance:tests.GuestCheckoutTest@90b9695] output={null}]]]>
              </value>
            </param>
          </params>
          <reporter-output>
          </reporter-output>
        </test-method> <!-- takeScreenshotOnFailure -->
        <test-method is-config="true" signature="tearDownClass()[pri:0, instance:tests.GuestCheckoutTest@90b9695]" started-at="2022-10-03T21:50:21 EEST" name="tearDownClass" finished-at="2022-10-03T21:50:21 EEST" duration-ms="1" status="PASS">
          <reporter-output>
          </reporter-output>
        </test-method> <!-- tearDownClass -->
      </class> <!-- tests.GuestCheckoutTest -->
      <class name="tests.SearchPageTest">
        <test-method is-config="true" signature="setUpClass()[pri:0, instance:tests.SearchPageTest@6ca2a4ca]" started-at="2022-10-03T21:52:17 EEST" name="setUpClass" finished-at="2022-10-03T21:52:17 EEST" duration-ms="12" status="PASS">
          <reporter-output>
          </reporter-output>
        </test-method> <!-- setUpClass -->
        <test-method signature="searchForItemUsingAutoSuggession()[pri:15, instance:tests.SearchPageTest@6ca2a4ca]" started-at="2022-10-03T21:52:17 EEST" name="searchForItemUsingAutoSuggession" finished-at="2022-10-03T21:52:21 EEST" duration-ms="3792" status="PASS">
          <reporter-output>
          </reporter-output>
        </test-method> <!-- searchForItemUsingAutoSuggession -->
        <test-method is-config="true" signature="takeScreenshotOnFailure(org.testng.ITestResult)[pri:0, instance:tests.SearchPageTest@6ca2a4ca]" started-at="2022-10-03T21:52:21 EEST" name="takeScreenshotOnFailure" finished-at="2022-10-03T21:52:21 EEST" duration-ms="1" status="PASS">
          <params>
            <param index="0">
              <value>
                <![CDATA[[TestResult name=searchForItemUsingAutoSuggession status=SUCCESS method=SearchPageTest.searchForItemUsingAutoSuggession()[pri:15, instance:tests.SearchPageTest@6ca2a4ca] output={null}]]]>
              </value>
            </param>
          </params>
          <reporter-output>
          </reporter-output>
        </test-method> <!-- takeScreenshotOnFailure -->
        <test-method is-config="true" signature="tearDownClass()[pri:0, instance:tests.SearchPageTest@6ca2a4ca]" started-at="2022-10-03T21:52:21 EEST" name="tearDownClass" finished-at="2022-10-03T21:52:21 EEST" duration-ms="1" status="PASS">
          <reporter-output>
          </reporter-output>
        </test-method> <!-- tearDownClass -->
      </class> <!-- tests.SearchPageTest -->
      <class name="tests.ChangeCurrencyTest">
        <test-method is-config="true" signature="setUpClass()[pri:0, instance:tests.ChangeCurrencyTest@43fde52c]" started-at="2022-10-03T21:50:43 EEST" name="setUpClass" finished-at="2022-10-03T21:50:43 EEST" duration-ms="11" status="PASS">
          <reporter-output>
          </reporter-output>
        </test-method> <!-- setUpClass -->
        <test-method signature="userCanChangecurrency()[pri:23, instance:tests.ChangeCurrencyTest@43fde52c]" started-at="2022-10-03T21:50:43 EEST" name="userCanChangecurrency" finished-at="2022-10-03T21:50:44 EEST" duration-ms="678" status="PASS">
          <reporter-output>
          </reporter-output>
        </test-method> <!-- userCanChangecurrency -->
        <test-method is-config="true" signature="takeScreenshotOnFailure(org.testng.ITestResult)[pri:0, instance:tests.ChangeCurrencyTest@43fde52c]" started-at="2022-10-03T21:50:44 EEST" name="takeScreenshotOnFailure" finished-at="2022-10-03T21:50:44 EEST" duration-ms="1" status="PASS">
          <params>
            <param index="0">
              <value>
                <![CDATA[[TestResult name=userCanChangecurrency status=SUCCESS method=ChangeCurrencyTest.userCanChangecurrency()[pri:23, instance:tests.ChangeCurrencyTest@43fde52c] output={null}]]]>
              </value>
            </param>
          </params>
          <reporter-output>
          </reporter-output>
        </test-method> <!-- takeScreenshotOnFailure -->
        <test-method signature="searchForItemUsingAutoSuggession()[pri:24, instance:tests.ChangeCurrencyTest@43fde52c]" started-at="2022-10-03T21:50:44 EEST" name="searchForItemUsingAutoSuggession" finished-at="2022-10-03T21:50:48 EEST" duration-ms="3730" status="FAIL">
          <exception class="java.lang.AssertionError">
            <message>
              <![CDATA[expected [true] but found [false]]]>
            </message>
            <full-stacktrace>
              <![CDATA[java.lang.AssertionError: expected [true] but found [false]
at org.testng.Assert.fail(Assert.java:99)
at org.testng.Assert.failNotEquals(Assert.java:1037)
at org.testng.Assert.assertTrue(Assert.java:45)
at org.testng.Assert.assertTrue(Assert.java:55)
at tests.ChangeCurrencyTest.searchForItemUsingAutoSuggession(ChangeCurrencyTest.java:43)
at java.base/jdk.internal.reflect.DirectMethodHandleAccessor.invoke(DirectMethodHandleAccessor.java:104)
at java.base/java.lang.reflect.Method.invoke(Method.java:577)
at org.testng.internal.MethodInvocationHelper.invokeMethod(MethodInvocationHelper.java:133)
at org.testng.internal.TestInvoker.invokeMethod(TestInvoker.java:598)
at org.testng.internal.TestInvoker.invokeTestMethod(TestInvoker.java:173)
at org.testng.internal.MethodRunner.runInSequence(MethodRunner.java:46)
at org.testng.internal.TestInvoker$MethodInvocationAgent.invoke(TestInvoker.java:824)
at org.testng.internal.TestInvoker.invokeTestMethods(TestInvoker.java:146)
at org.testng.internal.TestMethodWorker.invokeTestMethods(TestMethodWorker.java:146)
at org.testng.internal.TestMethodWorker.run(TestMethodWorker.java:128)
at java.base/java.util.ArrayList.forEach(ArrayList.java:1511)
at org.testng.TestRunner.privateRun(TestRunner.java:794)
at org.testng.TestRunner.run(TestRunner.java:596)
at org.testng.SuiteRunner.runTest(SuiteRunner.java:377)
at org.testng.SuiteRunner.runSequentially(SuiteRunner.java:371)
at org.testng.SuiteRunner.privateRun(SuiteRunner.java:332)
at org.testng.SuiteRunner.run(SuiteRunner.java:276)
at org.testng.SuiteRunnerWorker.runSuite(SuiteRunnerWorker.java:53)
at org.testng.SuiteRunnerWorker.run(SuiteRunnerWorker.java:96)
at org.testng.TestNG.runSuitesSequentially(TestNG.java:1212)
at org.testng.TestNG.runSuitesLocally(TestNG.java:1134)
at org.testng.TestNG.runSuites(TestNG.java:1063)
at org.testng.TestNG.run(TestNG.java:1031)
at org.apache.maven.surefire.testng.TestNGExecutor.run(TestNGExecutor.java:132)
at org.apache.maven.surefire.testng.TestNGDirectoryTestSuite.executeMulti(TestNGDirectoryTestSuite.java:193)
at org.apache.maven.surefire.testng.TestNGDirectoryTestSuite.execute(TestNGDirectoryTestSuite.java:94)
at org.apache.maven.surefire.testng.TestNGProvider.invoke(TestNGProvider.java:147)
at org.apache.maven.surefire.booter.ForkedBooter.invokeProviderInSameClassLoader(ForkedBooter.java:290)
at org.apache.maven.surefire.booter.ForkedBooter.runSuitesInProcess(ForkedBooter.java:242)
at org.apache.maven.surefire.booter.ForkedBooter.main(ForkedBooter.java:121)
]]>
            </full-stacktrace>
          </exception> <!-- java.lang.AssertionError -->
          <reporter-output>
          </reporter-output>
        </test-method> <!-- searchForItemUsingAutoSuggession -->
        <test-method is-config="true" signature="takeScreenshotOnFailure(org.testng.ITestResult)[pri:0, instance:tests.ChangeCurrencyTest@43fde52c]" started-at="2022-10-03T21:50:48 EEST" name="takeScreenshotOnFailure" finished-at="2022-10-03T21:50:48 EEST" duration-ms="351" status="PASS">
          <params>
            <param index="0">
              <value>
                <![CDATA[[TestResult name=searchForItemUsingAutoSuggession status=FAILURE method=ChangeCurrencyTest.searchForItemUsingAutoSuggession()[pri:24, instance:tests.ChangeCurrencyTest@43fde52c] output={null}]]]>
              </value>
            </param>
          </params>
          <reporter-output>
          </reporter-output>
        </test-method> <!-- takeScreenshotOnFailure -->
        <test-method signature="userCanChangecurrencyAgain()[pri:25, instance:tests.ChangeCurrencyTest@43fde52c]" started-at="2022-10-03T21:50:48 EEST" name="userCanChangecurrencyAgain" finished-at="2022-10-03T21:50:54 EEST" duration-ms="5919" status="PASS">
          <reporter-output>
          </reporter-output>
        </test-method> <!-- userCanChangecurrencyAgain -->
        <test-method is-config="true" signature="takeScreenshotOnFailure(org.testng.ITestResult)[pri:0, instance:tests.ChangeCurrencyTest@43fde52c]" started-at="2022-10-03T21:50:54 EEST" name="takeScreenshotOnFailure" finished-at="2022-10-03T21:50:54 EEST" duration-ms="1" status="PASS">
          <params>
            <param index="0">
              <value>
                <![CDATA[[TestResult name=userCanChangecurrencyAgain status=SUCCESS method=ChangeCurrencyTest.userCanChangecurrencyAgain()[pri:25, instance:tests.ChangeCurrencyTest@43fde52c] output={null}]]]>
              </value>
            </param>
          </params>
          <reporter-output>
          </reporter-output>
        </test-method> <!-- takeScreenshotOnFailure -->
        <test-method is-config="true" signature="tearDownClass()[pri:0, instance:tests.ChangeCurrencyTest@43fde52c]" started-at="2022-10-03T21:50:54 EEST" name="tearDownClass" finished-at="2022-10-03T21:50:54 EEST" duration-ms="0" status="PASS">
          <reporter-output>
          </reporter-output>
        </test-method> <!-- tearDownClass -->
      </class> <!-- tests.ChangeCurrencyTest -->
      <class name="tests.WishlistPageTest">
        <test-method is-config="true" signature="startDriver(java.lang.String)[pri:0, instance:tests.WishlistPageTest@544fa968]" started-at="2022-10-03T21:49:17 EEST" name="startDriver" finished-at="2022-10-03T21:49:21 EEST" duration-ms="3234" status="PASS">
          <params>
            <param index="0">
              <value>
                <![CDATA[chrome-headless]]>
              </value>
            </param>
          </params>
          <reporter-output>
          </reporter-output>
        </test-method> <!-- startDriver -->
        <test-method is-config="true" signature="setUpClass()[pri:0, instance:tests.WishlistPageTest@544fa968]" started-at="2022-10-03T21:49:26 EEST" name="setUpClass" finished-at="2022-10-03T21:49:26 EEST" duration-ms="172" status="PASS">
          <reporter-output>
          </reporter-output>
        </test-method> <!-- setUpClass -->
        <test-method signature="searchForItemUsingAutoSuggession()[pri:16, instance:tests.WishlistPageTest@544fa968]" started-at="2022-10-03T21:49:26 EEST" name="searchForItemUsingAutoSuggession" finished-at="2022-10-03T21:49:30 EEST" duration-ms="4242" status="PASS">
          <reporter-output>
          </reporter-output>
        </test-method> <!-- searchForItemUsingAutoSuggession -->
        <test-method is-config="true" signature="takeScreenshotOnFailure(org.testng.ITestResult)[pri:0, instance:tests.WishlistPageTest@544fa968]" started-at="2022-10-03T21:49:30 EEST" name="takeScreenshotOnFailure" finished-at="2022-10-03T21:49:30 EEST" duration-ms="1" status="PASS">
          <params>
            <param index="0">
              <value>
                <![CDATA[[TestResult name=searchForItemUsingAutoSuggession status=SUCCESS method=WishlistPageTest.searchForItemUsingAutoSuggession()[pri:16, instance:tests.WishlistPageTest@544fa968] output={null}]]]>
              </value>
            </param>
          </params>
          <reporter-output>
          </reporter-output>
        </test-method> <!-- takeScreenshotOnFailure -->
        <test-method signature="addProductTowishlist()[pri:17, instance:tests.WishlistPageTest@544fa968]" started-at="2022-10-03T21:49:30 EEST" name="addProductTowishlist" finished-at="2022-10-03T21:49:34 EEST" duration-ms="4189" status="PASS">
          <reporter-output>
          </reporter-output>
        </test-method> <!-- addProductTowishlist -->
        <test-method is-config="true" signature="takeScreenshotOnFailure(org.testng.ITestResult)[pri:0, instance:tests.WishlistPageTest@544fa968]" started-at="2022-10-03T21:49:34 EEST" name="takeScreenshotOnFailure" finished-at="2022-10-03T21:49:34 EEST" duration-ms="0" status="PASS">
          <params>
            <param index="0">
              <value>
                <![CDATA[[TestResult name=addProductTowishlist status=SUCCESS method=WishlistPageTest.addProductTowishlist()[pri:17, instance:tests.WishlistPageTest@544fa968] output={null}]]]>
              </value>
            </param>
          </params>
          <reporter-output>
          </reporter-output>
        </test-method> <!-- takeScreenshotOnFailure -->
        <test-method signature="removeProductFromWishlist()[pri:18, instance:tests.WishlistPageTest@544fa968]" started-at="2022-10-03T21:49:34 EEST" name="removeProductFromWishlist" finished-at="2022-10-03T21:49:40 EEST" duration-ms="5797" status="PASS">
          <reporter-output>
          </reporter-output>
        </test-method> <!-- removeProductFromWishlist -->
        <test-method is-config="true" signature="takeScreenshotOnFailure(org.testng.ITestResult)[pri:0, instance:tests.WishlistPageTest@544fa968]" started-at="2022-10-03T21:49:40 EEST" name="takeScreenshotOnFailure" finished-at="2022-10-03T21:49:40 EEST" duration-ms="0" status="PASS">
          <params>
            <param index="0">
              <value>
                <![CDATA[[TestResult name=removeProductFromWishlist status=SUCCESS method=WishlistPageTest.removeProductFromWishlist()[pri:18, instance:tests.WishlistPageTest@544fa968] output={null}]]]>
              </value>
            </param>
          </params>
          <reporter-output>
          </reporter-output>
        </test-method> <!-- takeScreenshotOnFailure -->
        <test-method is-config="true" signature="tearDownClass()[pri:0, instance:tests.WishlistPageTest@544fa968]" started-at="2022-10-03T21:49:40 EEST" name="tearDownClass" finished-at="2022-10-03T21:49:40 EEST" duration-ms="7" status="PASS">
          <reporter-output>
          </reporter-output>
        </test-method> <!-- tearDownClass -->
        <test-method is-config="true" signature="stopDriver()[pri:0, instance:tests.WishlistPageTest@544fa968]" started-at="2022-10-03T21:52:42 EEST" name="stopDriver" finished-at="2022-10-03T21:52:42 EEST" duration-ms="104" status="PASS">
          <reporter-output>
          </reporter-output>
        </test-method> <!-- stopDriver -->
      </class> <!-- tests.WishlistPageTest -->
      <class name="tests.MyAccountPageTest">
        <test-method is-config="true" signature="setUpClass()[pri:0, instance:tests.MyAccountPageTest@6b6d0ac2]" started-at="2022-10-03T21:52:21 EEST" name="setUpClass" finished-at="2022-10-03T21:52:21 EEST" duration-ms="10" status="PASS">
          <reporter-output>
          </reporter-output>
        </test-method> <!-- setUpClass -->
        <test-method signature="testRegistrationPage()[pri:5, instance:tests.MyAccountPageTest@6b6d0ac2]" started-at="2022-10-03T21:52:21 EEST" name="testRegistrationPage" finished-at="2022-10-03T21:52:27 EEST" duration-ms="6472" status="PASS">
          <reporter-output>
          </reporter-output>
        </test-method> <!-- testRegistrationPage -->
        <test-method is-config="true" signature="takeScreenshotOnFailure(org.testng.ITestResult)[pri:0, instance:tests.MyAccountPageTest@6b6d0ac2]" started-at="2022-10-03T21:52:27 EEST" name="takeScreenshotOnFailure" finished-at="2022-10-03T21:52:27 EEST" duration-ms="1" status="PASS">
          <params>
            <param index="0">
              <value>
                <![CDATA[[TestResult name=testRegistrationPage status=SUCCESS method=MyAccountPageTest.testRegistrationPage()[pri:5, instance:tests.MyAccountPageTest@6b6d0ac2] output={null}]]]>
              </value>
            </param>
          </params>
          <reporter-output>
          </reporter-output>
        </test-method> <!-- takeScreenshotOnFailure -->
        <test-method signature="testChangePassword()[pri:6, instance:tests.MyAccountPageTest@6b6d0ac2]" started-at="2022-10-03T21:52:27 EEST" name="testChangePassword" finished-at="2022-10-03T21:52:33 EEST" duration-ms="5239" status="PASS">
          <reporter-output>
          </reporter-output>
        </test-method> <!-- testChangePassword -->
        <test-method is-config="true" signature="takeScreenshotOnFailure(org.testng.ITestResult)[pri:0, instance:tests.MyAccountPageTest@6b6d0ac2]" started-at="2022-10-03T21:52:33 EEST" name="takeScreenshotOnFailure" finished-at="2022-10-03T21:52:33 EEST" duration-ms="1" status="PASS">
          <params>
            <param index="0">
              <value>
                <![CDATA[[TestResult name=testChangePassword status=SUCCESS method=MyAccountPageTest.testChangePassword()[pri:6, instance:tests.MyAccountPageTest@6b6d0ac2] output={null}]]]>
              </value>
            </param>
          </params>
          <reporter-output>
          </reporter-output>
        </test-method> <!-- takeScreenshotOnFailure -->
        <test-method signature="testClickingLogout()[pri:7, instance:tests.MyAccountPageTest@6b6d0ac2]" started-at="2022-10-03T21:52:33 EEST" name="testClickingLogout" finished-at="2022-10-03T21:52:40 EEST" duration-ms="7759" status="PASS">
          <reporter-output>
          </reporter-output>
        </test-method> <!-- testClickingLogout -->
        <test-method is-config="true" signature="takeScreenshotOnFailure(org.testng.ITestResult)[pri:0, instance:tests.MyAccountPageTest@6b6d0ac2]" started-at="2022-10-03T21:52:40 EEST" name="takeScreenshotOnFailure" finished-at="2022-10-03T21:52:40 EEST" duration-ms="0" status="PASS">
          <params>
            <param index="0">
              <value>
                <![CDATA[[TestResult name=testClickingLogout status=SUCCESS method=MyAccountPageTest.testClickingLogout()[pri:7, instance:tests.MyAccountPageTest@6b6d0ac2] output={null}]]]>
              </value>
            </param>
          </params>
          <reporter-output>
          </reporter-output>
        </test-method> <!-- takeScreenshotOnFailure -->
        <test-method signature="testClickingLogin()[pri:8, instance:tests.MyAccountPageTest@6b6d0ac2]" started-at="2022-10-03T21:52:40 EEST" name="testClickingLogin" finished-at="2022-10-03T21:52:42 EEST" duration-ms="1929" status="PASS">
          <reporter-output>
          </reporter-output>
        </test-method> <!-- testClickingLogin -->
        <test-method is-config="true" signature="takeScreenshotOnFailure(org.testng.ITestResult)[pri:0, instance:tests.MyAccountPageTest@6b6d0ac2]" started-at="2022-10-03T21:52:42 EEST" name="takeScreenshotOnFailure" finished-at="2022-10-03T21:52:42 EEST" duration-ms="0" status="PASS">
          <params>
            <param index="0">
              <value>
                <![CDATA[[TestResult name=testClickingLogin status=SUCCESS method=MyAccountPageTest.testClickingLogin()[pri:8, instance:tests.MyAccountPageTest@6b6d0ac2] output={null}]]]>
              </value>
            </param>
          </params>
          <reporter-output>
          </reporter-output>
        </test-method> <!-- takeScreenshotOnFailure -->
        <test-method is-config="true" signature="tearDownClass()[pri:0, instance:tests.MyAccountPageTest@6b6d0ac2]" started-at="2022-10-03T21:52:42 EEST" name="tearDownClass" finished-at="2022-10-03T21:52:42 EEST" duration-ms="1" status="PASS">
          <reporter-output>
          </reporter-output>
        </test-method> <!-- tearDownClass -->
      </class> <!-- tests.MyAccountPageTest -->
    </test> <!-- Surefire test -->
  </suite> <!-- Surefire suite -->
</testng-results>
