<?xml version="1.0" encoding="UTF-8"?>
<!-- Generated by org.testng.reporters.JUnitXMLReporter -->
<testsuite ignored="0" hostname="IgNOrEs-iMac.local" failures="0" tests="1" name="Regression" time="9.421" errors="0" timestamp="19 Jul 2022 09:29:09 GMT">
  <testcase classname="google.SearchButtonTest" name="@BeforeClass setUp" time="3.698">
    <failure type="org.openqa.selenium.SessionNotCreatedException" message="session not created: This version of ChromeDriver only supports Chrome version 87
Current browser version is 103.0.5060.114 with binary path /Applications/Google Chrome.app/Contents/MacOS/Google Chrome
Build info: version: &amp;apos;3.141.59&amp;apos;, revision: &amp;apos;e82be7d358&amp;apos;, time: &amp;apos;2018-11-14T08:17:03&amp;apos;
System info: host: &amp;apos;IgNOrEs-iMac.local&amp;apos;, ip: &amp;apos;fd94:a79a:9ca5:0:edc0:4e6e:a384:32b3%en0&amp;apos;, os.name: &amp;apos;Mac OS X&amp;apos;, os.arch: &amp;apos;x86_64&amp;apos;, os.version: &amp;apos;10.15.7&amp;apos;, java.version: &amp;apos;18.0.1.1&amp;apos;
Driver info: driver.version: ChromeDriver
remote stacktrace: 0   chromedriver                        0x000000010f5ffd79 chromedriver + 2510201
1   chromedriver                        0x000000010fc6c743 chromedriver + 9246531
2   chromedriver                        0x000000010f43a623 chromedriver + 652835
3   chromedriver                        0x000000010f3b3bd7 chromedriver + 101335
4   chromedriver                        0x000000010f3afd87 chromedriver + 85383
5   chromedriver                        0x000000010f3acf8f chromedriver + 73615
6   chromedriver                        0x000000010f3e1b44 chromedriver + 289604
7   chromedriver                        0x000000010f3dc923 chromedriver + 268579
8   chromedriver                        0x000000010f3b600a chromedriver + 110602
9   chromedriver                        0x000000010f3b6fc7 chromedriver + 114631
10  chromedriver                        0x000000010f5d1429 chromedriver + 2319401
11  chromedriver                        0x000000010f5dd53f chromedriver + 2368831
12  chromedriver                        0x000000010f5dd150 chromedriver + 2367824
13  chromedriver                        0x000000010f5b823b chromedriver + 2216507
14  chromedriver                        0x000000010f5dda91 chromedriver + 2370193
15  chromedriver                        0x000000010f5c64f9 chromedriver + 2274553
16  chromedriver                        0x000000010f5f3f89 chromedriver + 2461577
17  chromedriver                        0x000000010f6053b3 chromedriver + 2532275
18  libsystem_pthread.dylib             0x00007fff70435109 _pthread_start + 148
19  libsystem_pthread.dylib             0x00007fff70430b8b thread_start + 15
">
      <![CDATA[org.openqa.selenium.SessionNotCreatedException: session not created: This version of ChromeDriver only supports Chrome version 87
Current browser version is 103.0.5060.114 with binary path /Applications/Google Chrome.app/Contents/MacOS/Google Chrome
Build info: version: '3.141.59', revision: 'e82be7d358', time: '2018-11-14T08:17:03'
System info: host: 'IgNOrEs-iMac.local', ip: 'fd94:a79a:9ca5:0:edc0:4e6e:a384:32b3%en0', os.name: 'Mac OS X', os.arch: 'x86_64', os.version: '10.15.7', java.version: '18.0.1.1'
Driver info: driver.version: ChromeDriver
remote stacktrace: 0   chromedriver                        0x000000010f5ffd79 chromedriver + 2510201
1   chromedriver                        0x000000010fc6c743 chromedriver + 9246531
2   chromedriver                        0x000000010f43a623 chromedriver + 652835
3   chromedriver                        0x000000010f3b3bd7 chromedriver + 101335
4   chromedriver                        0x000000010f3afd87 chromedriver + 85383
5   chromedriver                        0x000000010f3acf8f chromedriver + 73615
6   chromedriver                        0x000000010f3e1b44 chromedriver + 289604
7   chromedriver                        0x000000010f3dc923 chromedriver + 268579
8   chromedriver                        0x000000010f3b600a chromedriver + 110602
9   chromedriver                        0x000000010f3b6fc7 chromedriver + 114631
10  chromedriver                        0x000000010f5d1429 chromedriver + 2319401
11  chromedriver                        0x000000010f5dd53f chromedriver + 2368831
12  chromedriver                        0x000000010f5dd150 chromedriver + 2367824
13  chromedriver                        0x000000010f5b823b chromedriver + 2216507
14  chromedriver                        0x000000010f5dda91 chromedriver + 2370193
15  chromedriver                        0x000000010f5c64f9 chromedriver + 2274553
16  chromedriver                        0x000000010f5f3f89 chromedriver + 2461577
17  chromedriver                        0x000000010f6053b3 chromedriver + 2532275
18  libsystem_pthread.dylib             0x00007fff70435109 _pthread_start + 148
19  libsystem_pthread.dylib             0x00007fff70430b8b thread_start + 15

	at org.openqa.selenium.remote.W3CHandshakeResponse.lambda$errorHandler$0(W3CHandshakeResponse.java:62)
	at org.openqa.selenium.remote.HandshakeResponse.lambda$getResponseFunction$0(HandshakeResponse.java:30)
	at org.openqa.selenium.remote.ProtocolHandshake.lambda$createSession$0(ProtocolHandshake.java:126)
	at java.base/java.util.stream.ReferencePipeline$3$1.accept(ReferencePipeline.java:197)
	at java.base/java.util.Spliterators$ArraySpliterator.tryAdvance(Spliterators.java:1002)
	at java.base/java.util.stream.ReferencePipeline.forEachWithCancel(ReferencePipeline.java:129)
	at java.base/java.util.stream.AbstractPipeline.copyIntoWithCancel(AbstractPipeline.java:527)
	at java.base/java.util.stream.AbstractPipeline.copyInto(AbstractPipeline.java:513)
	at java.base/java.util.stream.AbstractPipeline.wrapAndCopyInto(AbstractPipeline.java:499)
	at java.base/java.util.stream.FindOps$FindOp.evaluateSequential(FindOps.java:150)
	at java.base/java.util.stream.AbstractPipeline.evaluate(AbstractPipeline.java:234)
	at java.base/java.util.stream.ReferencePipeline.findFirst(ReferencePipeline.java:647)
	at org.openqa.selenium.remote.ProtocolHandshake.createSession(ProtocolHandshake.java:128)
	at org.openqa.selenium.remote.ProtocolHandshake.createSession(ProtocolHandshake.java:74)
	at org.openqa.selenium.remote.HttpCommandExecutor.execute(HttpCommandExecutor.java:136)
	at org.openqa.selenium.remote.service.DriverCommandExecutor.execute(DriverCommandExecutor.java:83)
	at org.openqa.selenium.remote.RemoteWebDriver.execute(RemoteWebDriver.java:552)
	at org.openqa.selenium.remote.RemoteWebDriver.startSession(RemoteWebDriver.java:213)
	at org.openqa.selenium.remote.RemoteWebDriver.<init>(RemoteWebDriver.java:131)
	at org.openqa.selenium.chrome.ChromeDriver.<init>(ChromeDriver.java:181)
	at org.openqa.selenium.chrome.ChromeDriver.<init>(ChromeDriver.java:168)
	at org.openqa.selenium.chrome.ChromeDriver.<init>(ChromeDriver.java:157)
	at tools.DriverFactory.getDriver(DriverFactory.java:50)
	at tools.BaseTest.setUp(BaseTest.java:15)
	at google.SearchButtonTest.setUp(SearchButtonTest.java:18)
... Removed 29 stack frames]]>
    </failure>
  </testcase> <!-- @BeforeClass setUp -->
  <testcase classname="google.SearchButtonTest" name="@AfterClass tearDown" time="0.0">
    <skipped/>
  </testcase> <!-- @AfterClass tearDown -->
  <testcase classname="google.SearchButtonTest" name="verifySearchButtonIsDisplayed" time="0.0">
    <skipped/>
  </testcase> <!-- verifySearchButtonIsDisplayed -->
</testsuite> <!-- Regression -->
