<?xml version="1.0" encoding="UTF-8"?>
<!-- Generated by org.testng.reporters.JUnitXMLReporter -->
<testsuite ignored="27" hostname="IgNOrEs-iMac.local" failures="2" tests="44" name="Surefire test" time="201.783" errors="0" timestamp="2022-10-03T21:52:42 EEST">
  <testcase classname="tests.SeleniumGridTestBase" name="@BeforeClass setUp" time="0.023">
    <failure type="org.openqa.selenium.remote.UnreachableBrowserException" message="Could not start a new session. Possible causes are invalid address of the remote server or browser start-up failure.
Build info: version: &amp;apos;3.14.0&amp;apos;, revision: &amp;apos;aacccce0&amp;apos;, time: &amp;apos;2018-08-02T20:19:58.91Z&amp;apos;
System info: host: &amp;apos;IgNOrEs-iMac.local&amp;apos;, ip: &amp;apos;fd94:a79a:9ca5:0:0:0:0:a4a%en0&amp;apos;, os.name: &amp;apos;Mac OS X&amp;apos;, os.arch: &amp;apos;x86_64&amp;apos;, os.version: &amp;apos;10.15.7&amp;apos;, java.version: &amp;apos;18.0.1.1&amp;apos;
Driver info: driver.version: RemoteWebDriver">
      <![CDATA[org.openqa.selenium.remote.UnreachableBrowserException: Could not start a new session. Possible causes are invalid address of the remote server or browser start-up failure.
Build info: version: '3.14.0', revision: 'aacccce0', time: '2018-08-02T20:19:58.91Z'
System info: host: 'IgNOrEs-iMac.local', ip: 'fd94:a79a:9ca5:0:0:0:0:a4a%en0', os.name: 'Mac OS X', os.arch: 'x86_64', os.version: '10.15.7', java.version: '18.0.1.1'
Driver info: driver.version: RemoteWebDriver
at org.openqa.selenium.remote.RemoteWebDriver.execute(RemoteWebDriver.java:569)
at org.openqa.selenium.remote.RemoteWebDriver.startSession(RemoteWebDriver.java:212)
at org.openqa.selenium.remote.RemoteWebDriver.<init>(RemoteWebDriver.java:130)
at org.openqa.selenium.remote.RemoteWebDriver.<init>(RemoteWebDriver.java:143)
at tests.SeleniumGridTestBase.setUp(SeleniumGridTestBase.java:31)
at java.base/java.util.ArrayList.forEach(ArrayList.java:1511)
Caused by: java.net.ConnectException: Failed to connect to localhost/[0:0:0:0:0:0:0:1]:4444
at okhttp3.internal.connection.RealConnection.connectSocket(RealConnection.java:242)
at okhttp3.internal.connection.RealConnection.connect(RealConnection.java:160)
at okhttp3.internal.connection.StreamAllocation.findConnection(StreamAllocation.java:257)
at okhttp3.internal.connection.StreamAllocation.findHealthyConnection(StreamAllocation.java:135)
at okhttp3.internal.connection.StreamAllocation.newStream(StreamAllocation.java:114)
at okhttp3.internal.connection.ConnectInterceptor.intercept(ConnectInterceptor.java:42)
at okhttp3.internal.http.RealInterceptorChain.proceed(RealInterceptorChain.java:147)
at okhttp3.internal.http.RealInterceptorChain.proceed(RealInterceptorChain.java:121)
at okhttp3.internal.cache.CacheInterceptor.intercept(CacheInterceptor.java:93)
at okhttp3.internal.http.RealInterceptorChain.proceed(RealInterceptorChain.java:147)
at okhttp3.internal.http.RealInterceptorChain.proceed(RealInterceptorChain.java:121)
at okhttp3.internal.http.BridgeInterceptor.intercept(BridgeInterceptor.java:93)
at okhttp3.internal.http.RealInterceptorChain.proceed(RealInterceptorChain.java:147)
at okhttp3.internal.http.RetryAndFollowUpInterceptor.intercept(RetryAndFollowUpInterceptor.java:126)
at okhttp3.internal.http.RealInterceptorChain.proceed(RealInterceptorChain.java:147)
at okhttp3.internal.http.RealInterceptorChain.proceed(RealInterceptorChain.java:121)
at okhttp3.RealCall.getResponseWithInterceptorChain(RealCall.java:200)
at okhttp3.RealCall.execute(RealCall.java:77)
at org.openqa.selenium.remote.internal.OkHttpClient.execute(OkHttpClient.java:105)
at org.openqa.selenium.remote.ProtocolHandshake.createSession(ProtocolHandshake.java:101)
at org.openqa.selenium.remote.ProtocolHandshake.createSession(ProtocolHandshake.java:73)
at org.openqa.selenium.remote.HttpCommandExecutor.execute(HttpCommandExecutor.java:136)
at org.openqa.selenium.remote.RemoteWebDriver.execute(RemoteWebDriver.java:548)
... 32 more
Caused by: java.net.ConnectException: Connection refused
at java.base/sun.nio.ch.Net.pollConnect(Native Method)
at java.base/sun.nio.ch.Net.pollConnectNow(Net.java:672)
at java.base/sun.nio.ch.NioSocketImpl.timedFinishConnect(NioSocketImpl.java:546)
at java.base/sun.nio.ch.NioSocketImpl.connect(NioSocketImpl.java:594)
at java.base/java.net.SocksSocketImpl.connect(SocksSocketImpl.java:327)
at java.base/java.net.Socket.connect(Socket.java:633)
at okhttp3.internal.platform.Platform.connectSocket(Platform.java:129)
at okhttp3.internal.connection.RealConnection.connectSocket(RealConnection.java:240)
... 54 more
... Removed 27 stack frames]]>
    </failure>
  </testcase> <!-- @BeforeClass setUp -->
  <testcase classname="tests.SeleniumGridTestBase" name="@AfterMethod screenshotOnFailure" time="-1.664823054325E9">
    <skipped/>
  </testcase> <!-- @AfterMethod screenshotOnFailure -->
  <testcase classname="tests.SeleniumGridTestBase" name="@AfterMethod screenshotOnFailure" time="-1.66482305433E9">
    <skipped/>
  </testcase> <!-- @AfterMethod screenshotOnFailure -->
  <testcase classname="tests.SeleniumGridTestBase" name="@AfterMethod screenshotOnFailure" time="-1.664823054335E9">
    <skipped/>
  </testcase> <!-- @AfterMethod screenshotOnFailure -->
  <testcase classname="tests.SeleniumGridTestBase" name="@AfterMethod screenshotOnFailure" time="-1.664823054339E9">
    <skipped/>
  </testcase> <!-- @AfterMethod screenshotOnFailure -->
  <testcase classname="tests.SeleniumGridTestBase" name="@AfterClass stopDriver" time="-1.66482305434E9">
    <skipped/>
  </testcase> <!-- @AfterClass stopDriver -->
  <testcase classname="tests.WishlistPageTest" name="searchForItemUsingAutoSuggession" time="4.242"/>
  <testcase classname="tests.WishlistPageTest" name="addProductTowishlist" time="4.189"/>
  <testcase classname="tests.WishlistPageTest" name="removeProductFromWishlist" time="5.797"/>
  <testcase classname="tests.GuestCheckoutTest" name="searchForItemAndAddItToCart" time="5.913"/>
  <testcase classname="tests.GuestCheckoutTest" name="userCanAddToCart" time="7.96"/>
  <testcase classname="tests.GuestCheckoutTest" name="guestUserCanCheckout" time="17.027"/>
  <testcase classname="tests.GuestCheckoutTest" name="downloadAndPrintInvoice" time="9.601"/>
  <testcase classname="tests.EmailFriendPageTest" name="testRegistrationPage" time="3.966"/>
  <testcase classname="tests.EmailFriendPageTest" name="searchForItem" time="8.751"/>
  <testcase classname="tests.EmailFriendPageTest" name="emailAFriend" time="3.987"/>
  <testcase classname="tests.EmailFriendPageTest" name="testClickingLogout" time="5.737"/>
  <testcase classname="tests.ChangeCurrencyTest" name="userCanChangecurrency" time="0.678"/>
  <testcase classname="tests.ChangeCurrencyTest" name="searchForItemUsingAutoSuggession" time="3.73">
    <failure type="java.lang.AssertionError" message="expected [true] but found [false]">
      <![CDATA[java.lang.AssertionError: expected [true] but found [false]
at tests.ChangeCurrencyTest.searchForItemUsingAutoSuggession(ChangeCurrencyTest.java:43)
at java.base/java.util.ArrayList.forEach(ArrayList.java:1511)
... Removed 33 stack frames]]>
    </failure>
  </testcase> <!-- searchForItemUsingAutoSuggession -->
  <testcase classname="tests.ChangeCurrencyTest" name="userCanChangecurrencyAgain" time="5.919"/>
  <testcase classname="tests.SeleniumGridRegistrationTest" name="testRegistrationPage" time="0.0">
    <skipped/>
  </testcase> <!-- testRegistrationPage -->
  <testcase classname="tests.SeleniumGridRegistrationTest" name="testClickingLogout" time="0.0">
    <skipped/>
  </testcase> <!-- testClickingLogout -->
  <testcase classname="tests.SeleniumGridRegistrationTest" name="testClickingLogin" time="0.0">
    <skipped/>
  </testcase> <!-- testClickingLogin -->
  <testcase classname="tests.SeleniumGridRegistrationTest" name="testClickingLogoutAgain" time="0.0">
    <skipped/>
  </testcase> <!-- testClickingLogoutAgain -->
  <testcase classname="tests.RegisteredUserCheckoutTest" name="testRegistrationPage" time="1.564"/>
  <testcase classname="tests.RegisteredUserCheckoutTest" name="searchForItemAndAddItToCart" time="4.17"/>
  <testcase classname="tests.RegisteredUserCheckoutTest" name="userCanAddToCart" time="7.938"/>
  <testcase classname="tests.RegisteredUserCheckoutTest" name="downloadAndPrintInvoice" time="2.006">
    <failure type="java.lang.NullPointerException" message="Cannot invoke &amp;quot;pages.CheckoutPage.clickOrderDetailsLink()&amp;quot; because &amp;quot;this.checkout&amp;quot; is null">
      <![CDATA[java.lang.NullPointerException: Cannot invoke "pages.CheckoutPage.clickOrderDetailsLink()" because "this.checkout" is null
at tests.RegisteredUserCheckoutTest.downloadAndPrintInvoice(RegisteredUserCheckoutTest.java:92)
at java.base/java.util.ArrayList.forEach(ArrayList.java:1511)
... Removed 29 stack frames]]>
    </failure>
  </testcase> <!-- downloadAndPrintInvoice -->
  <testcase classname="tests.RegisteredUserCheckoutTest" name="testClickingLogout" time="5.711"/>
  <testcase classname="tests.HoverMenuTest" name="userCanHoverMenu" time="1.222"/>
  <testcase classname="tests.ContactUsPageTest" name="fillContactUsForm" time="2.483"/>
  <testcase classname="tests.RegistrationPageTest" name="testRegistrationPage" time="3.65"/>
  <testcase classname="tests.RegistrationPageTest" name="testClickingLogout" time="5.725"/>
  <testcase classname="tests.RegistrationPageTest" name="testClickingLogin" time="1.288"/>
  <testcase classname="tests.RegistrationPageTest" name="testClickingLogoutAgain" time="0.645"/>
  <testcase classname="tests.AddToCompareListTest" name="searchForItemsAndAddThemToCompareList" time="14.757"/>
  <testcase classname="tests.AddToCompareListTest" name="clearCompareListItems" time="5.665"/>
  <testcase classname="tests.AddToCartPageTest" name="searchForItemAndAddItToCart" time="3.697"/>
  <testcase classname="tests.AddToCartPageTest" name="userCanAddToCart" time="2.846"/>
  <testcase classname="tests.AddToCartPageTest" name="userCanChangeQuantity" time="5.578"/>
  <testcase classname="tests.AddToCartPageTest" name="userCanClearCart" time="1.791"/>
  <testcase classname="tests.AddReviewPageTest" name="testRegistrationPage" time="1.483"/>
  <testcase classname="tests.AddReviewPageTest" name="searchForItem" time="3.729"/>
  <testcase classname="tests.AddReviewPageTest" name="addProductReview" time="6.162"/>
  <testcase classname="tests.AddReviewPageTest" name="testClickingLogout" time="0.676"/>
  <testcase classname="tests.SearchPageTest" name="searchForItemUsingAutoSuggession" time="3.792"/>
  <testcase classname="tests.MyAccountPageTest" name="testRegistrationPage" time="6.472"/>
  <testcase classname="tests.MyAccountPageTest" name="testChangePassword" time="5.239"/>
  <testcase classname="tests.MyAccountPageTest" name="testClickingLogout" time="7.759"/>
  <testcase classname="tests.MyAccountPageTest" name="testClickingLogin" time="1.929"/>
  <testcase classname="tests.TestBase" name="@AfterSuite stopDriver" time="0.0">
    <ignored/>
  </testcase> <!-- @AfterSuite stopDriver -->
  <testcase classname="tests.TestBase" name="@AfterSuite stopDriver" time="0.0">
    <ignored/>
  </testcase> <!-- @AfterSuite stopDriver -->
  <testcase classname="tests.TestBase" name="@AfterSuite stopDriver" time="0.0">
    <ignored/>
  </testcase> <!-- @AfterSuite stopDriver -->
  <testcase classname="tests.TestBase" name="@AfterSuite stopDriver" time="0.0">
    <ignored/>
  </testcase> <!-- @AfterSuite stopDriver -->
  <testcase classname="tests.TestBase" name="@AfterSuite stopDriver" time="0.0">
    <ignored/>
  </testcase> <!-- @AfterSuite stopDriver -->
  <testcase classname="tests.TestBase" name="@AfterSuite stopDriver" time="0.0">
    <ignored/>
  </testcase> <!-- @AfterSuite stopDriver -->
  <testcase classname="tests.TestBase" name="@AfterSuite stopDriver" time="0.0">
    <ignored/>
  </testcase> <!-- @AfterSuite stopDriver -->
  <testcase classname="tests.TestBase" name="@AfterSuite stopDriver" time="0.0">
    <ignored/>
  </testcase> <!-- @AfterSuite stopDriver -->
  <testcase classname="tests.TestBase" name="@AfterSuite stopDriver" time="0.0">
    <ignored/>
  </testcase> <!-- @AfterSuite stopDriver -->
  <testcase classname="tests.TestBase" name="@AfterSuite stopDriver" time="0.0">
    <ignored/>
  </testcase> <!-- @AfterSuite stopDriver -->
  <testcase classname="tests.TestBase" name="@AfterSuite stopDriver" time="0.0">
    <ignored/>
  </testcase> <!-- @AfterSuite stopDriver -->
  <testcase classname="tests.TestBase" name="@AfterSuite stopDriver" time="0.0">
    <ignored/>
  </testcase> <!-- @AfterSuite stopDriver -->
  <testcase classname="tests.TestBase" name="@AfterSuite stopDriver" time="0.0">
    <ignored/>
  </testcase> <!-- @AfterSuite stopDriver -->
  <testcase classname="tests.SearchPageTest" name="searchForItemUsingSearchBtn" time="0.0">
    <ignored/>
  </testcase> <!-- searchForItemUsingSearchBtn -->
  <testcase classname="tests.TestBase" name="@BeforeSuite startDriver" time="0.0">
    <ignored/>
  </testcase> <!-- @BeforeSuite startDriver -->
  <testcase classname="tests.TestBase" name="@BeforeSuite startDriver" time="0.0">
    <ignored/>
  </testcase> <!-- @BeforeSuite startDriver -->
  <testcase classname="tests.TestBase" name="@BeforeSuite startDriver" time="0.0">
    <ignored/>
  </testcase> <!-- @BeforeSuite startDriver -->
  <testcase classname="tests.TestBase" name="@BeforeSuite startDriver" time="0.0">
    <ignored/>
  </testcase> <!-- @BeforeSuite startDriver -->
  <testcase classname="tests.TestBase" name="@BeforeSuite startDriver" time="0.0">
    <ignored/>
  </testcase> <!-- @BeforeSuite startDriver -->
  <testcase classname="tests.TestBase" name="@BeforeSuite startDriver" time="0.0">
    <ignored/>
  </testcase> <!-- @BeforeSuite startDriver -->
  <testcase classname="tests.TestBase" name="@BeforeSuite startDriver" time="0.0">
    <ignored/>
  </testcase> <!-- @BeforeSuite startDriver -->
  <testcase classname="tests.TestBase" name="@BeforeSuite startDriver" time="0.0">
    <ignored/>
  </testcase> <!-- @BeforeSuite startDriver -->
  <testcase classname="tests.TestBase" name="@BeforeSuite startDriver" time="0.0">
    <ignored/>
  </testcase> <!-- @BeforeSuite startDriver -->
  <testcase classname="tests.TestBase" name="@BeforeSuite startDriver" time="0.0">
    <ignored/>
  </testcase> <!-- @BeforeSuite startDriver -->
  <testcase classname="tests.TestBase" name="@BeforeSuite startDriver" time="0.0">
    <ignored/>
  </testcase> <!-- @BeforeSuite startDriver -->
  <testcase classname="tests.TestBase" name="@BeforeSuite startDriver" time="0.0">
    <ignored/>
  </testcase> <!-- @BeforeSuite startDriver -->
  <testcase classname="tests.TestBase" name="@BeforeSuite startDriver" time="0.0">
    <ignored/>
  </testcase> <!-- @BeforeSuite startDriver -->
</testsuite> <!-- Surefire test -->
